Add Pin To Net: Unknown Pin: Pin C1-1
Add Pin To Net: Unknown Pin: Pin C1-2
Add Pin To Net: Unknown Pin: Pin C2-1
Add Pin To Net: Unknown Pin: Pin C2-2
Add Pin To Net: Unknown Pin: Pin C3-1
Add Pin To Net: Unknown Pin: Pin C3-2
Add Pin To Net: Unknown Pin: Pin C4-1
Add Pin To Net: Unknown Pin: Pin C4-2
Add Pin To Net: Unknown Pin: Pin C5-1
Add Pin To Net: Unknown Pin: Pin C5-2
Add Pin To Net: Unknown Pin: Pin C6-1
Add Pin To Net: Unknown Pin: Pin C6-2
Add Pin To Net: Unknown Pin: Pin C7-1
Add Pin To Net: Unknown Pin: Pin C7-2
Add Pin To Net: Unknown Pin: Pin C8-1
Add Pin To Net: Unknown Pin: Pin C8-2
Add Pin To Net: Unknown Pin: Pin C*_U_LED_Channel1-1
Add Pin To Net: Unknown Pin: Pin C*_U_LED_Channel1-2
Add Pin To Net: Unknown Pin: Pin C*_U_LED_Channel2-1
Add Pin To Net: Unknown Pin: Pin C*_U_LED_Channel2-2
Add Pin To Net: Unknown Pin: Pin C*_U_LED_Channel3-1
Add Pin To Net: Unknown Pin: Pin C*_U_LED_Channel3-2
Add Pin To Net: Unknown Pin: Pin C*_U_LED_Channel4-1
Add Pin To Net: Unknown Pin: Pin C*_U_LED_Channel4-2
Add Pin To Net: Unknown Pin: Pin C*_U_LED_Channel5-1
Add Pin To Net: Unknown Pin: Pin C*_U_LED_Channel5-2
Add Pin To Net: Unknown Pin: Pin C*_U_LED_Channel6-1
Add Pin To Net: Unknown Pin: Pin C*_U_LED_Channel6-2
Add Pin To Net: Unknown Pin: Pin C*_U_LED_Channel7-1
Add Pin To Net: Unknown Pin: Pin C*_U_LED_Channel7-2
Add Pin To Net: Unknown Pin: Pin C*_U_LED_Channel8-1
Add Pin To Net: Unknown Pin: Pin C*_U_LED_Channel8-2
Add Pin To Net: Unknown Pin: Pin C*_U_LED_Channel9-1
Add Pin To Net: Unknown Pin: Pin C*_U_LED_Channel9-2
Add Pin To Net: Unknown Pin: Pin C*_U_LED_Channel10-1
Add Pin To Net: Unknown Pin: Pin C*_U_LED_Channel10-2
Add Pin To Net: Unknown Pin: Pin C*_U_LED_Channel11-1
Add Pin To Net: Unknown Pin: Pin C*_U_LED_Channel11-2
Add Pin To Net: Unknown Pin: Pin C*_U_LED_Channel12-1
Add Pin To Net: Unknown Pin: Pin C*_U_LED_Channel12-2
Add Pin To Net: Unknown Pin: Pin C*_U_LED_Channel13-1
Add Pin To Net: Unknown Pin: Pin C*_U_LED_Channel13-2
Add Pin To Net: Unknown Pin: Pin C*_U_LED_Channel14-1
Add Pin To Net: Unknown Pin: Pin C*_U_LED_Channel14-2
Add Pin To Net: Unknown Pin: Pin C*_U_LED_Channel15-1
Add Pin To Net: Unknown Pin: Pin C*_U_LED_Channel15-2
Add Pin To Net: Unknown Pin: Pin C*_U_LED_Channel16-1
Add Pin To Net: Unknown Pin: Pin C*_U_LED_Channel16-2
Add Pin To Net: Unknown Pin: Pin C*_U_LED_Channel17-1
Add Pin To Net: Unknown Pin: Pin C*_U_LED_Channel17-2
Add Pin To Net: Unknown Pin: Pin C*_U_LED_Channel18-1
Add Pin To Net: Unknown Pin: Pin C*_U_LED_Channel18-2
Add Pin To Net: Unknown Pin: Pin C*_U_LED_Channel19-1
Add Pin To Net: Unknown Pin: Pin C*_U_LED_Channel19-2
Add Pin To Net: Unknown Pin: Pin C*_U_LED_Channel20-1
Add Pin To Net: Unknown Pin: Pin C*_U_LED_Channel20-2
Add Pin To Net: Unknown Pin: Pin C*_U_LED_Channel21-1
Add Pin To Net: Unknown Pin: Pin C*_U_LED_Channel21-2
Add Pin To Net: Unknown Pin: Pin C*_U_LED_Channel22-1
Add Pin To Net: Unknown Pin: Pin C*_U_LED_Channel22-2
Add Pin To Net: Unknown Pin: Pin C*_U_LED_Channel23-1
Add Pin To Net: Unknown Pin: Pin C*_U_LED_Channel23-2
Add Pin To Net: Unknown Pin: Pin C*_U_LED_Channel24-1
Add Pin To Net: Unknown Pin: Pin C*_U_LED_Channel24-2
Add Pin To Net: Unknown Pin: Pin C*_U_LED_Channel25-1
Add Pin To Net: Unknown Pin: Pin C*_U_LED_Channel25-2
Add Pin To Net: Unknown Pin: Pin C*_U_LED_Channel26-1
Add Pin To Net: Unknown Pin: Pin C*_U_LED_Channel26-2
Add Pin To Net: Unknown Pin: Pin C*_U_LED_Channel27-1
Add Pin To Net: Unknown Pin: Pin C*_U_LED_Channel27-2
Add Pin To Net: Unknown Pin: Pin C*_U_LED_Channel28-1
Add Pin To Net: Unknown Pin: Pin C*_U_LED_Channel28-2
Add Pin To Net: Unknown Pin: Pin C*_U_LED_Channel29-1
Add Pin To Net: Unknown Pin: Pin C*_U_LED_Channel29-2
Add Pin To Net: Unknown Pin: Pin C*_U_LED_Channel30-1
Add Pin To Net: Unknown Pin: Pin C*_U_LED_Channel30-2
Add Pin To Net: Unknown Pin: Pin C*_U_LED_Channel31-1
Add Pin To Net: Unknown Pin: Pin C*_U_LED_Channel31-2
Add Pin To Net: Unknown Pin: Pin C*_U_LED_Channel32-1
Add Pin To Net: Unknown Pin: Pin C*_U_LED_Channel32-2
Add Pin To Net: Unknown Pin: Pin C*_U_LED_Channel33-1
Add Pin To Net: Unknown Pin: Pin C*_U_LED_Channel33-2
Add Pin To Net: Unknown Pin: Pin C*_U_LED_Channel34-1
Add Pin To Net: Unknown Pin: Pin C*_U_LED_Channel34-2
Add Pin To Net: Unknown Pin: Pin C*_U_LED_Channel35-1
Add Pin To Net: Unknown Pin: Pin C*_U_LED_Channel35-2
Add Pin To Net: Unknown Pin: Pin C*_U_LED_Channel36-1
Add Pin To Net: Unknown Pin: Pin C*_U_LED_Channel36-2
Add Pin To Net: Unknown Pin: Pin C*_U_LED_Channel37-1
Add Pin To Net: Unknown Pin: Pin C*_U_LED_Channel37-2
Add Pin To Net: Unknown Pin: Pin C*_U_LED_Channel38-1
Add Pin To Net: Unknown Pin: Pin C*_U_LED_Channel38-2
Add Pin To Net: Unknown Pin: Pin C*_U_LED_Channel39-1
Add Pin To Net: Unknown Pin: Pin C*_U_LED_Channel39-2
Add Pin To Net: Unknown Pin: Pin C*_U_LED_Channel40-1
Add Pin To Net: Unknown Pin: Pin C*_U_LED_Channel40-2
Add Pin To Net: Unknown Pin: Pin C*_U_LED_Channel41-1
Add Pin To Net: Unknown Pin: Pin C*_U_LED_Channel41-2
Add Pin To Net: Unknown Pin: Pin C*_U_LED_Channel42-1
Add Pin To Net: Unknown Pin: Pin C*_U_LED_Channel42-2
Add Pin To Net: Unknown Pin: Pin C*_U_LED_Channel43-1
Add Pin To Net: Unknown Pin: Pin C*_U_LED_Channel43-2
Add Pin To Net: Unknown Pin: Pin C*_U_LED_Channel44-1
Add Pin To Net: Unknown Pin: Pin C*_U_LED_Channel44-2
Add Pin To Net: Unknown Pin: Pin C*_U_LED_Channel45-1
Add Pin To Net: Unknown Pin: Pin C*_U_LED_Channel45-2
Add Pin To Net: Unknown Pin: Pin C*_U_LED_Channel46-1
Add Pin To Net: Unknown Pin: Pin C*_U_LED_Channel46-2
Add Pin To Net: Unknown Pin: Pin C*_U_LED_Channel47-1
Add Pin To Net: Unknown Pin: Pin C*_U_LED_Channel47-2
Add Pin To Net: Unknown Pin: Pin C*_U_LED_Channel48-1
Add Pin To Net: Unknown Pin: Pin C*_U_LED_Channel48-2
Add Pin To Net: Unknown Pin: Pin C*_U_LED_Channel49-1
Add Pin To Net: Unknown Pin: Pin C*_U_LED_Channel49-2
Add Pin To Net: Unknown Pin: Pin C*_U_LED_Channel50-1
Add Pin To Net: Unknown Pin: Pin C*_U_LED_Channel50-2
Add Pin To Net: Unknown Pin: Pin C*_U_LED_Channel51-1
Add Pin To Net: Unknown Pin: Pin C*_U_LED_Channel51-2
Add Pin To Net: Unknown Pin: Pin C*_U_LED_Channel52-1
Add Pin To Net: Unknown Pin: Pin C*_U_LED_Channel52-2
Add Pin To Net: Unknown Pin: Pin C*_U_LED_Channel53-1
Add Pin To Net: Unknown Pin: Pin C*_U_LED_Channel53-2
Add Pin To Net: Unknown Pin: Pin C*_U_LED_Channel54-1
Add Pin To Net: Unknown Pin: Pin C*_U_LED_Channel54-2
Add Pin To Net: Unknown Pin: Pin C*_U_LED_Channel55-1
Add Pin To Net: Unknown Pin: Pin C*_U_LED_Channel55-2
Add Pin To Net: Unknown Pin: Pin C*_U_LED_Channel56-1
Add Pin To Net: Unknown Pin: Pin C*_U_LED_Channel56-2
Add Pin To Net: Unknown Pin: Pin C*_U_LED_Channel57-1
Add Pin To Net: Unknown Pin: Pin C*_U_LED_Channel57-2
Add Pin To Net: Unknown Pin: Pin C*_U_LED_Channel58-1
Add Pin To Net: Unknown Pin: Pin C*_U_LED_Channel58-2
Add Pin To Net: Unknown Pin: Pin C*_U_LED_Channel59-1
Add Pin To Net: Unknown Pin: Pin C*_U_LED_Channel59-2
Add Pin To Net: Unknown Pin: Pin C*_U_LED_Channel60-1
Add Pin To Net: Unknown Pin: Pin C*_U_LED_Channel60-2
Add Pin To Net: Unknown Pin: Pin C*_U_LED_Channel61-1
Add Pin To Net: Unknown Pin: Pin C*_U_LED_Channel61-2
Add Pin To Net: Unknown Pin: Pin C*_U_LED_Channel62-1
Add Pin To Net: Unknown Pin: Pin C*_U_LED_Channel62-2
Add Pin To Net: Unknown Pin: Pin C*_U_LED_Channel63-1
Add Pin To Net: Unknown Pin: Pin C*_U_LED_Channel63-2
Add Pin To Net: Unknown Pin: Pin C*_U_LED_Channel64-1
Add Pin To Net: Unknown Pin: Pin C*_U_LED_Channel64-2
Add Pin To Net: Unknown Pin: Pin D1-1
Add Pin To Net: Unknown Pin: Pin D1-2
Add Pin To Net: Unknown Pin: Pin D2-1
Add Pin To Net: Unknown Pin: Pin D2-2
Add Pin To Net: Unknown Pin: Pin D3-1
Add Pin To Net: Unknown Pin: Pin D3-2
Add Pin To Net: Unknown Pin: Pin D4-1
Add Pin To Net: Unknown Pin: Pin D4-2
Add Pin To Net: Unknown Pin: Pin D5-1
Add Pin To Net: Unknown Pin: Pin D5-2
Add Pin To Net: Unknown Pin: Pin D6-1
Add Pin To Net: Unknown Pin: Pin D6-2
Add Pin To Net: Unknown Pin: Pin D7-1
Add Pin To Net: Unknown Pin: Pin D7-2
Add Pin To Net: Unknown Pin: Pin D8-1
Add Pin To Net: Unknown Pin: Pin D8-2
Add Pin To Net: Unknown Pin: Pin D9-1
Add Pin To Net: Unknown Pin: Pin D9-2
Add Pin To Net: Unknown Pin: Pin D10-1
Add Pin To Net: Unknown Pin: Pin D10-2
Add Pin To Net: Unknown Pin: Pin D11-1
Add Pin To Net: Unknown Pin: Pin D11-2
Add Pin To Net: Unknown Pin: Pin D12-1
Add Pin To Net: Unknown Pin: Pin D12-2
Add Pin To Net: Unknown Pin: Pin D13-1
Add Pin To Net: Unknown Pin: Pin D13-2
Add Pin To Net: Unknown Pin: Pin D14-1
Add Pin To Net: Unknown Pin: Pin D14-2
Add Pin To Net: Unknown Pin: Pin D15-1
Add Pin To Net: Unknown Pin: Pin D15-2
Add Pin To Net: Unknown Pin: Pin D16-1
Add Pin To Net: Unknown Pin: Pin D16-2
Add Pin To Net: Unknown Pin: Pin D17-1
Add Pin To Net: Unknown Pin: Pin D17-2
Add Pin To Net: Unknown Pin: Pin D18-1
Add Pin To Net: Unknown Pin: Pin D18-2
Add Pin To Net: Unknown Pin: Pin D19-1
Add Pin To Net: Unknown Pin: Pin D19-2
Add Pin To Net: Unknown Pin: Pin D20-1
Add Pin To Net: Unknown Pin: Pin D20-2
Add Pin To Net: Unknown Pin: Pin D21-1
Add Pin To Net: Unknown Pin: Pin D21-2
Add Pin To Net: Unknown Pin: Pin D22-1
Add Pin To Net: Unknown Pin: Pin D22-2
Add Pin To Net: Unknown Pin: Pin D23-1
Add Pin To Net: Unknown Pin: Pin D23-2
Add Pin To Net: Unknown Pin: Pin D24-1
Add Pin To Net: Unknown Pin: Pin D24-2
Add Pin To Net: Unknown Pin: Pin D25-1
Add Pin To Net: Unknown Pin: Pin D25-2
Add Pin To Net: Unknown Pin: Pin D26-1
Add Pin To Net: Unknown Pin: Pin D26-2
Add Pin To Net: Unknown Pin: Pin D27-1
Add Pin To Net: Unknown Pin: Pin D27-2
Add Pin To Net: Unknown Pin: Pin D28-1
Add Pin To Net: Unknown Pin: Pin D28-2
Add Pin To Net: Unknown Pin: Pin D29-1
Add Pin To Net: Unknown Pin: Pin D29-2
Add Pin To Net: Unknown Pin: Pin D30-1
Add Pin To Net: Unknown Pin: Pin D30-2
Add Pin To Net: Unknown Pin: Pin D31-1
Add Pin To Net: Unknown Pin: Pin D31-2
Add Pin To Net: Unknown Pin: Pin D32-1
Add Pin To Net: Unknown Pin: Pin D32-2
Add Pin To Net: Unknown Pin: Pin D33-1
Add Pin To Net: Unknown Pin: Pin D33-2
Add Pin To Net: Unknown Pin: Pin D34-1
Add Pin To Net: Unknown Pin: Pin D34-2
Add Pin To Net: Unknown Pin: Pin D35-1
Add Pin To Net: Unknown Pin: Pin D35-2
Add Pin To Net: Unknown Pin: Pin D36-1
Add Pin To Net: Unknown Pin: Pin D36-2
Add Pin To Net: Unknown Pin: Pin D37-1
Add Pin To Net: Unknown Pin: Pin D37-2
Add Pin To Net: Unknown Pin: Pin D38-1
Add Pin To Net: Unknown Pin: Pin D38-2
Add Pin To Net: Unknown Pin: Pin D39-1
Add Pin To Net: Unknown Pin: Pin D39-2
Add Pin To Net: Unknown Pin: Pin D40-1
Add Pin To Net: Unknown Pin: Pin D40-2
Add Pin To Net: Unknown Pin: Pin D41-1
Add Pin To Net: Unknown Pin: Pin D41-2
Add Pin To Net: Unknown Pin: Pin D42-1
Add Pin To Net: Unknown Pin: Pin D42-2
Add Pin To Net: Unknown Pin: Pin D43-1
Add Pin To Net: Unknown Pin: Pin D43-2
Add Pin To Net: Unknown Pin: Pin D44-1
Add Pin To Net: Unknown Pin: Pin D44-2
Add Pin To Net: Unknown Pin: Pin D45-1
Add Pin To Net: Unknown Pin: Pin D45-2
Add Pin To Net: Unknown Pin: Pin D46-1
Add Pin To Net: Unknown Pin: Pin D46-2
Add Pin To Net: Unknown Pin: Pin D47-1
Add Pin To Net: Unknown Pin: Pin D47-2
Add Pin To Net: Unknown Pin: Pin D48-1
Add Pin To Net: Unknown Pin: Pin D48-2
Add Pin To Net: Unknown Pin: Pin D49-1
Add Pin To Net: Unknown Pin: Pin D49-2
Add Pin To Net: Unknown Pin: Pin D50-1
Add Pin To Net: Unknown Pin: Pin D50-2
Add Pin To Net: Unknown Pin: Pin D51-1
Add Pin To Net: Unknown Pin: Pin D51-2
Add Pin To Net: Unknown Pin: Pin D52-1
Add Pin To Net: Unknown Pin: Pin D52-2
Add Pin To Net: Unknown Pin: Pin D53-1
Add Pin To Net: Unknown Pin: Pin D53-2
Add Pin To Net: Unknown Pin: Pin D54-1
Add Pin To Net: Unknown Pin: Pin D54-2
Add Pin To Net: Unknown Pin: Pin D55-1
Add Pin To Net: Unknown Pin: Pin D55-2
Add Pin To Net: Unknown Pin: Pin D56-1
Add Pin To Net: Unknown Pin: Pin D56-2
Add Pin To Net: Unknown Pin: Pin D57-1
Add Pin To Net: Unknown Pin: Pin D57-2
Add Pin To Net: Unknown Pin: Pin D58-1
Add Pin To Net: Unknown Pin: Pin D58-2
Add Pin To Net: Unknown Pin: Pin D59-1
Add Pin To Net: Unknown Pin: Pin D59-2
Add Pin To Net: Unknown Pin: Pin D60-1
Add Pin To Net: Unknown Pin: Pin D60-2
Add Pin To Net: Unknown Pin: Pin D61-1
Add Pin To Net: Unknown Pin: Pin D61-2
Add Pin To Net: Unknown Pin: Pin D62-1
Add Pin To Net: Unknown Pin: Pin D62-2
Add Pin To Net: Unknown Pin: Pin D63-1
Add Pin To Net: Unknown Pin: Pin D63-2
Add Pin To Net: Unknown Pin: Pin D64-1
Add Pin To Net: Unknown Pin: Pin D64-2
Add Pin To Net: Unknown Pin: Pin J2-1
Add Pin To Net: Unknown Pin: Pin J2-2
Add Pin To Net: Unknown Pin: Pin J2-3
Add Pin To Net: Unknown Pin: Pin J2-4
Add Pin To Net: Unknown Pin: Pin J2-5
Add Pin To Net: Unknown Pin: Pin MH1-1
Add Pin To Net: Unknown Pin: Pin MH2-1
Add Pin To Net: Unknown Pin: Pin MH3-1
Add Pin To Net: Unknown Pin: Pin MH4-1
Add Pin To Net: Unknown Pin: Pin MH5-1
Add Pin To Net: Unknown Pin: Pin MH6-1
Add Pin To Net: Unknown Pin: Pin MH7-1
Add Pin To Net: Unknown Pin: Pin MH8-1
Add Pin To Net: Unknown Pin: Pin MH9-1
Add Pin To Net: Unknown Pin: Pin MH10-1
Add Pin To Net: Unknown Pin: Pin MH11-1
Add Pin To Net: Unknown Pin: Pin MH12-1
Add Pin To Net: Unknown Pin: Pin MH13-1
Add Pin To Net: Unknown Pin: Pin MH14-1
Add Pin To Net: Unknown Pin: Pin MH15-1
Add Pin To Net: Unknown Pin: Pin MH16-1
Add Pin To Net: Unknown Pin: Pin MH17-1
Add Pin To Net: Unknown Pin: Pin MH18-1
Add Pin To Net: Unknown Pin: Pin MH19-1
Add Pin To Net: Unknown Pin: Pin MH20-1
Add Pin To Net: Unknown Pin: Pin MH21-1
Add Pin To Net: Unknown Pin: Pin MH22-1
Add Pin To Net: Unknown Pin: Pin MH23-1
Add Pin To Net: Unknown Pin: Pin R1-1
Add Pin To Net: Unknown Pin: Pin R1-2
Add Pin To Net: Unknown Pin: Pin S1-1
Add Pin To Net: Unknown Pin: Pin S1-2
Add Pin To Net: Unknown Pin: Pin S2-1
Add Pin To Net: Unknown Pin: Pin S2-2
Add Pin To Net: Unknown Pin: Pin S3-1
Add Pin To Net: Unknown Pin: Pin S3-2
Add Pin To Net: Unknown Pin: Pin S4-1
Add Pin To Net: Unknown Pin: Pin S4-2
Add Pin To Net: Unknown Pin: Pin S5-1
Add Pin To Net: Unknown Pin: Pin S5-2
Add Pin To Net: Unknown Pin: Pin S6-1
Add Pin To Net: Unknown Pin: Pin S6-2
Add Pin To Net: Unknown Pin: Pin S7-1
Add Pin To Net: Unknown Pin: Pin S7-2
Add Pin To Net: Unknown Pin: Pin S8-1
Add Pin To Net: Unknown Pin: Pin S8-2
Add Pin To Net: Unknown Pin: Pin S9-1
Add Pin To Net: Unknown Pin: Pin S9-2
Add Pin To Net: Unknown Pin: Pin S10-1
Add Pin To Net: Unknown Pin: Pin S10-2
Add Pin To Net: Unknown Pin: Pin S11-1
Add Pin To Net: Unknown Pin: Pin S11-2
Add Pin To Net: Unknown Pin: Pin S12-1
Add Pin To Net: Unknown Pin: Pin S12-2
Add Pin To Net: Unknown Pin: Pin S13-1
Add Pin To Net: Unknown Pin: Pin S13-2
Add Pin To Net: Unknown Pin: Pin S14-1
Add Pin To Net: Unknown Pin: Pin S14-2
Add Pin To Net: Unknown Pin: Pin S15-1
Add Pin To Net: Unknown Pin: Pin S15-2
Add Pin To Net: Unknown Pin: Pin S16-1
Add Pin To Net: Unknown Pin: Pin S16-2
Add Pin To Net: Unknown Pin: Pin S17-1
Add Pin To Net: Unknown Pin: Pin S17-2
Add Pin To Net: Unknown Pin: Pin S18-1
Add Pin To Net: Unknown Pin: Pin S18-2
Add Pin To Net: Unknown Pin: Pin S19-1
Add Pin To Net: Unknown Pin: Pin S19-2
Add Pin To Net: Unknown Pin: Pin S20-1
Add Pin To Net: Unknown Pin: Pin S20-2
Add Pin To Net: Unknown Pin: Pin S21-1
Add Pin To Net: Unknown Pin: Pin S21-2
Add Pin To Net: Unknown Pin: Pin S22-1
Add Pin To Net: Unknown Pin: Pin S22-2
Add Pin To Net: Unknown Pin: Pin S23-1
Add Pin To Net: Unknown Pin: Pin S23-2
Add Pin To Net: Unknown Pin: Pin S24-1
Add Pin To Net: Unknown Pin: Pin S24-2
Add Pin To Net: Unknown Pin: Pin S25-1
Add Pin To Net: Unknown Pin: Pin S25-2
Add Pin To Net: Unknown Pin: Pin S26-1
Add Pin To Net: Unknown Pin: Pin S26-2
Add Pin To Net: Unknown Pin: Pin S27-1
Add Pin To Net: Unknown Pin: Pin S27-2
Add Pin To Net: Unknown Pin: Pin S28-1
Add Pin To Net: Unknown Pin: Pin S28-2
Add Pin To Net: Unknown Pin: Pin S29-1
Add Pin To Net: Unknown Pin: Pin S29-2
Add Pin To Net: Unknown Pin: Pin S30-1
Add Pin To Net: Unknown Pin: Pin S30-2
Add Pin To Net: Unknown Pin: Pin S31-1
Add Pin To Net: Unknown Pin: Pin S31-2
Add Pin To Net: Unknown Pin: Pin S32-1
Add Pin To Net: Unknown Pin: Pin S32-2
Add Pin To Net: Unknown Pin: Pin S33-1
Add Pin To Net: Unknown Pin: Pin S33-2
Add Pin To Net: Unknown Pin: Pin S34-1
Add Pin To Net: Unknown Pin: Pin S34-2
Add Pin To Net: Unknown Pin: Pin S35-1
Add Pin To Net: Unknown Pin: Pin S35-2
Add Pin To Net: Unknown Pin: Pin S36-1
Add Pin To Net: Unknown Pin: Pin S36-2
Add Pin To Net: Unknown Pin: Pin S37-1
Add Pin To Net: Unknown Pin: Pin S37-2
Add Pin To Net: Unknown Pin: Pin S38-1
Add Pin To Net: Unknown Pin: Pin S38-2
Add Pin To Net: Unknown Pin: Pin S39-1
Add Pin To Net: Unknown Pin: Pin S39-2
Add Pin To Net: Unknown Pin: Pin S40-1
Add Pin To Net: Unknown Pin: Pin S40-2
Add Pin To Net: Unknown Pin: Pin S41-1
Add Pin To Net: Unknown Pin: Pin S41-2
Add Pin To Net: Unknown Pin: Pin S42-1
Add Pin To Net: Unknown Pin: Pin S42-2
Add Pin To Net: Unknown Pin: Pin S43-1
Add Pin To Net: Unknown Pin: Pin S43-2
Add Pin To Net: Unknown Pin: Pin S44-1
Add Pin To Net: Unknown Pin: Pin S44-2
Add Pin To Net: Unknown Pin: Pin S45-1
Add Pin To Net: Unknown Pin: Pin S45-2
Add Pin To Net: Unknown Pin: Pin S46-1
Add Pin To Net: Unknown Pin: Pin S46-2
Add Pin To Net: Unknown Pin: Pin S47-1
Add Pin To Net: Unknown Pin: Pin S47-2
Add Pin To Net: Unknown Pin: Pin S48-1
Add Pin To Net: Unknown Pin: Pin S48-2
Add Pin To Net: Unknown Pin: Pin S49-1
Add Pin To Net: Unknown Pin: Pin S49-2
Add Pin To Net: Unknown Pin: Pin S50-1
Add Pin To Net: Unknown Pin: Pin S50-2
Add Pin To Net: Unknown Pin: Pin S51-1
Add Pin To Net: Unknown Pin: Pin S51-2
Add Pin To Net: Unknown Pin: Pin S52-1
Add Pin To Net: Unknown Pin: Pin S52-2
Add Pin To Net: Unknown Pin: Pin S53-1
Add Pin To Net: Unknown Pin: Pin S53-2
Add Pin To Net: Unknown Pin: Pin S54-1
Add Pin To Net: Unknown Pin: Pin S54-2
Add Pin To Net: Unknown Pin: Pin S55-1
Add Pin To Net: Unknown Pin: Pin S55-2
Add Pin To Net: Unknown Pin: Pin S56-1
Add Pin To Net: Unknown Pin: Pin S56-2
Add Pin To Net: Unknown Pin: Pin S57-1
Add Pin To Net: Unknown Pin: Pin S57-2
Add Pin To Net: Unknown Pin: Pin S58-1
Add Pin To Net: Unknown Pin: Pin S58-2
Add Pin To Net: Unknown Pin: Pin S59-1
Add Pin To Net: Unknown Pin: Pin S59-2
Add Pin To Net: Unknown Pin: Pin S60-1
Add Pin To Net: Unknown Pin: Pin S60-2
Add Pin To Net: Unknown Pin: Pin S61-1
Add Pin To Net: Unknown Pin: Pin S61-2
Add Pin To Net: Unknown Pin: Pin S62-1
Add Pin To Net: Unknown Pin: Pin S62-2
Add Pin To Net: Unknown Pin: Pin S63-1
Add Pin To Net: Unknown Pin: Pin S63-2
Add Pin To Net: Unknown Pin: Pin S64-1
Add Pin To Net: Unknown Pin: Pin S64-2
Add Class Member: Failed to add class member : Component C1 100nF
Add Class Member: Failed to add class member : Component C2 100nF
Add Class Member: Failed to add class member : Component C3 100nF
Add Class Member: Failed to add class member : Component C4 100nF
Add Class Member: Failed to add class member : Component C5 100nF
Add Class Member: Failed to add class member : Component C6 10uF
Add Class Member: Failed to add class member : Component C7 1uF
Add Class Member: Failed to add class member : Component C8 1uF
Add Class Member: Failed to add class member : Component C*_U_LED_Channel1 (C*) 100nF
Add Class Member: Failed to add class member : Component C*_U_LED_Channel2 (C*) 100nF
Add Class Member: Failed to add class member : Component C*_U_LED_Channel3 (C*) 100nF
Add Class Member: Failed to add class member : Component C*_U_LED_Channel4 (C*) 100nF
Add Class Member: Failed to add class member : Component C*_U_LED_Channel5 (C*) 100nF
Add Class Member: Failed to add class member : Component C*_U_LED_Channel6 (C*) 100nF
Add Class Member: Failed to add class member : Component C*_U_LED_Channel7 (C*) 100nF
Add Class Member: Failed to add class member : Component C*_U_LED_Channel8 (C*) 100nF
Add Class Member: Failed to add class member : Component C*_U_LED_Channel9 (C*) 100nF
Add Class Member: Failed to add class member : Component C*_U_LED_Channel10 (C*) 100nF
Add Class Member: Failed to add class member : Component C*_U_LED_Channel11 (C*) 100nF
Add Class Member: Failed to add class member : Component C*_U_LED_Channel12 (C*) 100nF
Add Class Member: Failed to add class member : Component C*_U_LED_Channel13 (C*) 100nF
Add Class Member: Failed to add class member : Component C*_U_LED_Channel14 (C*) 100nF
Add Class Member: Failed to add class member : Component C*_U_LED_Channel15 (C*) 100nF
Add Class Member: Failed to add class member : Component C*_U_LED_Channel16 (C*) 100nF
Add Class Member: Failed to add class member : Component C*_U_LED_Channel17 (C*) 100nF
Add Class Member: Failed to add class member : Component C*_U_LED_Channel18 (C*) 100nF
Add Class Member: Failed to add class member : Component C*_U_LED_Channel19 (C*) 100nF
Add Class Member: Failed to add class member : Component C*_U_LED_Channel20 (C*) 100nF
Add Class Member: Failed to add class member : Component C*_U_LED_Channel21 (C*) 100nF
Add Class Member: Failed to add class member : Component C*_U_LED_Channel22 (C*) 100nF
Add Class Member: Failed to add class member : Component C*_U_LED_Channel23 (C*) 100nF
Add Class Member: Failed to add class member : Component C*_U_LED_Channel24 (C*) 100nF
Add Class Member: Failed to add class member : Component C*_U_LED_Channel25 (C*) 100nF
Add Class Member: Failed to add class member : Component C*_U_LED_Channel26 (C*) 100nF
Add Class Member: Failed to add class member : Component C*_U_LED_Channel27 (C*) 100nF
Add Class Member: Failed to add class member : Component C*_U_LED_Channel28 (C*) 100nF
Add Class Member: Failed to add class member : Component C*_U_LED_Channel29 (C*) 100nF
Add Class Member: Failed to add class member : Component C*_U_LED_Channel30 (C*) 100nF
Add Class Member: Failed to add class member : Component C*_U_LED_Channel31 (C*) 100nF
Add Class Member: Failed to add class member : Component C*_U_LED_Channel32 (C*) 100nF
Add Class Member: Failed to add class member : Component C*_U_LED_Channel33 (C*) 100nF
Add Class Member: Failed to add class member : Component C*_U_LED_Channel34 (C*) 100nF
Add Class Member: Failed to add class member : Component C*_U_LED_Channel35 (C*) 100nF
Add Class Member: Failed to add class member : Component C*_U_LED_Channel36 (C*) 100nF
Add Class Member: Failed to add class member : Component C*_U_LED_Channel37 (C*) 100nF
Add Class Member: Failed to add class member : Component C*_U_LED_Channel38 (C*) 100nF
Add Class Member: Failed to add class member : Component C*_U_LED_Channel39 (C*) 100nF
Add Class Member: Failed to add class member : Component C*_U_LED_Channel40 (C*) 100nF
Add Class Member: Failed to add class member : Component C*_U_LED_Channel41 (C*) 100nF
Add Class Member: Failed to add class member : Component C*_U_LED_Channel42 (C*) 100nF
Add Class Member: Failed to add class member : Component C*_U_LED_Channel43 (C*) 100nF
Add Class Member: Failed to add class member : Component C*_U_LED_Channel44 (C*) 100nF
Add Class Member: Failed to add class member : Component C*_U_LED_Channel45 (C*) 100nF
Add Class Member: Failed to add class member : Component C*_U_LED_Channel46 (C*) 100nF
Add Class Member: Failed to add class member : Component C*_U_LED_Channel47 (C*) 100nF
Add Class Member: Failed to add class member : Component C*_U_LED_Channel48 (C*) 100nF
Add Class Member: Failed to add class member : Component C*_U_LED_Channel49 (C*) 100nF
Add Class Member: Failed to add class member : Component C*_U_LED_Channel50 (C*) 100nF
Add Class Member: Failed to add class member : Component C*_U_LED_Channel51 (C*) 100nF
Add Class Member: Failed to add class member : Component C*_U_LED_Channel52 (C*) 100nF
Add Class Member: Failed to add class member : Component C*_U_LED_Channel53 (C*) 100nF
Add Class Member: Failed to add class member : Component C*_U_LED_Channel54 (C*) 100nF
Add Class Member: Failed to add class member : Component C*_U_LED_Channel55 (C*) 100nF
Add Class Member: Failed to add class member : Component C*_U_LED_Channel56 (C*) 100nF
Add Class Member: Failed to add class member : Component C*_U_LED_Channel57 (C*) 100nF
Add Class Member: Failed to add class member : Component C*_U_LED_Channel58 (C*) 100nF
Add Class Member: Failed to add class member : Component C*_U_LED_Channel59 (C*) 100nF
Add Class Member: Failed to add class member : Component C*_U_LED_Channel60 (C*) 100nF
Add Class Member: Failed to add class member : Component C*_U_LED_Channel61 (C*) 100nF
Add Class Member: Failed to add class member : Component C*_U_LED_Channel62 (C*) 100nF
Add Class Member: Failed to add class member : Component C*_U_LED_Channel63 (C*) 100nF
Add Class Member: Failed to add class member : Component C*_U_LED_Channel64 (C*) 100nF
Add Class Member: Failed to add class member : Component D1 1N4148W
Add Class Member: Failed to add class member : Component D2 1N4148W
Add Class Member: Failed to add class member : Component D3 1N4148W
Add Class Member: Failed to add class member : Component D4 1N4148W
Add Class Member: Failed to add class member : Component D5 1N4148W
Add Class Member: Failed to add class member : Component D6 1N4148W
Add Class Member: Failed to add class member : Component D7 1N4148W
Add Class Member: Failed to add class member : Component D8 1N4148W
Add Class Member: Failed to add class member : Component D9 1N4148W
Add Class Member: Failed to add class member : Component D10 1N4148W
Add Class Member: Failed to add class member : Component D11 1N4148W
Add Class Member: Failed to add class member : Component D12 1N4148W
Add Class Member: Failed to add class member : Component D13 1N4148W
Add Class Member: Failed to add class member : Component D14 1N4148W
Add Class Member: Failed to add class member : Component D15 1N4148W
Add Class Member: Failed to add class member : Component D16 1N4148W
Add Class Member: Failed to add class member : Component D17 1N4148W
Add Class Member: Failed to add class member : Component D18 1N4148W
Add Class Member: Failed to add class member : Component D19 1N4148W
Add Class Member: Failed to add class member : Component D20 1N4148W
Add Class Member: Failed to add class member : Component D21 1N4148W
Add Class Member: Failed to add class member : Component D22 1N4148W
Add Class Member: Failed to add class member : Component D23 1N4148W
Add Class Member: Failed to add class member : Component D24 1N4148W
Add Class Member: Failed to add class member : Component D25 1N4148W
Add Class Member: Failed to add class member : Component D26 1N4148W
Add Class Member: Failed to add class member : Component D27 1N4148W
Add Class Member: Failed to add class member : Component D28 1N4148W
Add Class Member: Failed to add class member : Component D29 1N4148W
Add Class Member: Failed to add class member : Component D30 1N4148W
Add Class Member: Failed to add class member : Component D31 1N4148W
Add Class Member: Failed to add class member : Component D32 1N4148W
Add Class Member: Failed to add class member : Component D33 1N4148W
Add Class Member: Failed to add class member : Component D34 1N4148W
Add Class Member: Failed to add class member : Component D35 1N4148W
Add Class Member: Failed to add class member : Component D36 1N4148W
Add Class Member: Failed to add class member : Component D37 1N4148W
Add Class Member: Failed to add class member : Component D38 1N4148W
Add Class Member: Failed to add class member : Component D39 1N4148W
Add Class Member: Failed to add class member : Component D40 1N4148W
Add Class Member: Failed to add class member : Component D41 1N4148W
Add Class Member: Failed to add class member : Component D42 1N4148W
Add Class Member: Failed to add class member : Component D43 1N4148W
Add Class Member: Failed to add class member : Component D44 1N4148W
Add Class Member: Failed to add class member : Component D45 1N4148W
Add Class Member: Failed to add class member : Component D46 1N4148W
Add Class Member: Failed to add class member : Component D47 1N4148W
Add Class Member: Failed to add class member : Component D48 1N4148W
Add Class Member: Failed to add class member : Component D49 1N4148W
Add Class Member: Failed to add class member : Component D50 1N4148W
Add Class Member: Failed to add class member : Component D51 1N4148W
Add Class Member: Failed to add class member : Component D52 1N4148W
Add Class Member: Failed to add class member : Component D53 1N4148W
Add Class Member: Failed to add class member : Component D54 1N4148W
Add Class Member: Failed to add class member : Component D55 1N4148W
Add Class Member: Failed to add class member : Component D56 1N4148W
Add Class Member: Failed to add class member : Component D57 1N4148W
Add Class Member: Failed to add class member : Component D58 1N4148W
Add Class Member: Failed to add class member : Component D59 1N4148W
Add Class Member: Failed to add class member : Component D60 1N4148W
Add Class Member: Failed to add class member : Component D61 1N4148W
Add Class Member: Failed to add class member : Component D62 1N4148W
Add Class Member: Failed to add class member : Component D63 1N4148W
Add Class Member: Failed to add class member : Component D64 1N4148W
Add Class Member: Failed to add class member : Component J2 Prog
Add Class Member: Failed to add class member : Component MH1 5.3mm
Add Class Member: Failed to add class member : Component MH2 5.3mm
Add Class Member: Failed to add class member : Component MH3 5.3mm
Add Class Member: Failed to add class member : Component MH4 5.3mm
Add Class Member: Failed to add class member : Component MH5 5.3mm
Add Class Member: Failed to add class member : Component MH6 5.3mm
Add Class Member: Failed to add class member : Component MH7 5.3mm
Add Class Member: Failed to add class member : Component MH8 5.3mm
Add Class Member: Failed to add class member : Component MH9 5.3mm
Add Class Member: Failed to add class member : Component MH10 5.3mm
Add Class Member: Failed to add class member : Component MH11 3.9x2.9mm
Add Class Member: Failed to add class member : Component MH12 3.9x2.9mm
Add Class Member: Failed to add class member : Component MH13 3.9x2.9mm
Add Class Member: Failed to add class member : Component MH14 3mm
Add Class Member: Failed to add class member : Component MH15 3mm
Add Class Member: Failed to add class member : Component MH16 Stabilizer
Add Class Member: Failed to add class member : Component MH17 Stabilizer
Add Class Member: Failed to add class member : Component MH18 Stabilizer
Add Class Member: Failed to add class member : Component MH19 Stabilizer
Add Class Member: Failed to add class member : Component MH20 Stabilizer
Add Class Member: Failed to add class member : Component MH21 Stabilizer
Add Class Member: Failed to add class member : Component MH22 Stabilizer
Add Class Member: Failed to add class member : Component MH23 Stabilizer
Add Class Member: Failed to add class member : Component R1 333
Add Class Member: Failed to add class member : Component S1 ESC
Add Class Member: Failed to add class member : Component S2 1!
Add Class Member: Failed to add class member : Component S3 2@
Add Class Member: Failed to add class member : Component S4 3#
Add Class Member: Failed to add class member : Component S5 4$
Add Class Member: Failed to add class member : Component S6 5%
Add Class Member: Failed to add class member : Component S7 6^
Add Class Member: Failed to add class member : Component S8 7&
Add Class Member: Failed to add class member : Component S9 8*
Add Class Member: Failed to add class member : Component S10 9(
Add Class Member: Failed to add class member : Component S11 0)
Add Class Member: Failed to add class member : Component S12 -_
Add Class Member: Failed to add class member : Component S13
Add Class Member: Failed to add class member : Component S14 BACK
Add Class Member: Failed to add class member : Component S15 TAB
Add Class Member: Failed to add class member : Component S16 Q
Add Class Member: Failed to add class member : Component S17 W
Add Class Member: Failed to add class member : Component S18 E
Add Class Member: Failed to add class member : Component S19 R
Add Class Member: Failed to add class member : Component S20 T
Add Class Member: Failed to add class member : Component S21 Y
Add Class Member: Failed to add class member : Component S22 U
Add Class Member: Failed to add class member : Component S23 I
Add Class Member: Failed to add class member : Component S24 O
Add Class Member: Failed to add class member : Component S25 P
Add Class Member: Failed to add class member : Component S26 [{
Add Class Member: Failed to add class member : Component S27 ]}
Add Class Member: Failed to add class member : Component S28 \|
Add Class Member: Failed to add class member : Component S29 CAPS
Add Class Member: Failed to add class member : Component S30 A
Add Class Member: Failed to add class member : Component S31 S
Add Class Member: Failed to add class member : Component S32 D
Add Class Member: Failed to add class member : Component S33 F
Add Class Member: Failed to add class member : Component S34 G
Add Class Member: Failed to add class member : Component S35 H
Add Class Member: Failed to add class member : Component S36 J
Add Class Member: Failed to add class member : Component S37 K
Add Class Member: Failed to add class member : Component S38 L
Add Class Member: Failed to add class member : Component S39 ;:
Add Class Member: Failed to add class member : Component S40 '"
Add Class Member: Failed to add class member : Component S41 Enter
Add Class Member: Failed to add class member : Component S42 L_SHIFT
Add Class Member: Failed to add class member : Component S43 Z
Add Class Member: Failed to add class member : Component S44 X
Add Class Member: Failed to add class member : Component S45 C
Add Class Member: Failed to add class member : Component S46 V
Add Class Member: Failed to add class member : Component S47 B
Add Class Member: Failed to add class member : Component S48 N
Add Class Member: Failed to add class member : Component S49 M
Add Class Member: Failed to add class member : Component S50 ,<
Add Class Member: Failed to add class member : Component S51 .>
Add Class Member: Failed to add class member : Component S52 /?
Add Class Member: Failed to add class member : Component S53 R_SHIFT
Add Class Member: Failed to add class member : Component S54 UP
Add Class Member: Failed to add class member : Component S55 DEL
Add Class Member: Failed to add class member : Component S56 L_CTRL
Add Class Member: Failed to add class member : Component S57 WIN
Add Class Member: Failed to add class member : Component S58 L_ALT
Add Class Member: Failed to add class member : Component S59 SPACE
Add Class Member: Failed to add class member : Component S60 R_ALT
Add Class Member: Failed to add class member : Component S61 FN
Add Class Member: Failed to add class member : Component S62 LEFT
Add Class Member: Failed to add class member : Component S63 DOWN
Add Class Member: Failed to add class member : Component S64 RIGHT
