Added Component: Designator=C1(0603-CAPS)
Added Component: Designator=C2(0603-CAPS)
Added Component: Designator=C3(0603-CAPS)
Added Component: Designator=C4(0603-CAPS)
Added Component: Designator=C5(0603-CAPS)
Added Component: Designator=C6(0603-CAPS)
Added Component: Designator=C7(0603-CAPS)
Added Component: Designator=C8(0603-CAPS)
Added Component: Designator=C*_U_LED_Channel1(0603-CAPS)
Added Component: Designator=C*_U_LED_Channel2(0603-CAPS)
Added Component: Designator=C*_U_LED_Channel3(0603-CAPS)
Added Component: Designator=C*_U_LED_Channel4(0603-CAPS)
Added Component: Designator=C*_U_LED_Channel5(0603-CAPS)
Added Component: Designator=C*_U_LED_Channel6(0603-CAPS)
Added Component: Designator=C*_U_LED_Channel7(0603-CAPS)
Added Component: Designator=C*_U_LED_Channel8(0603-CAPS)
Added Component: Designator=C*_U_LED_Channel9(0603-CAPS)
Added Component: Designator=C*_U_LED_Channel10(0603-CAPS)
Added Component: Designator=C*_U_LED_Channel11(0603-CAPS)
Added Component: Designator=C*_U_LED_Channel12(0603-CAPS)
Added Component: Designator=C*_U_LED_Channel13(0603-CAPS)
Added Component: Designator=C*_U_LED_Channel14(0603-CAPS)
Added Component: Designator=C*_U_LED_Channel15(0603-CAPS)
Added Component: Designator=C*_U_LED_Channel16(0603-CAPS)
Added Component: Designator=C*_U_LED_Channel17(0603-CAPS)
Added Component: Designator=C*_U_LED_Channel18(0603-CAPS)
Added Component: Designator=C*_U_LED_Channel19(0603-CAPS)
Added Component: Designator=C*_U_LED_Channel20(0603-CAPS)
Added Component: Designator=C*_U_LED_Channel21(0603-CAPS)
Added Component: Designator=C*_U_LED_Channel22(0603-CAPS)
Added Component: Designator=C*_U_LED_Channel23(0603-CAPS)
Added Component: Designator=C*_U_LED_Channel24(0603-CAPS)
Added Component: Designator=C*_U_LED_Channel25(0603-CAPS)
Added Component: Designator=C*_U_LED_Channel26(0603-CAPS)
Added Component: Designator=C*_U_LED_Channel27(0603-CAPS)
Added Component: Designator=C*_U_LED_Channel28(0603-CAPS)
Added Component: Designator=C*_U_LED_Channel29(0603-CAPS)
Added Component: Designator=C*_U_LED_Channel30(0603-CAPS)
Added Component: Designator=C*_U_LED_Channel31(0603-CAPS)
Added Component: Designator=C*_U_LED_Channel32(0603-CAPS)
Added Component: Designator=C*_U_LED_Channel33(0603-CAPS)
Added Component: Designator=C*_U_LED_Channel34(0603-CAPS)
Added Component: Designator=C*_U_LED_Channel35(0603-CAPS)
Added Component: Designator=C*_U_LED_Channel36(0603-CAPS)
Added Component: Designator=C*_U_LED_Channel37(0603-CAPS)
Added Component: Designator=C*_U_LED_Channel38(0603-CAPS)
Added Component: Designator=C*_U_LED_Channel39(0603-CAPS)
Added Component: Designator=C*_U_LED_Channel40(0603-CAPS)
Added Component: Designator=C*_U_LED_Channel41(0603-CAPS)
Added Component: Designator=C*_U_LED_Channel42(0603-CAPS)
Added Component: Designator=C*_U_LED_Channel43(0603-CAPS)
Added Component: Designator=C*_U_LED_Channel44(0603-CAPS)
Added Component: Designator=C*_U_LED_Channel45(0603-CAPS)
Added Component: Designator=C*_U_LED_Channel46(0603-CAPS)
Added Component: Designator=C*_U_LED_Channel47(0603-CAPS)
Added Component: Designator=C*_U_LED_Channel48(0603-CAPS)
Added Component: Designator=C*_U_LED_Channel49(0603-CAPS)
Added Component: Designator=C*_U_LED_Channel50(0603-CAPS)
Added Component: Designator=C*_U_LED_Channel51(0603-CAPS)
Added Component: Designator=C*_U_LED_Channel52(0603-CAPS)
Added Component: Designator=C*_U_LED_Channel53(0603-CAPS)
Added Component: Designator=C*_U_LED_Channel54(0603-CAPS)
Added Component: Designator=C*_U_LED_Channel55(0603-CAPS)
Added Component: Designator=C*_U_LED_Channel56(0603-CAPS)
Added Component: Designator=C*_U_LED_Channel57(0603-CAPS)
Added Component: Designator=C*_U_LED_Channel58(0603-CAPS)
Added Component: Designator=C*_U_LED_Channel59(0603-CAPS)
Added Component: Designator=C*_U_LED_Channel60(0603-CAPS)
Added Component: Designator=C*_U_LED_Channel61(0603-CAPS)
Added Component: Designator=C*_U_LED_Channel62(0603-CAPS)
Added Component: Designator=C*_U_LED_Channel63(0603-CAPS)
Added Component: Designator=C*_U_LED_Channel64(0603-CAPS)
Added Component: Designator=D1(1N4148W(SOD123))
Added Component: Designator=D2(1N4148W(SOD123))
Added Component: Designator=D3(1N4148W(SOD123))
Added Component: Designator=D4(1N4148W(SOD123))
Added Component: Designator=D5(1N4148W(SOD123))
Added Component: Designator=D6(1N4148W(SOD123))
Added Component: Designator=D7(1N4148W(SOD123))
Added Component: Designator=D8(1N4148W(SOD123))
Added Component: Designator=D9(1N4148W(SOD123))
Added Component: Designator=D10(1N4148W(SOD123))
Added Component: Designator=D11(1N4148W(SOD123))
Added Component: Designator=D12(1N4148W(SOD123))
Added Component: Designator=D13(1N4148W(SOD123))
Added Component: Designator=D14(1N4148W(SOD123))
Added Component: Designator=D15(1N4148W(SOD123))
Added Component: Designator=D16(1N4148W(SOD123))
Added Component: Designator=D17(1N4148W(SOD123))
Added Component: Designator=D18(1N4148W(SOD123))
Added Component: Designator=D19(1N4148W(SOD123))
Added Component: Designator=D20(1N4148W(SOD123))
Added Component: Designator=D21(1N4148W(SOD123))
Added Component: Designator=D22(1N4148W(SOD123))
Added Component: Designator=D23(1N4148W(SOD123))
Added Component: Designator=D24(1N4148W(SOD123))
Added Component: Designator=D25(1N4148W(SOD123))
Added Component: Designator=D26(1N4148W(SOD123))
Added Component: Designator=D27(1N4148W(SOD123))
Added Component: Designator=D28(1N4148W(SOD123))
Added Component: Designator=D29(1N4148W(SOD123))
Added Component: Designator=D30(1N4148W(SOD123))
Added Component: Designator=D31(1N4148W(SOD123))
Added Component: Designator=D32(1N4148W(SOD123))
Added Component: Designator=D33(1N4148W(SOD123))
Added Component: Designator=D34(1N4148W(SOD123))
Added Component: Designator=D35(1N4148W(SOD123))
Added Component: Designator=D36(1N4148W(SOD123))
Added Component: Designator=D37(1N4148W(SOD123))
Added Component: Designator=D38(1N4148W(SOD123))
Added Component: Designator=D39(1N4148W(SOD123))
Added Component: Designator=D40(1N4148W(SOD123))
Added Component: Designator=D41(1N4148W(SOD123))
Added Component: Designator=D42(1N4148W(SOD123))
Added Component: Designator=D43(1N4148W(SOD123))
Added Component: Designator=D44(1N4148W(SOD123))
Added Component: Designator=D45(1N4148W(SOD123))
Added Component: Designator=D46(1N4148W(SOD123))
Added Component: Designator=D47(1N4148W(SOD123))
Added Component: Designator=D48(1N4148W(SOD123))
Added Component: Designator=D49(1N4148W(SOD123))
Added Component: Designator=D50(1N4148W(SOD123))
Added Component: Designator=D51(1N4148W(SOD123))
Added Component: Designator=D52(1N4148W(SOD123))
Added Component: Designator=D53(1N4148W(SOD123))
Added Component: Designator=D54(1N4148W(SOD123))
Added Component: Designator=D55(1N4148W(SOD123))
Added Component: Designator=D56(1N4148W(SOD123))
Added Component: Designator=D57(1N4148W(SOD123))
Added Component: Designator=D58(1N4148W(SOD123))
Added Component: Designator=D59(1N4148W(SOD123))
Added Component: Designator=D60(1N4148W(SOD123))
Added Component: Designator=D61(1N4148W(SOD123))
Added Component: Designator=D62(1N4148W(SOD123))
Added Component: Designator=D63(1N4148W(SOD123))
Added Component: Designator=D64(1N4148W(SOD123))
Added Component: Designator=J1(JST_SM09B-SRSS-TB(LF)(SN))
Add component (AddParameter): Name = "Check_prices"; Value = "https://www.snapeda.com/parts/SM09B-SRSS-TB(LF)(SN)/JST/view-part/?ref=eda"; VariantName = "[No Variations]"
Add component (AddParameter): Name = "MF"; Value = "JST Sales America Inc."; VariantName = "[No Variations]"
Add component (AddParameter): Name = "MP"; Value = "SM09B-SRSS-TB(LF)(SN)"; VariantName = "[No Variations]"
Add component (AddParameter): Name = "Package"; Value = "None"; VariantName = "[No Variations]"
Add component (AddParameter): Name = "SnapEDA_Link"; Value = "https://www.snapeda.com/parts/SM09B-SRSS-TB(LF)(SN)/JST/view-part/?ref=snap"; VariantName = "[No Variations]"
Add component (AddParameter): Name = "Value"; Value = ""; VariantName = "[No Variations]"
Added Component: Designator=J2(TE_5-146280-5)
Added Component: Designator=LED*_U_LED_Channel1(SK6812_LED)
Added Component: Designator=LED*_U_LED_Channel2(SK6812_LED)
Added Component: Designator=LED*_U_LED_Channel3(SK6812_LED)
Added Component: Designator=LED*_U_LED_Channel4(SK6812_LED)
Added Component: Designator=LED*_U_LED_Channel5(SK6812_LED)
Added Component: Designator=LED*_U_LED_Channel6(SK6812_LED)
Added Component: Designator=LED*_U_LED_Channel7(SK6812_LED)
Added Component: Designator=LED*_U_LED_Channel8(SK6812_LED)
Added Component: Designator=LED*_U_LED_Channel9(SK6812_LED)
Added Component: Designator=LED*_U_LED_Channel10(SK6812_LED)
Added Component: Designator=LED*_U_LED_Channel11(SK6812_LED)
Added Component: Designator=LED*_U_LED_Channel12(SK6812_LED)
Added Component: Designator=LED*_U_LED_Channel13(SK6812_LED)
Added Component: Designator=LED*_U_LED_Channel14(SK6812_LED)
Added Component: Designator=LED*_U_LED_Channel15(SK6812_LED)
Added Component: Designator=LED*_U_LED_Channel16(SK6812_LED)
Added Component: Designator=LED*_U_LED_Channel17(SK6812_LED)
Added Component: Designator=LED*_U_LED_Channel18(SK6812_LED)
Added Component: Designator=LED*_U_LED_Channel19(SK6812_LED)
Added Component: Designator=LED*_U_LED_Channel20(SK6812_LED)
Added Component: Designator=LED*_U_LED_Channel21(SK6812_LED)
Added Component: Designator=LED*_U_LED_Channel22(SK6812_LED)
Added Component: Designator=LED*_U_LED_Channel23(SK6812_LED)
Added Component: Designator=LED*_U_LED_Channel24(SK6812_LED)
Added Component: Designator=LED*_U_LED_Channel25(SK6812_LED)
Added Component: Designator=LED*_U_LED_Channel26(SK6812_LED)
Added Component: Designator=LED*_U_LED_Channel27(SK6812_LED)
Added Component: Designator=LED*_U_LED_Channel28(SK6812_LED)
Added Component: Designator=LED*_U_LED_Channel29(SK6812_LED)
Added Component: Designator=LED*_U_LED_Channel30(SK6812_LED)
Added Component: Designator=LED*_U_LED_Channel31(SK6812_LED)
Added Component: Designator=LED*_U_LED_Channel32(SK6812_LED)
Added Component: Designator=LED*_U_LED_Channel33(SK6812_LED)
Added Component: Designator=LED*_U_LED_Channel34(SK6812_LED)
Added Component: Designator=LED*_U_LED_Channel35(SK6812_LED)
Added Component: Designator=LED*_U_LED_Channel36(SK6812_LED)
Added Component: Designator=LED*_U_LED_Channel37(SK6812_LED)
Added Component: Designator=LED*_U_LED_Channel38(SK6812_LED)
Added Component: Designator=LED*_U_LED_Channel39(SK6812_LED)
Added Component: Designator=LED*_U_LED_Channel40(SK6812_LED)
Added Component: Designator=LED*_U_LED_Channel41(SK6812_LED)
Added Component: Designator=LED*_U_LED_Channel42(SK6812_LED)
Added Component: Designator=LED*_U_LED_Channel43(SK6812_LED)
Added Component: Designator=LED*_U_LED_Channel44(SK6812_LED)
Added Component: Designator=LED*_U_LED_Channel45(SK6812_LED)
Added Component: Designator=LED*_U_LED_Channel46(SK6812_LED)
Added Component: Designator=LED*_U_LED_Channel47(SK6812_LED)
Added Component: Designator=LED*_U_LED_Channel48(SK6812_LED)
Added Component: Designator=LED*_U_LED_Channel49(SK6812_LED)
Added Component: Designator=LED*_U_LED_Channel50(SK6812_LED)
Added Component: Designator=LED*_U_LED_Channel51(SK6812_LED)
Added Component: Designator=LED*_U_LED_Channel52(SK6812_LED)
Added Component: Designator=LED*_U_LED_Channel53(SK6812_LED)
Added Component: Designator=LED*_U_LED_Channel54(SK6812_LED)
Added Component: Designator=LED*_U_LED_Channel55(SK6812_LED)
Added Component: Designator=LED*_U_LED_Channel56(SK6812_LED)
Added Component: Designator=LED*_U_LED_Channel57(SK6812_LED)
Added Component: Designator=LED*_U_LED_Channel58(SK6812_LED)
Added Component: Designator=LED*_U_LED_Channel59(SK6812_LED)
Added Component: Designator=LED*_U_LED_Channel60(SK6812_LED)
Added Component: Designator=LED*_U_LED_Channel61(SK6812_LED)
Added Component: Designator=LED*_U_LED_Channel62(SK6812_LED)
Added Component: Designator=LED*_U_LED_Channel63(SK6812_LED)
Added Component: Designator=LED*_U_LED_Channel64(SK6812_LED)
Added Component: Designator=MH1(MTH_ROUND_5.35D)
Added Component: Designator=MH2(MTH_ROUND_5.35D)
Added Component: Designator=MH3(MTH_ROUND_5.35D)
Added Component: Designator=MH4(MTH_ROUND_5.35D)
Added Component: Designator=MH5(MTH_ROUND_5.35D)
Added Component: Designator=MH6(MTH_ROUND_5.35D)
Added Component: Designator=MH7(MTH_ROUND_5.35D)
Added Component: Designator=MH8(MTH_ROUND_5.35D)
Added Component: Designator=MH9(MTH_ROUND_5.35D)
Added Component: Designator=MH10(MTH_ROUND_5.35D)
Added Component: Designator=MH11(MTH_OBLONG_3.9x2.9_PL)
Added Component: Designator=MH12(MTH_OBLONG_3.9x2.9_PL)
Added Component: Designator=MH13(MTH_OBLONG_3.9x2.9_PL)
Added Component: Designator=MH14(MTH_ROUND_3D_PL)
Added Component: Designator=MH15(MTH_ROUND_3D_PL)
Added Component: Designator=MH16(STABILIZERS)
Added Component: Designator=MH17(STABILIZERS)
Added Component: Designator=MH18(STABILIZERS)
Added Component: Designator=MH19(STABILIZERS)
Added Component: Designator=MH20(STABILIZERS)
Added Component: Designator=MH21(STABILIZERS)
Added Component: Designator=MH22(STABILIZERS)
Added Component: Designator=MH23(STABILIZERS)
Added Component: Designator=R1(0603-CAPS)
Added Component: Designator=S1(GATERON_LOWPROFILE_HOTSWAP_SOCKET)
Added Component: Designator=S2(GATERON_LOWPROFILE_HOTSWAP_SOCKET)
Added Component: Designator=S3(GATERON_LOWPROFILE_HOTSWAP_SOCKET)
Added Component: Designator=S4(GATERON_LOWPROFILE_HOTSWAP_SOCKET)
Added Component: Designator=S5(GATERON_LOWPROFILE_HOTSWAP_SOCKET)
Added Component: Designator=S6(GATERON_LOWPROFILE_HOTSWAP_SOCKET)
Added Component: Designator=S7(GATERON_LOWPROFILE_HOTSWAP_SOCKET)
Added Component: Designator=S8(GATERON_LOWPROFILE_HOTSWAP_SOCKET)
Added Component: Designator=S9(GATERON_LOWPROFILE_HOTSWAP_SOCKET)
Added Component: Designator=S10(GATERON_LOWPROFILE_HOTSWAP_SOCKET)
Added Component: Designator=S11(GATERON_LOWPROFILE_HOTSWAP_SOCKET)
Added Component: Designator=S12(GATERON_LOWPROFILE_HOTSWAP_SOCKET)
Added Component: Designator=S13(GATERON_LOWPROFILE_HOTSWAP_SOCKET)
Added Component: Designator=S14(GATERON_LOWPROFILE_HOTSWAP_SOCKET)
Added Component: Designator=S15(GATERON_LOWPROFILE_HOTSWAP_SOCKET)
Added Component: Designator=S16(GATERON_LOWPROFILE_HOTSWAP_SOCKET)
Added Component: Designator=S17(GATERON_LOWPROFILE_HOTSWAP_SOCKET)
Added Component: Designator=S18(GATERON_LOWPROFILE_HOTSWAP_SOCKET)
Added Component: Designator=S19(GATERON_LOWPROFILE_HOTSWAP_SOCKET)
Added Component: Designator=S20(GATERON_LOWPROFILE_HOTSWAP_SOCKET)
Added Component: Designator=S21(GATERON_LOWPROFILE_HOTSWAP_SOCKET)
Added Component: Designator=S22(GATERON_LOWPROFILE_HOTSWAP_SOCKET)
Added Component: Designator=S23(GATERON_LOWPROFILE_HOTSWAP_SOCKET)
Added Component: Designator=S24(GATERON_LOWPROFILE_HOTSWAP_SOCKET)
Added Component: Designator=S25(GATERON_LOWPROFILE_HOTSWAP_SOCKET)
Added Component: Designator=S26(GATERON_LOWPROFILE_HOTSWAP_SOCKET)
Added Component: Designator=S27(GATERON_LOWPROFILE_HOTSWAP_SOCKET)
Added Component: Designator=S28(GATERON_LOWPROFILE_HOTSWAP_SOCKET)
Added Component: Designator=S29(GATERON_LOWPROFILE_HOTSWAP_SOCKET)
Added Component: Designator=S30(GATERON_LOWPROFILE_HOTSWAP_SOCKET)
Added Component: Designator=S31(GATERON_LOWPROFILE_HOTSWAP_SOCKET)
Added Component: Designator=S32(GATERON_LOWPROFILE_HOTSWAP_SOCKET)
Added Component: Designator=S33(GATERON_LOWPROFILE_HOTSWAP_SOCKET)
Added Component: Designator=S34(GATERON_LOWPROFILE_HOTSWAP_SOCKET)
Added Component: Designator=S35(GATERON_LOWPROFILE_HOTSWAP_SOCKET)
Added Component: Designator=S36(GATERON_LOWPROFILE_HOTSWAP_SOCKET)
Added Component: Designator=S37(GATERON_LOWPROFILE_HOTSWAP_SOCKET)
Added Component: Designator=S38(GATERON_LOWPROFILE_HOTSWAP_SOCKET)
Added Component: Designator=S39(GATERON_LOWPROFILE_HOTSWAP_SOCKET)
Added Component: Designator=S40(GATERON_LOWPROFILE_HOTSWAP_SOCKET)
Added Component: Designator=S41(GATERON_LOWPROFILE_HOTSWAP_SOCKET)
Added Component: Designator=S42(GATERON_LOWPROFILE_HOTSWAP_SOCKET)
Added Component: Designator=S43(GATERON_LOWPROFILE_HOTSWAP_SOCKET)
Added Component: Designator=S44(GATERON_LOWPROFILE_HOTSWAP_SOCKET)
Added Component: Designator=S45(GATERON_LOWPROFILE_HOTSWAP_SOCKET)
Added Component: Designator=S46(GATERON_LOWPROFILE_HOTSWAP_SOCKET)
Added Component: Designator=S47(GATERON_LOWPROFILE_HOTSWAP_SOCKET)
Added Component: Designator=S48(GATERON_LOWPROFILE_HOTSWAP_SOCKET)
Added Component: Designator=S49(GATERON_LOWPROFILE_HOTSWAP_SOCKET)
Added Component: Designator=S50(GATERON_LOWPROFILE_HOTSWAP_SOCKET)
Added Component: Designator=S51(GATERON_LOWPROFILE_HOTSWAP_SOCKET)
Added Component: Designator=S52(GATERON_LOWPROFILE_HOTSWAP_SOCKET)
Added Component: Designator=S53(GATERON_LOWPROFILE_HOTSWAP_SOCKET)
Added Component: Designator=S54(GATERON_LOWPROFILE_HOTSWAP_SOCKET)
Added Component: Designator=S55(GATERON_LOWPROFILE_HOTSWAP_SOCKET)
Added Component: Designator=S56(GATERON_LOWPROFILE_HOTSWAP_SOCKET)
Added Component: Designator=S57(GATERON_LOWPROFILE_HOTSWAP_SOCKET)
Added Component: Designator=S58(GATERON_LOWPROFILE_HOTSWAP_SOCKET)
Added Component: Designator=S59(GATERON_LOWPROFILE_HOTSWAP_SOCKET)
Added Component: Designator=S60(GATERON_LOWPROFILE_HOTSWAP_SOCKET)
Added Component: Designator=S61(GATERON_LOWPROFILE_HOTSWAP_SOCKET)
Added Component: Designator=S62(GATERON_LOWPROFILE_HOTSWAP_SOCKET)
Added Component: Designator=S63(GATERON_LOWPROFILE_HOTSWAP_SOCKET)
Added Component: Designator=S64(GATERON_LOWPROFILE_HOTSWAP_SOCKET)
Added Component: Designator=U1(QFP50P900X900X160-48N)
Added Component: Designator=U2(SOT95P280X145-6N)
Add component (AddParameter): Name = "Availability"; Value = "Good"; VariantName = "[No Variations]"
Add component (AddParameter): Name = "Check_prices"; Value = "https://www.snapeda.com/parts/SN74LVC1T45DBVR/Texas%20Instruments/view-part/106485/?ref=eda"; VariantName = "[No Variations]"
Add component (AddParameter): Name = "MF"; Value = "Texas Instruments"; VariantName = "[No Variations]"
Add component (AddParameter): Name = "MP"; Value = "SN74LVC1T45DBVR"; VariantName = "[No Variations]"
Add component (AddParameter): Name = "Package"; Value = "SOT-23-6 Texas Instruments"; VariantName = "[No Variations]"
Add component (AddParameter): Name = "Price"; Value = "None"; VariantName = "[No Variations]"
Add component (AddParameter): Name = "Purchase-URL"; Value = "https://pricing.snapeda.com/search/part/SN74LVC1T45DBVR/?ref=eda"; VariantName = "[No Variations]"
Add component (AddParameter): Name = "SnapEDA_Link"; Value = "https://www.snapeda.com/parts/SN74LVC1T45DBVR/Texas%20Instruments/view-part/106485/?ref=snap"; VariantName = "[No Variations]"
Add component (AddParameter): Name = "Value"; Value = ""; VariantName = "[No Variations]"
Added Component: Designator=U3(SOT-23)
Add component (AddParameter): Name = "Availability"; Value = "In Stock"; VariantName = "[No Variations]"
Add component (AddParameter): Name = "Check_prices"; Value = "https://www.snapeda.com/parts/XC6206P332MR-G/Torex/view-part/?ref=eda"; VariantName = "[No Variations]"
Add component (AddParameter): Name = "MF"; Value = "Torex"; VariantName = "[No Variations]"
Add component (AddParameter): Name = "MP"; Value = "XC6206P332MR-G"; VariantName = "[No Variations]"
Add component (AddParameter): Name = "Package"; Value = "SOT-23-3 Torex"; VariantName = "[No Variations]"
Add component (AddParameter): Name = "Price"; Value = "None"; VariantName = "[No Variations]"
Add component (AddParameter): Name = "Purchase-URL"; Value = "https://pricing.snapeda.com/search/part/XC6206P332MR-G/?ref=eda"; VariantName = "[No Variations]"
Add component (AddParameter): Name = "SnapEDA_Link"; Value = "https://www.snapeda.com/parts/XC6206P332MR-G/Torex/view-part/?ref=snap"; VariantName = "[No Variations]"
Add component (AddParameter): Name = "Value"; Value = ""; VariantName = "[No Variations]"
Added Pin To Net: NetName=+3.3V Pin=C1-1
Added Pin To Net: NetName=+3.3V Pin=C2-1
Added Pin To Net: NetName=+3.3V Pin=C3-1
Added Pin To Net: NetName=+3.3V Pin=C4-1
Added Pin To Net: NetName=+3.3V Pin=C5-1
Added Pin To Net: NetName=+3.3V Pin=C6-1
Added Pin To Net: NetName=+3.3V Pin=C8-1
Added Pin To Net: NetName=+3.3V Pin=J1-6
Added Pin To Net: NetName=+3.3V Pin=J2-1
Added Pin To Net: NetName=+3.3V Pin=U1-1
Added Pin To Net: NetName=+3.3V Pin=U1-9
Added Pin To Net: NetName=+3.3V Pin=U1-24
Added Pin To Net: NetName=+3.3V Pin=U1-36
Added Pin To Net: NetName=+3.3V Pin=U1-48
Added Pin To Net: NetName=+3.3V Pin=U2-1
Added Pin To Net: NetName=+3.3V Pin=U2-5
Added Pin To Net: NetName=+3.3V Pin=U3-2
Added Net: Name=+3.3V
Added Pin To Net: NetName=\N\R\S\T\ Pin=J2-4
Added Pin To Net: NetName=\N\R\S\T\ Pin=U1-7
Added Net: Name=\N\R\S\T\
Added Pin To Net: NetName=BOOT0 Pin=J1-7
Added Pin To Net: NetName=BOOT0 Pin=U1-44
Added Net: Name=BOOT0
Added Pin To Net: NetName=GND Pin=C1-2
Added Pin To Net: NetName=GND Pin=C2-2
Added Pin To Net: NetName=GND Pin=C3-2
Added Pin To Net: NetName=GND Pin=C4-2
Added Pin To Net: NetName=GND Pin=C5-2
Added Pin To Net: NetName=GND Pin=C6-2
Added Pin To Net: NetName=GND Pin=C7-2
Added Pin To Net: NetName=GND Pin=C8-2
Added Pin To Net: NetName=GND Pin=C*_U_LED_Channel1-2
Added Pin To Net: NetName=GND Pin=C*_U_LED_Channel2-2
Added Pin To Net: NetName=GND Pin=C*_U_LED_Channel3-2
Added Pin To Net: NetName=GND Pin=C*_U_LED_Channel4-2
Added Pin To Net: NetName=GND Pin=C*_U_LED_Channel5-2
Added Pin To Net: NetName=GND Pin=C*_U_LED_Channel6-2
Added Pin To Net: NetName=GND Pin=C*_U_LED_Channel7-2
Added Pin To Net: NetName=GND Pin=C*_U_LED_Channel8-2
Added Pin To Net: NetName=GND Pin=C*_U_LED_Channel9-2
Added Pin To Net: NetName=GND Pin=C*_U_LED_Channel10-2
Added Pin To Net: NetName=GND Pin=C*_U_LED_Channel11-2
Added Pin To Net: NetName=GND Pin=C*_U_LED_Channel12-2
Added Pin To Net: NetName=GND Pin=C*_U_LED_Channel13-2
Added Pin To Net: NetName=GND Pin=C*_U_LED_Channel14-2
Added Pin To Net: NetName=GND Pin=C*_U_LED_Channel15-2
Added Pin To Net: NetName=GND Pin=C*_U_LED_Channel16-2
Added Pin To Net: NetName=GND Pin=C*_U_LED_Channel17-2
Added Pin To Net: NetName=GND Pin=C*_U_LED_Channel18-2
Added Pin To Net: NetName=GND Pin=C*_U_LED_Channel19-2
Added Pin To Net: NetName=GND Pin=C*_U_LED_Channel20-2
Added Pin To Net: NetName=GND Pin=C*_U_LED_Channel21-2
Added Pin To Net: NetName=GND Pin=C*_U_LED_Channel22-2
Added Pin To Net: NetName=GND Pin=C*_U_LED_Channel23-2
Added Pin To Net: NetName=GND Pin=C*_U_LED_Channel24-2
Added Pin To Net: NetName=GND Pin=C*_U_LED_Channel25-2
Added Pin To Net: NetName=GND Pin=C*_U_LED_Channel26-2
Added Pin To Net: NetName=GND Pin=C*_U_LED_Channel27-2
Added Pin To Net: NetName=GND Pin=C*_U_LED_Channel28-2
Added Pin To Net: NetName=GND Pin=C*_U_LED_Channel29-2
Added Pin To Net: NetName=GND Pin=C*_U_LED_Channel30-2
Added Pin To Net: NetName=GND Pin=C*_U_LED_Channel31-2
Added Pin To Net: NetName=GND Pin=C*_U_LED_Channel32-2
Added Pin To Net: NetName=GND Pin=C*_U_LED_Channel33-2
Added Pin To Net: NetName=GND Pin=C*_U_LED_Channel34-2
Added Pin To Net: NetName=GND Pin=C*_U_LED_Channel35-2
Added Pin To Net: NetName=GND Pin=C*_U_LED_Channel36-2
Added Pin To Net: NetName=GND Pin=C*_U_LED_Channel37-2
Added Pin To Net: NetName=GND Pin=C*_U_LED_Channel38-2
Added Pin To Net: NetName=GND Pin=C*_U_LED_Channel39-2
Added Pin To Net: NetName=GND Pin=C*_U_LED_Channel40-2
Added Pin To Net: NetName=GND Pin=C*_U_LED_Channel41-2
Added Pin To Net: NetName=GND Pin=C*_U_LED_Channel42-2
Added Pin To Net: NetName=GND Pin=C*_U_LED_Channel43-2
Added Pin To Net: NetName=GND Pin=C*_U_LED_Channel44-2
Added Pin To Net: NetName=GND Pin=C*_U_LED_Channel45-2
Added Pin To Net: NetName=GND Pin=C*_U_LED_Channel46-2
Added Pin To Net: NetName=GND Pin=C*_U_LED_Channel47-2
Added Pin To Net: NetName=GND Pin=C*_U_LED_Channel48-2
Added Pin To Net: NetName=GND Pin=C*_U_LED_Channel49-2
Added Pin To Net: NetName=GND Pin=C*_U_LED_Channel50-2
Added Pin To Net: NetName=GND Pin=C*_U_LED_Channel51-2
Added Pin To Net: NetName=GND Pin=C*_U_LED_Channel52-2
Added Pin To Net: NetName=GND Pin=C*_U_LED_Channel53-2
Added Pin To Net: NetName=GND Pin=C*_U_LED_Channel54-2
Added Pin To Net: NetName=GND Pin=C*_U_LED_Channel55-2
Added Pin To Net: NetName=GND Pin=C*_U_LED_Channel56-2
Added Pin To Net: NetName=GND Pin=C*_U_LED_Channel57-2
Added Pin To Net: NetName=GND Pin=C*_U_LED_Channel58-2
Added Pin To Net: NetName=GND Pin=C*_U_LED_Channel59-2
Added Pin To Net: NetName=GND Pin=C*_U_LED_Channel60-2
Added Pin To Net: NetName=GND Pin=C*_U_LED_Channel61-2
Added Pin To Net: NetName=GND Pin=C*_U_LED_Channel62-2
Added Pin To Net: NetName=GND Pin=C*_U_LED_Channel63-2
Added Pin To Net: NetName=GND Pin=C*_U_LED_Channel64-2
Added Pin To Net: NetName=GND Pin=J1-S1
Added Pin To Net: NetName=GND Pin=J1-S2
Added Pin To Net: NetName=GND Pin=J2-5
Added Pin To Net: NetName=GND Pin=LED*_U_LED_Channel1-1
Added Pin To Net: NetName=GND Pin=LED*_U_LED_Channel1-3
Added Pin To Net: NetName=GND Pin=LED*_U_LED_Channel2-1
Added Pin To Net: NetName=GND Pin=LED*_U_LED_Channel2-3
Added Pin To Net: NetName=GND Pin=LED*_U_LED_Channel3-1
Added Pin To Net: NetName=GND Pin=LED*_U_LED_Channel3-3
Added Pin To Net: NetName=GND Pin=LED*_U_LED_Channel4-1
Added Pin To Net: NetName=GND Pin=LED*_U_LED_Channel4-3
Added Pin To Net: NetName=GND Pin=LED*_U_LED_Channel5-1
Added Pin To Net: NetName=GND Pin=LED*_U_LED_Channel5-3
Added Pin To Net: NetName=GND Pin=LED*_U_LED_Channel6-1
Added Pin To Net: NetName=GND Pin=LED*_U_LED_Channel6-3
Added Pin To Net: NetName=GND Pin=LED*_U_LED_Channel7-1
Added Pin To Net: NetName=GND Pin=LED*_U_LED_Channel7-3
Added Pin To Net: NetName=GND Pin=LED*_U_LED_Channel8-1
Added Pin To Net: NetName=GND Pin=LED*_U_LED_Channel8-3
Added Pin To Net: NetName=GND Pin=LED*_U_LED_Channel9-1
Added Pin To Net: NetName=GND Pin=LED*_U_LED_Channel9-3
Added Pin To Net: NetName=GND Pin=LED*_U_LED_Channel10-1
Added Pin To Net: NetName=GND Pin=LED*_U_LED_Channel10-3
Added Pin To Net: NetName=GND Pin=LED*_U_LED_Channel11-1
Added Pin To Net: NetName=GND Pin=LED*_U_LED_Channel11-3
Added Pin To Net: NetName=GND Pin=LED*_U_LED_Channel12-1
Added Pin To Net: NetName=GND Pin=LED*_U_LED_Channel12-3
Added Pin To Net: NetName=GND Pin=LED*_U_LED_Channel13-1
Added Pin To Net: NetName=GND Pin=LED*_U_LED_Channel13-3
Added Pin To Net: NetName=GND Pin=LED*_U_LED_Channel14-1
Added Pin To Net: NetName=GND Pin=LED*_U_LED_Channel14-3
Added Pin To Net: NetName=GND Pin=LED*_U_LED_Channel15-1
Added Pin To Net: NetName=GND Pin=LED*_U_LED_Channel15-3
Added Pin To Net: NetName=GND Pin=LED*_U_LED_Channel16-1
Added Pin To Net: NetName=GND Pin=LED*_U_LED_Channel16-3
Added Pin To Net: NetName=GND Pin=LED*_U_LED_Channel17-1
Added Pin To Net: NetName=GND Pin=LED*_U_LED_Channel17-3
Added Pin To Net: NetName=GND Pin=LED*_U_LED_Channel18-1
Added Pin To Net: NetName=GND Pin=LED*_U_LED_Channel18-3
Added Pin To Net: NetName=GND Pin=LED*_U_LED_Channel19-1
Added Pin To Net: NetName=GND Pin=LED*_U_LED_Channel19-3
Added Pin To Net: NetName=GND Pin=LED*_U_LED_Channel20-1
Added Pin To Net: NetName=GND Pin=LED*_U_LED_Channel20-3
Added Pin To Net: NetName=GND Pin=LED*_U_LED_Channel21-1
Added Pin To Net: NetName=GND Pin=LED*_U_LED_Channel21-3
Added Pin To Net: NetName=GND Pin=LED*_U_LED_Channel22-1
Added Pin To Net: NetName=GND Pin=LED*_U_LED_Channel22-3
Added Pin To Net: NetName=GND Pin=LED*_U_LED_Channel23-1
Added Pin To Net: NetName=GND Pin=LED*_U_LED_Channel23-3
Added Pin To Net: NetName=GND Pin=LED*_U_LED_Channel24-1
Added Pin To Net: NetName=GND Pin=LED*_U_LED_Channel24-3
Added Pin To Net: NetName=GND Pin=LED*_U_LED_Channel25-1
Added Pin To Net: NetName=GND Pin=LED*_U_LED_Channel25-3
Added Pin To Net: NetName=GND Pin=LED*_U_LED_Channel26-1
Added Pin To Net: NetName=GND Pin=LED*_U_LED_Channel26-3
Added Pin To Net: NetName=GND Pin=LED*_U_LED_Channel27-1
Added Pin To Net: NetName=GND Pin=LED*_U_LED_Channel27-3
Added Pin To Net: NetName=GND Pin=LED*_U_LED_Channel28-1
Added Pin To Net: NetName=GND Pin=LED*_U_LED_Channel28-3
Added Pin To Net: NetName=GND Pin=LED*_U_LED_Channel29-1
Added Pin To Net: NetName=GND Pin=LED*_U_LED_Channel29-3
Added Pin To Net: NetName=GND Pin=LED*_U_LED_Channel30-1
Added Pin To Net: NetName=GND Pin=LED*_U_LED_Channel30-3
Added Pin To Net: NetName=GND Pin=LED*_U_LED_Channel31-1
Added Pin To Net: NetName=GND Pin=LED*_U_LED_Channel31-3
Added Pin To Net: NetName=GND Pin=LED*_U_LED_Channel32-1
Added Pin To Net: NetName=GND Pin=LED*_U_LED_Channel32-3
Added Pin To Net: NetName=GND Pin=LED*_U_LED_Channel33-1
Added Pin To Net: NetName=GND Pin=LED*_U_LED_Channel33-3
Added Pin To Net: NetName=GND Pin=LED*_U_LED_Channel34-1
Added Pin To Net: NetName=GND Pin=LED*_U_LED_Channel34-3
Added Pin To Net: NetName=GND Pin=LED*_U_LED_Channel35-1
Added Pin To Net: NetName=GND Pin=LED*_U_LED_Channel35-3
Added Pin To Net: NetName=GND Pin=LED*_U_LED_Channel36-1
Added Pin To Net: NetName=GND Pin=LED*_U_LED_Channel36-3
Added Pin To Net: NetName=GND Pin=LED*_U_LED_Channel37-1
Added Pin To Net: NetName=GND Pin=LED*_U_LED_Channel37-3
Added Pin To Net: NetName=GND Pin=LED*_U_LED_Channel38-1
Added Pin To Net: NetName=GND Pin=LED*_U_LED_Channel38-3
Added Pin To Net: NetName=GND Pin=LED*_U_LED_Channel39-1
Added Pin To Net: NetName=GND Pin=LED*_U_LED_Channel39-3
Added Pin To Net: NetName=GND Pin=LED*_U_LED_Channel40-1
Added Pin To Net: NetName=GND Pin=LED*_U_LED_Channel40-3
Added Pin To Net: NetName=GND Pin=LED*_U_LED_Channel41-1
Added Pin To Net: NetName=GND Pin=LED*_U_LED_Channel41-3
Added Pin To Net: NetName=GND Pin=LED*_U_LED_Channel42-1
Added Pin To Net: NetName=GND Pin=LED*_U_LED_Channel42-3
Added Pin To Net: NetName=GND Pin=LED*_U_LED_Channel43-1
Added Pin To Net: NetName=GND Pin=LED*_U_LED_Channel43-3
Added Pin To Net: NetName=GND Pin=LED*_U_LED_Channel44-1
Added Pin To Net: NetName=GND Pin=LED*_U_LED_Channel44-3
Added Pin To Net: NetName=GND Pin=LED*_U_LED_Channel45-1
Added Pin To Net: NetName=GND Pin=LED*_U_LED_Channel45-3
Added Pin To Net: NetName=GND Pin=LED*_U_LED_Channel46-1
Added Pin To Net: NetName=GND Pin=LED*_U_LED_Channel46-3
Added Pin To Net: NetName=GND Pin=LED*_U_LED_Channel47-1
Added Pin To Net: NetName=GND Pin=LED*_U_LED_Channel47-3
Added Pin To Net: NetName=GND Pin=LED*_U_LED_Channel48-1
Added Pin To Net: NetName=GND Pin=LED*_U_LED_Channel48-3
Added Pin To Net: NetName=GND Pin=LED*_U_LED_Channel49-1
Added Pin To Net: NetName=GND Pin=LED*_U_LED_Channel49-3
Added Pin To Net: NetName=GND Pin=LED*_U_LED_Channel50-1
Added Pin To Net: NetName=GND Pin=LED*_U_LED_Channel50-3
Added Pin To Net: NetName=GND Pin=LED*_U_LED_Channel51-1
Added Pin To Net: NetName=GND Pin=LED*_U_LED_Channel51-3
Added Pin To Net: NetName=GND Pin=LED*_U_LED_Channel52-1
Added Pin To Net: NetName=GND Pin=LED*_U_LED_Channel52-3
Added Pin To Net: NetName=GND Pin=LED*_U_LED_Channel53-1
Added Pin To Net: NetName=GND Pin=LED*_U_LED_Channel53-3
Added Pin To Net: NetName=GND Pin=LED*_U_LED_Channel54-1
Added Pin To Net: NetName=GND Pin=LED*_U_LED_Channel54-3
Added Pin To Net: NetName=GND Pin=LED*_U_LED_Channel55-1
Added Pin To Net: NetName=GND Pin=LED*_U_LED_Channel55-3
Added Pin To Net: NetName=GND Pin=LED*_U_LED_Channel56-1
Added Pin To Net: NetName=GND Pin=LED*_U_LED_Channel56-3
Added Pin To Net: NetName=GND Pin=LED*_U_LED_Channel57-1
Added Pin To Net: NetName=GND Pin=LED*_U_LED_Channel57-3
Added Pin To Net: NetName=GND Pin=LED*_U_LED_Channel58-1
Added Pin To Net: NetName=GND Pin=LED*_U_LED_Channel58-3
Added Pin To Net: NetName=GND Pin=LED*_U_LED_Channel59-1
Added Pin To Net: NetName=GND Pin=LED*_U_LED_Channel59-3
Added Pin To Net: NetName=GND Pin=LED*_U_LED_Channel60-1
Added Pin To Net: NetName=GND Pin=LED*_U_LED_Channel60-3
Added Pin To Net: NetName=GND Pin=LED*_U_LED_Channel61-1
Added Pin To Net: NetName=GND Pin=LED*_U_LED_Channel61-3
Added Pin To Net: NetName=GND Pin=LED*_U_LED_Channel62-1
Added Pin To Net: NetName=GND Pin=LED*_U_LED_Channel62-3
Added Pin To Net: NetName=GND Pin=LED*_U_LED_Channel63-1
Added Pin To Net: NetName=GND Pin=LED*_U_LED_Channel63-3
Added Pin To Net: NetName=GND Pin=LED*_U_LED_Channel64-1
Added Pin To Net: NetName=GND Pin=LED*_U_LED_Channel64-3
Added Pin To Net: NetName=GND Pin=MH11-1
Added Pin To Net: NetName=GND Pin=MH12-1
Added Pin To Net: NetName=GND Pin=MH13-1
Added Pin To Net: NetName=GND Pin=MH14-1
Added Pin To Net: NetName=GND Pin=MH15-1
Added Pin To Net: NetName=GND Pin=U1-8
Added Pin To Net: NetName=GND Pin=U1-23
Added Pin To Net: NetName=GND Pin=U1-35
Added Pin To Net: NetName=GND Pin=U1-47
Added Pin To Net: NetName=GND Pin=U2-2
Added Pin To Net: NetName=GND Pin=U3-1
Added Net: Name=GND
Added Pin To Net: NetName=LEDS_O Pin=LED*_U_LED_Channel2-2
Added Pin To Net: NetName=LEDS_O Pin=R1-2
Added Net: Name=LEDS_O
Added Pin To Net: NetName=LEDS_OUT Pin=U1-38
Added Pin To Net: NetName=LEDS_OUT Pin=U2-3
Added Net: Name=LEDS_OUT
Added Pin To Net: NetName=NetD1_1 Pin=S1-1
Added Net: Name=NetD1_1
Added Pin To Net: NetName=NetD2_1 Pin=S2-1
Added Net: Name=NetD2_1
Added Pin To Net: NetName=NetD3_1 Pin=S3-1
Added Net: Name=NetD3_1
Added Pin To Net: NetName=NetD4_1 Pin=S4-1
Added Net: Name=NetD4_1
Added Pin To Net: NetName=NetD5_1 Pin=S5-1
Added Net: Name=NetD5_1
Added Pin To Net: NetName=NetD6_1 Pin=S6-1
Added Net: Name=NetD6_1
Added Pin To Net: NetName=NetD7_1 Pin=S7-1
Added Net: Name=NetD7_1
Added Pin To Net: NetName=NetD8_1 Pin=S8-1
Added Net: Name=NetD8_1
Added Pin To Net: NetName=NetD9_1 Pin=S9-1
Added Net: Name=NetD9_1
Added Pin To Net: NetName=NetD10_1 Pin=S10-1
Added Net: Name=NetD10_1
Added Pin To Net: NetName=NetD11_1 Pin=S11-1
Added Net: Name=NetD11_1
Added Pin To Net: NetName=NetD12_1 Pin=S12-1
Added Net: Name=NetD12_1
Added Pin To Net: NetName=NetD13_1 Pin=S13-1
Added Net: Name=NetD13_1
Added Pin To Net: NetName=NetD14_1 Pin=S14-1
Added Net: Name=NetD14_1
Added Pin To Net: NetName=NetD15_1 Pin=S15-1
Added Net: Name=NetD15_1
Added Pin To Net: NetName=NetD16_1 Pin=S16-1
Added Net: Name=NetD16_1
Added Pin To Net: NetName=NetD17_1 Pin=S17-1
Added Net: Name=NetD17_1
Added Pin To Net: NetName=NetD18_1 Pin=S18-1
Added Net: Name=NetD18_1
Added Pin To Net: NetName=NetD19_1 Pin=S19-1
Added Net: Name=NetD19_1
Added Pin To Net: NetName=NetD20_1 Pin=S20-1
Added Net: Name=NetD20_1
Added Pin To Net: NetName=NetD21_1 Pin=S21-1
Added Net: Name=NetD21_1
Added Pin To Net: NetName=NetD22_1 Pin=S22-1
Added Net: Name=NetD22_1
Added Pin To Net: NetName=NetD23_1 Pin=S23-1
Added Net: Name=NetD23_1
Added Pin To Net: NetName=NetD24_1 Pin=S24-1
Added Net: Name=NetD24_1
Added Pin To Net: NetName=NetD25_1 Pin=S25-1
Added Net: Name=NetD25_1
Added Pin To Net: NetName=NetD26_1 Pin=S26-1
Added Net: Name=NetD26_1
Added Pin To Net: NetName=NetD27_1 Pin=S27-1
Added Net: Name=NetD27_1
Added Pin To Net: NetName=NetD28_1 Pin=S28-1
Added Net: Name=NetD28_1
Added Pin To Net: NetName=NetD29_1 Pin=S29-1
Added Net: Name=NetD29_1
Added Pin To Net: NetName=NetD30_1 Pin=S30-1
Added Net: Name=NetD30_1
Added Pin To Net: NetName=NetD31_1 Pin=S31-1
Added Net: Name=NetD31_1
Added Pin To Net: NetName=NetD32_1 Pin=S32-1
Added Net: Name=NetD32_1
Added Pin To Net: NetName=NetD33_1 Pin=S33-1
Added Net: Name=NetD33_1
Added Pin To Net: NetName=NetD34_1 Pin=S34-1
Added Net: Name=NetD34_1
Added Pin To Net: NetName=NetD35_1 Pin=S35-1
Added Net: Name=NetD35_1
Added Pin To Net: NetName=NetD36_1 Pin=S36-1
Added Net: Name=NetD36_1
Added Pin To Net: NetName=NetD37_1 Pin=S37-1
Added Net: Name=NetD37_1
Added Pin To Net: NetName=NetD38_1 Pin=S38-1
Added Net: Name=NetD38_1
Added Pin To Net: NetName=NetD39_1 Pin=S39-1
Added Net: Name=NetD39_1
Added Pin To Net: NetName=NetD40_1 Pin=S40-1
Added Net: Name=NetD40_1
Added Pin To Net: NetName=NetD41_1 Pin=S41-1
Added Net: Name=NetD41_1
Added Pin To Net: NetName=NetD42_1 Pin=S42-1
Added Net: Name=NetD42_1
Added Pin To Net: NetName=NetD43_1 Pin=S43-1
Added Net: Name=NetD43_1
Added Pin To Net: NetName=NetD44_1 Pin=S44-1
Added Net: Name=NetD44_1
Added Pin To Net: NetName=NetD45_1 Pin=S45-1
Added Net: Name=NetD45_1
Added Pin To Net: NetName=NetD46_1 Pin=S46-1
Added Net: Name=NetD46_1
Added Pin To Net: NetName=NetD47_1 Pin=S47-1
Added Net: Name=NetD47_1
Added Pin To Net: NetName=NetD48_1 Pin=S48-1
Added Net: Name=NetD48_1
Added Pin To Net: NetName=NetD49_1 Pin=S49-1
Added Net: Name=NetD49_1
Added Pin To Net: NetName=NetD50_1 Pin=S50-1
Added Net: Name=NetD50_1
Added Pin To Net: NetName=NetD51_1 Pin=S51-1
Added Net: Name=NetD51_1
Added Pin To Net: NetName=NetD52_1 Pin=S52-1
Added Net: Name=NetD52_1
Added Pin To Net: NetName=NetD53_1 Pin=S53-1
Added Net: Name=NetD53_1
Added Pin To Net: NetName=NetD54_1 Pin=S54-1
Added Net: Name=NetD54_1
Added Pin To Net: NetName=NetD55_1 Pin=S55-1
Added Net: Name=NetD55_1
Added Pin To Net: NetName=NetD56_1 Pin=S56-1
Added Net: Name=NetD56_1
Added Pin To Net: NetName=NetD57_1 Pin=S57-1
Added Net: Name=NetD57_1
Added Pin To Net: NetName=NetD58_1 Pin=S58-1
Added Net: Name=NetD58_1
Added Pin To Net: NetName=NetD59_1 Pin=S59-1
Added Net: Name=NetD59_1
Added Pin To Net: NetName=NetD60_1 Pin=S60-1
Added Net: Name=NetD60_1
Added Pin To Net: NetName=NetD61_1 Pin=S61-1
Added Net: Name=NetD61_1
Added Pin To Net: NetName=NetD62_1 Pin=S62-1
Added Net: Name=NetD62_1
Added Pin To Net: NetName=NetD63_1 Pin=S63-1
Added Net: Name=NetD63_1
Added Pin To Net: NetName=NetD64_1 Pin=S64-1
Added Net: Name=NetD64_1
Added Pin To Net: NetName=NetJ1_2 Pin=J1-2
Added Net: Name=NetJ1_2
Added Pin To Net: NetName=NetLED*_U_LED_Channel1_2 Pin=LED*_U_LED_Channel1-2
Added Pin To Net: NetName=NetLED*_U_LED_Channel1_2 Pin=LED*_U_LED_Channel2-4
Added Net: Name=NetLED*_U_LED_Channel1_2
Added Pin To Net: NetName=NetLED*_U_LED_Channel3_2 Pin=LED*_U_LED_Channel3-2
Added Pin To Net: NetName=NetLED*_U_LED_Channel3_2 Pin=LED*_U_LED_Channel9-4
Added Net: Name=NetLED*_U_LED_Channel3_2
Added Pin To Net: NetName=NetLED*_U_LED_Channel4_2 Pin=LED*_U_LED_Channel3-4
Added Pin To Net: NetName=NetLED*_U_LED_Channel4_2 Pin=LED*_U_LED_Channel4-2
Added Net: Name=NetLED*_U_LED_Channel4_2
Added Pin To Net: NetName=NetLED*_U_LED_Channel5_2 Pin=LED*_U_LED_Channel5-2
Added Pin To Net: NetName=NetLED*_U_LED_Channel5_2 Pin=LED*_U_LED_Channel11-4
Added Net: Name=NetLED*_U_LED_Channel5_2
Added Pin To Net: NetName=NetLED*_U_LED_Channel6_2 Pin=LED*_U_LED_Channel5-4
Added Pin To Net: NetName=NetLED*_U_LED_Channel6_2 Pin=LED*_U_LED_Channel6-2
Added Net: Name=NetLED*_U_LED_Channel6_2
Added Pin To Net: NetName=NetLED*_U_LED_Channel7_2 Pin=LED*_U_LED_Channel7-2
Added Pin To Net: NetName=NetLED*_U_LED_Channel7_2 Pin=LED*_U_LED_Channel13-4
Added Net: Name=NetLED*_U_LED_Channel7_2
Added Pin To Net: NetName=NetLED*_U_LED_Channel8_2 Pin=LED*_U_LED_Channel7-4
Added Pin To Net: NetName=NetLED*_U_LED_Channel8_2 Pin=LED*_U_LED_Channel8-2
Added Net: Name=NetLED*_U_LED_Channel8_2
Added Pin To Net: NetName=NetLED*_U_LED_Channel9_2 Pin=LED*_U_LED_Channel9-2
Added Pin To Net: NetName=NetLED*_U_LED_Channel9_2 Pin=LED*_U_LED_Channel15-4
Added Net: Name=NetLED*_U_LED_Channel9_2
Added Pin To Net: NetName=NetLED*_U_LED_Channel10_2 Pin=LED*_U_LED_Channel4-4
Added Pin To Net: NetName=NetLED*_U_LED_Channel10_2 Pin=LED*_U_LED_Channel10-2
Added Net: Name=NetLED*_U_LED_Channel10_2
Added Pin To Net: NetName=NetLED*_U_LED_Channel11_2 Pin=LED*_U_LED_Channel11-2
Added Pin To Net: NetName=NetLED*_U_LED_Channel11_2 Pin=LED*_U_LED_Channel17-4
Added Net: Name=NetLED*_U_LED_Channel11_2
Added Pin To Net: NetName=NetLED*_U_LED_Channel12_2 Pin=LED*_U_LED_Channel6-4
Added Pin To Net: NetName=NetLED*_U_LED_Channel12_2 Pin=LED*_U_LED_Channel12-2
Added Net: Name=NetLED*_U_LED_Channel12_2
Added Pin To Net: NetName=NetLED*_U_LED_Channel13_2 Pin=LED*_U_LED_Channel13-2
Added Pin To Net: NetName=NetLED*_U_LED_Channel13_2 Pin=LED*_U_LED_Channel19-4
Added Net: Name=NetLED*_U_LED_Channel13_2
Added Pin To Net: NetName=NetLED*_U_LED_Channel14_2 Pin=LED*_U_LED_Channel8-4
Added Pin To Net: NetName=NetLED*_U_LED_Channel14_2 Pin=LED*_U_LED_Channel14-2
Added Net: Name=NetLED*_U_LED_Channel14_2
Added Pin To Net: NetName=NetLED*_U_LED_Channel15_2 Pin=LED*_U_LED_Channel15-2
Added Pin To Net: NetName=NetLED*_U_LED_Channel15_2 Pin=LED*_U_LED_Channel21-4
Added Net: Name=NetLED*_U_LED_Channel15_2
Added Pin To Net: NetName=NetLED*_U_LED_Channel16_2 Pin=LED*_U_LED_Channel10-4
Added Pin To Net: NetName=NetLED*_U_LED_Channel16_2 Pin=LED*_U_LED_Channel16-2
Added Net: Name=NetLED*_U_LED_Channel16_2
Added Pin To Net: NetName=NetLED*_U_LED_Channel17_2 Pin=LED*_U_LED_Channel17-2
Added Pin To Net: NetName=NetLED*_U_LED_Channel17_2 Pin=LED*_U_LED_Channel23-4
Added Net: Name=NetLED*_U_LED_Channel17_2
Added Pin To Net: NetName=NetLED*_U_LED_Channel18_2 Pin=LED*_U_LED_Channel12-4
Added Pin To Net: NetName=NetLED*_U_LED_Channel18_2 Pin=LED*_U_LED_Channel18-2
Added Net: Name=NetLED*_U_LED_Channel18_2
Added Pin To Net: NetName=NetLED*_U_LED_Channel19_2 Pin=LED*_U_LED_Channel19-2
Added Pin To Net: NetName=NetLED*_U_LED_Channel19_2 Pin=LED*_U_LED_Channel25-4
Added Net: Name=NetLED*_U_LED_Channel19_2
Added Pin To Net: NetName=NetLED*_U_LED_Channel20_2 Pin=LED*_U_LED_Channel14-4
Added Pin To Net: NetName=NetLED*_U_LED_Channel20_2 Pin=LED*_U_LED_Channel20-2
Added Net: Name=NetLED*_U_LED_Channel20_2
Added Pin To Net: NetName=NetLED*_U_LED_Channel21_2 Pin=LED*_U_LED_Channel21-2
Added Pin To Net: NetName=NetLED*_U_LED_Channel21_2 Pin=LED*_U_LED_Channel27-4
Added Net: Name=NetLED*_U_LED_Channel21_2
Added Pin To Net: NetName=NetLED*_U_LED_Channel22_2 Pin=LED*_U_LED_Channel16-4
Added Pin To Net: NetName=NetLED*_U_LED_Channel22_2 Pin=LED*_U_LED_Channel22-2
Added Net: Name=NetLED*_U_LED_Channel22_2
Added Pin To Net: NetName=NetLED*_U_LED_Channel23_2 Pin=LED*_U_LED_Channel23-2
Added Pin To Net: NetName=NetLED*_U_LED_Channel23_2 Pin=LED*_U_LED_Channel29-4
Added Net: Name=NetLED*_U_LED_Channel23_2
Added Pin To Net: NetName=NetLED*_U_LED_Channel24_2 Pin=LED*_U_LED_Channel18-4
Added Pin To Net: NetName=NetLED*_U_LED_Channel24_2 Pin=LED*_U_LED_Channel24-2
Added Net: Name=NetLED*_U_LED_Channel24_2
Added Pin To Net: NetName=NetLED*_U_LED_Channel25_2 Pin=LED*_U_LED_Channel25-2
Added Pin To Net: NetName=NetLED*_U_LED_Channel25_2 Pin=LED*_U_LED_Channel31-4
Added Net: Name=NetLED*_U_LED_Channel25_2
Added Pin To Net: NetName=NetLED*_U_LED_Channel26_2 Pin=LED*_U_LED_Channel20-4
Added Pin To Net: NetName=NetLED*_U_LED_Channel26_2 Pin=LED*_U_LED_Channel26-2
Added Net: Name=NetLED*_U_LED_Channel26_2
Added Pin To Net: NetName=NetLED*_U_LED_Channel27_2 Pin=LED*_U_LED_Channel27-2
Added Pin To Net: NetName=NetLED*_U_LED_Channel27_2 Pin=LED*_U_LED_Channel33-4
Added Net: Name=NetLED*_U_LED_Channel27_2
Added Pin To Net: NetName=NetLED*_U_LED_Channel28_2 Pin=LED*_U_LED_Channel22-4
Added Pin To Net: NetName=NetLED*_U_LED_Channel28_2 Pin=LED*_U_LED_Channel28-2
Added Net: Name=NetLED*_U_LED_Channel28_2
Added Pin To Net: NetName=NetLED*_U_LED_Channel29_2 Pin=LED*_U_LED_Channel29-2
Added Pin To Net: NetName=NetLED*_U_LED_Channel29_2 Pin=LED*_U_LED_Channel35-4
Added Net: Name=NetLED*_U_LED_Channel29_2
Added Pin To Net: NetName=NetLED*_U_LED_Channel30_2 Pin=LED*_U_LED_Channel24-4
Added Pin To Net: NetName=NetLED*_U_LED_Channel30_2 Pin=LED*_U_LED_Channel30-2
Added Net: Name=NetLED*_U_LED_Channel30_2
Added Pin To Net: NetName=NetLED*_U_LED_Channel31_2 Pin=LED*_U_LED_Channel31-2
Added Pin To Net: NetName=NetLED*_U_LED_Channel31_2 Pin=LED*_U_LED_Channel37-4
Added Net: Name=NetLED*_U_LED_Channel31_2
Added Pin To Net: NetName=NetLED*_U_LED_Channel32_2 Pin=LED*_U_LED_Channel26-4
Added Pin To Net: NetName=NetLED*_U_LED_Channel32_2 Pin=LED*_U_LED_Channel32-2
Added Net: Name=NetLED*_U_LED_Channel32_2
Added Pin To Net: NetName=NetLED*_U_LED_Channel33_2 Pin=LED*_U_LED_Channel33-2
Added Pin To Net: NetName=NetLED*_U_LED_Channel33_2 Pin=LED*_U_LED_Channel39-4
Added Net: Name=NetLED*_U_LED_Channel33_2
Added Pin To Net: NetName=NetLED*_U_LED_Channel34_2 Pin=LED*_U_LED_Channel28-4
Added Pin To Net: NetName=NetLED*_U_LED_Channel34_2 Pin=LED*_U_LED_Channel34-2
Added Net: Name=NetLED*_U_LED_Channel34_2
Added Pin To Net: NetName=NetLED*_U_LED_Channel35_2 Pin=LED*_U_LED_Channel35-2
Added Pin To Net: NetName=NetLED*_U_LED_Channel35_2 Pin=LED*_U_LED_Channel41-4
Added Net: Name=NetLED*_U_LED_Channel35_2
Added Pin To Net: NetName=NetLED*_U_LED_Channel36_2 Pin=LED*_U_LED_Channel30-4
Added Pin To Net: NetName=NetLED*_U_LED_Channel36_2 Pin=LED*_U_LED_Channel36-2
Added Net: Name=NetLED*_U_LED_Channel36_2
Added Pin To Net: NetName=NetLED*_U_LED_Channel37_2 Pin=LED*_U_LED_Channel37-2
Added Pin To Net: NetName=NetLED*_U_LED_Channel37_2 Pin=LED*_U_LED_Channel43-4
Added Net: Name=NetLED*_U_LED_Channel37_2
Added Pin To Net: NetName=NetLED*_U_LED_Channel38_2 Pin=LED*_U_LED_Channel32-4
Added Pin To Net: NetName=NetLED*_U_LED_Channel38_2 Pin=LED*_U_LED_Channel38-2
Added Net: Name=NetLED*_U_LED_Channel38_2
Added Pin To Net: NetName=NetLED*_U_LED_Channel39_2 Pin=LED*_U_LED_Channel39-2
Added Pin To Net: NetName=NetLED*_U_LED_Channel39_2 Pin=LED*_U_LED_Channel45-4
Added Net: Name=NetLED*_U_LED_Channel39_2
Added Pin To Net: NetName=NetLED*_U_LED_Channel40_2 Pin=LED*_U_LED_Channel34-4
Added Pin To Net: NetName=NetLED*_U_LED_Channel40_2 Pin=LED*_U_LED_Channel40-2
Added Net: Name=NetLED*_U_LED_Channel40_2
Added Pin To Net: NetName=NetLED*_U_LED_Channel41_2 Pin=LED*_U_LED_Channel41-2
Added Pin To Net: NetName=NetLED*_U_LED_Channel41_2 Pin=LED*_U_LED_Channel47-4
Added Net: Name=NetLED*_U_LED_Channel41_2
Added Pin To Net: NetName=NetLED*_U_LED_Channel42_2 Pin=LED*_U_LED_Channel36-4
Added Pin To Net: NetName=NetLED*_U_LED_Channel42_2 Pin=LED*_U_LED_Channel42-2
Added Net: Name=NetLED*_U_LED_Channel42_2
Added Pin To Net: NetName=NetLED*_U_LED_Channel43_2 Pin=LED*_U_LED_Channel43-2
Added Pin To Net: NetName=NetLED*_U_LED_Channel43_2 Pin=LED*_U_LED_Channel49-4
Added Net: Name=NetLED*_U_LED_Channel43_2
Added Pin To Net: NetName=NetLED*_U_LED_Channel44_2 Pin=LED*_U_LED_Channel38-4
Added Pin To Net: NetName=NetLED*_U_LED_Channel44_2 Pin=LED*_U_LED_Channel44-2
Added Net: Name=NetLED*_U_LED_Channel44_2
Added Pin To Net: NetName=NetLED*_U_LED_Channel45_2 Pin=LED*_U_LED_Channel45-2
Added Pin To Net: NetName=NetLED*_U_LED_Channel45_2 Pin=LED*_U_LED_Channel51-4
Added Net: Name=NetLED*_U_LED_Channel45_2
Added Pin To Net: NetName=NetLED*_U_LED_Channel46_2 Pin=LED*_U_LED_Channel40-4
Added Pin To Net: NetName=NetLED*_U_LED_Channel46_2 Pin=LED*_U_LED_Channel46-2
Added Net: Name=NetLED*_U_LED_Channel46_2
Added Pin To Net: NetName=NetLED*_U_LED_Channel47_2 Pin=LED*_U_LED_Channel47-2
Added Pin To Net: NetName=NetLED*_U_LED_Channel47_2 Pin=LED*_U_LED_Channel53-4
Added Net: Name=NetLED*_U_LED_Channel47_2
Added Pin To Net: NetName=NetLED*_U_LED_Channel48_2 Pin=LED*_U_LED_Channel42-4
Added Pin To Net: NetName=NetLED*_U_LED_Channel48_2 Pin=LED*_U_LED_Channel48-2
Added Net: Name=NetLED*_U_LED_Channel48_2
Added Pin To Net: NetName=NetLED*_U_LED_Channel49_2 Pin=LED*_U_LED_Channel49-2
Added Pin To Net: NetName=NetLED*_U_LED_Channel49_2 Pin=LED*_U_LED_Channel55-4
Added Net: Name=NetLED*_U_LED_Channel49_2
Added Pin To Net: NetName=NetLED*_U_LED_Channel50_2 Pin=LED*_U_LED_Channel44-4
Added Pin To Net: NetName=NetLED*_U_LED_Channel50_2 Pin=LED*_U_LED_Channel50-2
Added Net: Name=NetLED*_U_LED_Channel50_2
Added Pin To Net: NetName=NetLED*_U_LED_Channel51_2 Pin=LED*_U_LED_Channel1-4
Added Pin To Net: NetName=NetLED*_U_LED_Channel51_2 Pin=LED*_U_LED_Channel51-2
Added Net: Name=NetLED*_U_LED_Channel51_2
Added Pin To Net: NetName=NetLED*_U_LED_Channel52_2 Pin=LED*_U_LED_Channel46-4
Added Pin To Net: NetName=NetLED*_U_LED_Channel52_2 Pin=LED*_U_LED_Channel52-2
Added Net: Name=NetLED*_U_LED_Channel52_2
Added Pin To Net: NetName=NetLED*_U_LED_Channel53_2 Pin=LED*_U_LED_Channel53-2
Added Pin To Net: NetName=NetLED*_U_LED_Channel53_2 Pin=LED*_U_LED_Channel58-4
Added Net: Name=NetLED*_U_LED_Channel53_2
Added Pin To Net: NetName=NetLED*_U_LED_Channel54_2 Pin=LED*_U_LED_Channel48-4
Added Pin To Net: NetName=NetLED*_U_LED_Channel54_2 Pin=LED*_U_LED_Channel54-2
Added Net: Name=NetLED*_U_LED_Channel54_2
Added Pin To Net: NetName=NetLED*_U_LED_Channel55_2 Pin=LED*_U_LED_Channel55-2
Added Pin To Net: NetName=NetLED*_U_LED_Channel55_2 Pin=LED*_U_LED_Channel60-4
Added Net: Name=NetLED*_U_LED_Channel55_2
Added Pin To Net: NetName=NetLED*_U_LED_Channel56_2 Pin=LED*_U_LED_Channel50-4
Added Pin To Net: NetName=NetLED*_U_LED_Channel56_2 Pin=LED*_U_LED_Channel56-2
Added Net: Name=NetLED*_U_LED_Channel56_2
Added Pin To Net: NetName=NetLED*_U_LED_Channel56_4 Pin=LED*_U_LED_Channel56-4
Added Net: Name=NetLED*_U_LED_Channel56_4
Added Pin To Net: NetName=NetLED*_U_LED_Channel57_2 Pin=LED*_U_LED_Channel52-4
Added Pin To Net: NetName=NetLED*_U_LED_Channel57_2 Pin=LED*_U_LED_Channel57-2
Added Net: Name=NetLED*_U_LED_Channel57_2
Added Pin To Net: NetName=NetLED*_U_LED_Channel58_2 Pin=LED*_U_LED_Channel58-2
Added Pin To Net: NetName=NetLED*_U_LED_Channel58_2 Pin=LED*_U_LED_Channel62-4
Added Net: Name=NetLED*_U_LED_Channel58_2
Added Pin To Net: NetName=NetLED*_U_LED_Channel59_2 Pin=LED*_U_LED_Channel54-4
Added Pin To Net: NetName=NetLED*_U_LED_Channel59_2 Pin=LED*_U_LED_Channel59-2
Added Net: Name=NetLED*_U_LED_Channel59_2
Added Pin To Net: NetName=NetLED*_U_LED_Channel60_2 Pin=LED*_U_LED_Channel60-2
Added Pin To Net: NetName=NetLED*_U_LED_Channel60_2 Pin=LED*_U_LED_Channel64-4
Added Net: Name=NetLED*_U_LED_Channel60_2
Added Pin To Net: NetName=NetLED*_U_LED_Channel61_2 Pin=LED*_U_LED_Channel57-4
Added Pin To Net: NetName=NetLED*_U_LED_Channel61_2 Pin=LED*_U_LED_Channel61-2
Added Net: Name=NetLED*_U_LED_Channel61_2
Added Pin To Net: NetName=NetLED*_U_LED_Channel62_2 Pin=LED*_U_LED_Channel61-4
Added Pin To Net: NetName=NetLED*_U_LED_Channel62_2 Pin=LED*_U_LED_Channel62-2
Added Net: Name=NetLED*_U_LED_Channel62_2
Added Pin To Net: NetName=NetLED*_U_LED_Channel63_2 Pin=LED*_U_LED_Channel59-4
Added Pin To Net: NetName=NetLED*_U_LED_Channel63_2 Pin=LED*_U_LED_Channel63-2
Added Net: Name=NetLED*_U_LED_Channel63_2
Added Pin To Net: NetName=NetLED*_U_LED_Channel64_2 Pin=LED*_U_LED_Channel63-4
Added Pin To Net: NetName=NetLED*_U_LED_Channel64_2 Pin=LED*_U_LED_Channel64-2
Added Net: Name=NetLED*_U_LED_Channel64_2
Added Pin To Net: NetName=NetMH1_1 Pin=MH1-1
Added Net: Name=NetMH1_1
Added Pin To Net: NetName=NetMH2_1 Pin=MH2-1
Added Net: Name=NetMH2_1
Added Pin To Net: NetName=NetMH3_1 Pin=MH3-1
Added Net: Name=NetMH3_1
Added Pin To Net: NetName=NetMH4_1 Pin=MH4-1
Added Net: Name=NetMH4_1
Added Pin To Net: NetName=NetMH5_1 Pin=MH5-1
Added Net: Name=NetMH5_1
Added Pin To Net: NetName=NetMH6_1 Pin=MH6-1
Added Net: Name=NetMH6_1
Added Pin To Net: NetName=NetMH7_1 Pin=MH7-1
Added Net: Name=NetMH7_1
Added Pin To Net: NetName=NetMH8_1 Pin=MH8-1
Added Net: Name=NetMH8_1
Added Pin To Net: NetName=NetMH9_1 Pin=MH9-1
Added Net: Name=NetMH9_1
Added Pin To Net: NetName=NetMH10_1 Pin=MH10-1
Added Net: Name=NetMH10_1
Added Pin To Net: NetName=NetMH16_1 Pin=MH16-1
Added Net: Name=NetMH16_1
Added Pin To Net: NetName=NetMH17_1 Pin=MH17-1
Added Net: Name=NetMH17_1
Added Pin To Net: NetName=NetMH18_1 Pin=MH18-1
Added Net: Name=NetMH18_1
Added Pin To Net: NetName=NetMH19_1 Pin=MH19-1
Added Net: Name=NetMH19_1
Added Pin To Net: NetName=NetMH20_1 Pin=MH20-1
Added Net: Name=NetMH20_1
Added Pin To Net: NetName=NetMH21_1 Pin=MH21-1
Added Net: Name=NetMH21_1
Added Pin To Net: NetName=NetMH22_1 Pin=MH22-1
Added Net: Name=NetMH22_1
Added Pin To Net: NetName=NetMH23_1 Pin=MH23-1
Added Net: Name=NetMH23_1
Added Pin To Net: NetName=NetR1_1 Pin=R1-1
Added Pin To Net: NetName=NetR1_1 Pin=U2-4
Added Net: Name=NetR1_1
Added Pin To Net: NetName=NetS1_2 Pin=S1-2
Added Pin To Net: NetName=NetS1_2 Pin=S15-2
Added Pin To Net: NetName=NetS1_2 Pin=S29-2
Added Pin To Net: NetName=NetS1_2 Pin=S42-2
Added Pin To Net: NetName=NetS1_2 Pin=S56-2
Added Pin To Net: NetName=NetS1_2 Pin=U1-18
Added Net: Name=NetS1_2
Added Pin To Net: NetName=NetS2_2 Pin=S2-2
Added Pin To Net: NetName=NetS2_2 Pin=S16-2
Added Pin To Net: NetName=NetS2_2 Pin=S30-2
Added Pin To Net: NetName=NetS2_2 Pin=S43-2
Added Pin To Net: NetName=NetS2_2 Pin=S57-2
Added Pin To Net: NetName=NetS2_2 Pin=U1-19
Added Net: Name=NetS2_2
Added Pin To Net: NetName=NetS3_2 Pin=S3-2
Added Pin To Net: NetName=NetS3_2 Pin=S17-2
Added Pin To Net: NetName=NetS3_2 Pin=S31-2
Added Pin To Net: NetName=NetS3_2 Pin=S44-2
Added Pin To Net: NetName=NetS3_2 Pin=S58-2
Added Pin To Net: NetName=NetS3_2 Pin=U1-20
Added Net: Name=NetS3_2
Added Pin To Net: NetName=NetS4_2 Pin=S4-2
Added Pin To Net: NetName=NetS4_2 Pin=S18-2
Added Pin To Net: NetName=NetS4_2 Pin=S32-2
Added Pin To Net: NetName=NetS4_2 Pin=S45-2
Added Pin To Net: NetName=NetS4_2 Pin=U1-39
Added Net: Name=NetS4_2
Added Pin To Net: NetName=NetS5_2 Pin=S5-2
Added Pin To Net: NetName=NetS5_2 Pin=S19-2
Added Pin To Net: NetName=NetS5_2 Pin=S33-2
Added Pin To Net: NetName=NetS5_2 Pin=S46-2
Added Pin To Net: NetName=NetS5_2 Pin=U1-40
Added Net: Name=NetS5_2
Added Pin To Net: NetName=NetS6_2 Pin=S6-2
Added Pin To Net: NetName=NetS6_2 Pin=S20-2
Added Pin To Net: NetName=NetS6_2 Pin=S34-2
Added Pin To Net: NetName=NetS6_2 Pin=S47-2
Added Pin To Net: NetName=NetS6_2 Pin=S59-2
Added Pin To Net: NetName=NetS6_2 Pin=U1-41
Added Net: Name=NetS6_2
Added Pin To Net: NetName=NetS7_2 Pin=S7-2
Added Pin To Net: NetName=NetS7_2 Pin=S21-2
Added Pin To Net: NetName=NetS7_2 Pin=S35-2
Added Pin To Net: NetName=NetS7_2 Pin=S48-2
Added Pin To Net: NetName=NetS7_2 Pin=U1-42
Added Net: Name=NetS7_2
Added Pin To Net: NetName=NetS8_2 Pin=S8-2
Added Pin To Net: NetName=NetS8_2 Pin=S22-2
Added Pin To Net: NetName=NetS8_2 Pin=S36-2
Added Pin To Net: NetName=NetS8_2 Pin=S49-2
Added Pin To Net: NetName=NetS8_2 Pin=U1-43
Added Net: Name=NetS8_2
Added Pin To Net: NetName=NetS9_2 Pin=S9-2
Added Pin To Net: NetName=NetS9_2 Pin=S23-2
Added Pin To Net: NetName=NetS9_2 Pin=S37-2
Added Pin To Net: NetName=NetS9_2 Pin=S50-2
Added Pin To Net: NetName=NetS9_2 Pin=U1-45
Added Net: Name=NetS9_2
Added Pin To Net: NetName=NetS10_2 Pin=S10-2
Added Pin To Net: NetName=NetS10_2 Pin=S24-2
Added Pin To Net: NetName=NetS10_2 Pin=S38-2
Added Pin To Net: NetName=NetS10_2 Pin=S51-2
Added Pin To Net: NetName=NetS10_2 Pin=S60-2
Added Pin To Net: NetName=NetS10_2 Pin=U1-46
Added Net: Name=NetS10_2
Added Pin To Net: NetName=NetS11_2 Pin=S11-2
Added Pin To Net: NetName=NetS11_2 Pin=S25-2
Added Pin To Net: NetName=NetS11_2 Pin=S39-2
Added Pin To Net: NetName=NetS11_2 Pin=S52-2
Added Pin To Net: NetName=NetS11_2 Pin=S61-2
Added Pin To Net: NetName=NetS11_2 Pin=U1-21
Added Net: Name=NetS11_2
Added Pin To Net: NetName=NetS12_2 Pin=S12-2
Added Pin To Net: NetName=NetS12_2 Pin=S26-2
Added Pin To Net: NetName=NetS12_2 Pin=S40-2
Added Pin To Net: NetName=NetS12_2 Pin=S53-2
Added Pin To Net: NetName=NetS12_2 Pin=S62-2
Added Pin To Net: NetName=NetS12_2 Pin=U1-22
Added Net: Name=NetS12_2
Added Pin To Net: NetName=NetS13_2 Pin=S13-2
Added Pin To Net: NetName=NetS13_2 Pin=S27-2
Added Pin To Net: NetName=NetS13_2 Pin=S54-2
Added Pin To Net: NetName=NetS13_2 Pin=S63-2
Added Pin To Net: NetName=NetS13_2 Pin=U1-25
Added Net: Name=NetS13_2
Added Pin To Net: NetName=NetS14_2 Pin=S14-2
Added Pin To Net: NetName=NetS14_2 Pin=S28-2
Added Pin To Net: NetName=NetS14_2 Pin=S41-2
Added Pin To Net: NetName=NetS14_2 Pin=S55-2
Added Pin To Net: NetName=NetS14_2 Pin=S64-2
Added Pin To Net: NetName=NetS14_2 Pin=U1-26
Added Net: Name=NetS14_2
Added Pin To Net: NetName=NetU1_2 Pin=U1-2
Added Net: Name=NetU1_2
Added Pin To Net: NetName=NetU1_3 Pin=U1-3
Added Net: Name=NetU1_3
Added Pin To Net: NetName=NetU1_4 Pin=U1-4
Added Net: Name=NetU1_4
Added Pin To Net: NetName=NetU1_5 Pin=U1-5
Added Net: Name=NetU1_5
Added Pin To Net: NetName=NetU1_6 Pin=U1-6
Added Net: Name=NetU1_6
Added Pin To Net: NetName=NetU1_15 Pin=U1-15
Added Net: Name=NetU1_15
Added Pin To Net: NetName=NetU1_16 Pin=U1-16
Added Net: Name=NetU1_16
Added Pin To Net: NetName=NetU1_27 Pin=U1-27
Added Net: Name=NetU1_27
Added Pin To Net: NetName=NetU1_28 Pin=U1-28
Added Net: Name=NetU1_28
Added Pin To Net: NetName=NetU1_31 Pin=U1-31
Added Net: Name=NetU1_31
Added Pin To Net: NetName=OS_1 Pin=J1-3
Added Pin To Net: NetName=OS_1 Pin=U1-17
Added Net: Name=OS_1
Added Pin To Net: NetName=OS_2 Pin=J1-4
Added Pin To Net: NetName=OS_2 Pin=U1-29
Added Net: Name=OS_2
Added Pin To Net: NetName=OS_3 Pin=J1-5
Added Pin To Net: NetName=OS_3 Pin=U1-30
Added Net: Name=OS_3
Added Pin To Net: NetName=ROW1 Pin=U1-10
Added Net: Name=ROW1
Added Pin To Net: NetName=ROW2 Pin=U1-11
Added Net: Name=ROW2
Added Pin To Net: NetName=ROW3 Pin=U1-12
Added Net: Name=ROW3
Added Pin To Net: NetName=ROW4 Pin=U1-13
Added Net: Name=ROW4
Added Pin To Net: NetName=ROW5 Pin=U1-14
Added Net: Name=ROW5
Added Pin To Net: NetName=SWCLK Pin=J2-3
Added Pin To Net: NetName=SWCLK Pin=U1-37
Added Net: Name=SWCLK
Added Pin To Net: NetName=SWDIO Pin=J2-2
Added Pin To Net: NetName=SWDIO Pin=U1-34
Added Net: Name=SWDIO
Added Pin To Net: NetName=USBD_+ Pin=J1-9
Added Pin To Net: NetName=USBD_+ Pin=U1-33
Added Net: Name=USBD_+
Added Pin To Net: NetName=USBD_- Pin=J1-8
Added Pin To Net: NetName=USBD_- Pin=U1-32
Added Net: Name=USBD_-
Added Pin To Net: NetName=VBUS Pin=C7-1
Added Pin To Net: NetName=VBUS Pin=C*_U_LED_Channel1-1
Added Pin To Net: NetName=VBUS Pin=C*_U_LED_Channel2-1
Added Pin To Net: NetName=VBUS Pin=C*_U_LED_Channel3-1
Added Pin To Net: NetName=VBUS Pin=C*_U_LED_Channel4-1
Added Pin To Net: NetName=VBUS Pin=C*_U_LED_Channel5-1
Added Pin To Net: NetName=VBUS Pin=C*_U_LED_Channel6-1
Added Pin To Net: NetName=VBUS Pin=C*_U_LED_Channel7-1
Added Pin To Net: NetName=VBUS Pin=C*_U_LED_Channel8-1
Added Pin To Net: NetName=VBUS Pin=C*_U_LED_Channel9-1
Added Pin To Net: NetName=VBUS Pin=C*_U_LED_Channel10-1
Added Pin To Net: NetName=VBUS Pin=C*_U_LED_Channel11-1
Added Pin To Net: NetName=VBUS Pin=C*_U_LED_Channel12-1
Added Pin To Net: NetName=VBUS Pin=C*_U_LED_Channel13-1
Added Pin To Net: NetName=VBUS Pin=C*_U_LED_Channel14-1
Added Pin To Net: NetName=VBUS Pin=C*_U_LED_Channel15-1
Added Pin To Net: NetName=VBUS Pin=C*_U_LED_Channel16-1
Added Pin To Net: NetName=VBUS Pin=C*_U_LED_Channel17-1
Added Pin To Net: NetName=VBUS Pin=C*_U_LED_Channel18-1
Added Pin To Net: NetName=VBUS Pin=C*_U_LED_Channel19-1
Added Pin To Net: NetName=VBUS Pin=C*_U_LED_Channel20-1
Added Pin To Net: NetName=VBUS Pin=C*_U_LED_Channel21-1
Added Pin To Net: NetName=VBUS Pin=C*_U_LED_Channel22-1
Added Pin To Net: NetName=VBUS Pin=C*_U_LED_Channel23-1
Added Pin To Net: NetName=VBUS Pin=C*_U_LED_Channel24-1
Added Pin To Net: NetName=VBUS Pin=C*_U_LED_Channel25-1
Added Pin To Net: NetName=VBUS Pin=C*_U_LED_Channel26-1
Added Pin To Net: NetName=VBUS Pin=C*_U_LED_Channel27-1
Added Pin To Net: NetName=VBUS Pin=C*_U_LED_Channel28-1
Added Pin To Net: NetName=VBUS Pin=C*_U_LED_Channel29-1
Added Pin To Net: NetName=VBUS Pin=C*_U_LED_Channel30-1
Added Pin To Net: NetName=VBUS Pin=C*_U_LED_Channel31-1
Added Pin To Net: NetName=VBUS Pin=C*_U_LED_Channel32-1
Added Pin To Net: NetName=VBUS Pin=C*_U_LED_Channel33-1
Added Pin To Net: NetName=VBUS Pin=C*_U_LED_Channel34-1
Added Pin To Net: NetName=VBUS Pin=C*_U_LED_Channel35-1
Added Pin To Net: NetName=VBUS Pin=C*_U_LED_Channel36-1
Added Pin To Net: NetName=VBUS Pin=C*_U_LED_Channel37-1
Added Pin To Net: NetName=VBUS Pin=C*_U_LED_Channel38-1
Added Pin To Net: NetName=VBUS Pin=C*_U_LED_Channel39-1
Added Pin To Net: NetName=VBUS Pin=C*_U_LED_Channel40-1
Added Pin To Net: NetName=VBUS Pin=C*_U_LED_Channel41-1
Added Pin To Net: NetName=VBUS Pin=C*_U_LED_Channel42-1
Added Pin To Net: NetName=VBUS Pin=C*_U_LED_Channel43-1
Added Pin To Net: NetName=VBUS Pin=C*_U_LED_Channel44-1
Added Pin To Net: NetName=VBUS Pin=C*_U_LED_Channel45-1
Added Pin To Net: NetName=VBUS Pin=C*_U_LED_Channel46-1
Added Pin To Net: NetName=VBUS Pin=C*_U_LED_Channel47-1
Added Pin To Net: NetName=VBUS Pin=C*_U_LED_Channel48-1
Added Pin To Net: NetName=VBUS Pin=C*_U_LED_Channel49-1
Added Pin To Net: NetName=VBUS Pin=C*_U_LED_Channel50-1
Added Pin To Net: NetName=VBUS Pin=C*_U_LED_Channel51-1
Added Pin To Net: NetName=VBUS Pin=C*_U_LED_Channel52-1
Added Pin To Net: NetName=VBUS Pin=C*_U_LED_Channel53-1
Added Pin To Net: NetName=VBUS Pin=C*_U_LED_Channel54-1
Added Pin To Net: NetName=VBUS Pin=C*_U_LED_Channel55-1
Added Pin To Net: NetName=VBUS Pin=C*_U_LED_Channel56-1
Added Pin To Net: NetName=VBUS Pin=C*_U_LED_Channel57-1
Added Pin To Net: NetName=VBUS Pin=C*_U_LED_Channel58-1
Added Pin To Net: NetName=VBUS Pin=C*_U_LED_Channel59-1
Added Pin To Net: NetName=VBUS Pin=C*_U_LED_Channel60-1
Added Pin To Net: NetName=VBUS Pin=C*_U_LED_Channel61-1
Added Pin To Net: NetName=VBUS Pin=C*_U_LED_Channel62-1
Added Pin To Net: NetName=VBUS Pin=C*_U_LED_Channel63-1
Added Pin To Net: NetName=VBUS Pin=C*_U_LED_Channel64-1
Added Pin To Net: NetName=VBUS Pin=J1-1
Added Pin To Net: NetName=VBUS Pin=U2-6
Added Pin To Net: NetName=VBUS Pin=U3-3
Added Net: Name=VBUS
Added Class: Name=U_LED_Channel1
Added Class: Name=U_LED_Channel2
Added Class: Name=U_LED_Channel3
Added Class: Name=U_LED_Channel4
Added Class: Name=U_LED_Channel5
Added Class: Name=U_LED_Channel6
Added Class: Name=U_LED_Channel7
Added Class: Name=U_LED_Channel8
Added Class: Name=U_LED_Channel9
Added Class: Name=U_LED_Channel10
Added Class: Name=U_LED_Channel11
Added Class: Name=U_LED_Channel12
Added Class: Name=U_LED_Channel13
Added Class: Name=U_LED_Channel14
Added Class: Name=U_LED_Channel15
Added Class: Name=U_LED_Channel16
Added Class: Name=U_LED_Channel17
Added Class: Name=U_LED_Channel18
Added Class: Name=U_LED_Channel19
Added Class: Name=U_LED_Channel20
Added Class: Name=U_LED_Channel21
Added Class: Name=U_LED_Channel22
Added Class: Name=U_LED_Channel23
Added Class: Name=U_LED_Channel24
Added Class: Name=U_LED_Channel25
Added Class: Name=U_LED_Channel26
Added Class: Name=U_LED_Channel27
Added Class: Name=U_LED_Channel28
Added Class: Name=U_LED_Channel29
Added Class: Name=U_LED_Channel30
Added Class: Name=U_LED_Channel31
Added Class: Name=U_LED_Channel32
Added Class: Name=U_LED_Channel33
Added Class: Name=U_LED_Channel34
Added Class: Name=U_LED_Channel35
Added Class: Name=U_LED_Channel36
Added Class: Name=U_LED_Channel37
Added Class: Name=U_LED_Channel38
Added Class: Name=U_LED_Channel39
Added Class: Name=U_LED_Channel40
Added Class: Name=U_LED_Channel41
Added Class: Name=U_LED_Channel42
Added Class: Name=U_LED_Channel43
Added Class: Name=U_LED_Channel44
Added Class: Name=U_LED_Channel45
Added Class: Name=U_LED_Channel46
Added Class: Name=U_LED_Channel47
Added Class: Name=U_LED_Channel48
Added Class: Name=U_LED_Channel49
Added Class: Name=U_LED_Channel50
Added Class: Name=U_LED_Channel51
Added Class: Name=U_LED_Channel52
Added Class: Name=U_LED_Channel53
Added Class: Name=U_LED_Channel54
Added Class: Name=U_LED_Channel55
Added Class: Name=U_LED_Channel56
Added Class: Name=U_LED_Channel57
Added Class: Name=U_LED_Channel58
Added Class: Name=U_LED_Channel59
Added Class: Name=U_LED_Channel60
Added Class: Name=U_LED_Channel61
Added Class: Name=U_LED_Channel62
Added Class: Name=U_LED_Channel63
Added Class: Name=U_LED_Channel64
Added Class: Name=U_Matrice
Added Class: Name=U_MCU
Added Class: Name=U_Mounting_Holes
Added Differential Pair: Name=USBD
Added Class: Name=LED_Channel
Added Rule: Name=Schematic Supply Nets
Added Rule: Name=Schematic Supply Nets_1
Added Rule: Name=Schematic Supply Nets_2
