Removed Pin From Net: NetName=NetLED_15_2 Pin=LED_14-4
Removed Pin From Net: NetName=NetLED_16_2 Pin=LED_15-4
Removed Pin From Net: NetName=NetLED_17_2 Pin=LED_16-4
Removed Pin From Net: NetName=NetLED_18_2 Pin=LED_17-4
Removed Pin From Net: NetName=NetLED_19_2 Pin=LED_18-4
Removed Pin From Net: NetName=NetLED_20_2 Pin=LED_19-4
Removed Pin From Net: NetName=NetLED_21_2 Pin=LED_20-4
Removed Pin From Net: NetName=NetLED_23_2 Pin=LED_22-4
Removed Pin From Net: NetName=NetLED_24_2 Pin=LED_23-4
Removed Pin From Net: NetName=NetLED_25_2 Pin=LED_24-4
Removed Pin From Net: NetName=NetLED_26_2 Pin=LED_25-4
Removed Pin From Net: NetName=NetLED_27_2 Pin=LED_26-4
Removed Pin From Net: NetName=NetLED_29_2 Pin=LED_28-4
Removed Pin From Net: NetName=NetLED_42_2 Pin=LED_41-4
Removed Pin From Net: NetName=NetLED_43_2 Pin=LED_42-4
Removed Pin From Net: NetName=NetLED_44_2 Pin=LED_43-4
Removed Pin From Net: NetName=NetLED_45_2 Pin=LED_44-4
Removed Pin From Net: NetName=NetLED_46_2 Pin=LED_45-4
Removed Pin From Net: NetName=NetLED_47_2 Pin=LED_46-4
Removed Pin From Net: NetName=NetLED_48_2 Pin=LED_47-4
Removed Pin From Net: NetName=NetLED_49_2 Pin=LED_48-4
Removed Pin From Net: NetName=NetLED_50_2 Pin=LED_49-4
Removed Pin From Net: NetName=NetLED_51_2 Pin=LED_50-4
Removed Pin From Net: NetName=NetLED_52_2 Pin=LED_51-4
Removed Pin From Net: NetName=NetLED_53_2 Pin=LED_52-4
Removed Pin From Net: NetName=NetLED_54_2 Pin=LED_53-4
Removed Pin From Net: NetName=NetLED_55_2 Pin=LED_54-4
Removed Pin From Net: NetName=NetLED_56_2 Pin=LED_55-4
Removed Member From Class: ClassName=LED_Channel Member=1
Removed Member From Class: ClassName=LED_Channel Member=2
Removed Member From Class: ClassName=LED_Channel Member=3
Removed Member From Class: ClassName=LED_Channel Member=4
Removed Member From Class: ClassName=LED_Channel Member=5
Removed Member From Class: ClassName=LED_Channel Member=6
Removed Member From Class: ClassName=LED_Channel Member=7
Removed Member From Class: ClassName=LED_Channel Member=8
Removed Member From Class: ClassName=LED_Channel Member=9
Removed Member From Class: ClassName=LED_Channel Member=10
Removed Member From Class: ClassName=LED_Channel Member=11
Removed Member From Class: ClassName=LED_Channel Member=13
Removed Member From Class: ClassName=LED_Channel Member=14
Removed Member From Class: ClassName=LED_Channel Member=15
Removed Member From Class: ClassName=LED_Channel Member=16
Removed Member From Class: ClassName=LED_Channel Member=17
Removed Member From Class: ClassName=LED_Channel Member=18
Removed Member From Class: ClassName=LED_Channel Member=19
Removed Member From Class: ClassName=LED_Channel Member=20
Removed Member From Class: ClassName=LED_Channel Member=21
Removed Member From Class: ClassName=LED_Channel Member=23
Removed Member From Class: ClassName=LED_Channel Member=24
Removed Member From Class: ClassName=LED_Channel Member=25
Removed Member From Class: ClassName=LED_Channel Member=26
Removed Member From Class: ClassName=LED_Channel Member=27
Removed Member From Class: ClassName=LED_Channel Member=28
Removed Member From Class: ClassName=LED_Channel Member=29
Removed Member From Class: ClassName=LED_Channel Member=30
Removed Member From Class: ClassName=LED_Channel Member=31
Removed Member From Class: ClassName=LED_Channel Member=32
Removed Member From Class: ClassName=LED_Channel Member=33
Removed Member From Class: ClassName=LED_Channel Member=34
Removed Member From Class: ClassName=LED_Channel Member=35
Removed Member From Class: ClassName=LED_Channel Member=36
Removed Member From Class: ClassName=LED_Channel Member=37
Removed Member From Class: ClassName=LED_Channel Member=38
Removed Member From Class: ClassName=LED_Channel Member=39
Removed Member From Class: ClassName=LED_Channel Member=40
Removed Member From Class: ClassName=LED_Channel Member=41
Removed Member From Class: ClassName=LED_Channel Member=42
Removed Member From Class: ClassName=LED_Channel Member=43
Removed Member From Class: ClassName=LED_Channel Member=44
Removed Member From Class: ClassName=LED_Channel Member=45
Removed Member From Class: ClassName=LED_Channel Member=46
Removed Member From Class: ClassName=LED_Channel Member=47
Removed Member From Class: ClassName=LED_Channel Member=48
Removed Member From Class: ClassName=LED_Channel Member=49
Removed Member From Class: ClassName=LED_Channel Member=50
Removed Member From Class: ClassName=LED_Channel Member=51
Removed Member From Class: ClassName=LED_Channel Member=52
Removed Member From Class: ClassName=LED_Channel Member=53
Removed Member From Class: ClassName=LED_Channel Member=54
Removed Member From Class: ClassName=LED_Channel Member=55
Removed Member From Class: ClassName=LED_Channel Member=56
Removed Member From Class: ClassName=LED_Channel Member=57
Removed Member From Class: ClassName=LED_Channel Member=58
Removed Member From Class: ClassName=LED_Channel Member=59
Removed Member From Class: ClassName=LED_Channel Member=60
Removed Member From Class: ClassName=LED_Channel Member=61
Removed Member From Class: ClassName=LED_Channel Member=62
Removed Member From Class: ClassName=LED_Channel Member=63
Removed Member From Class: ClassName=LED_Channel Member=64
Removed Member From Class: ClassName=LED_Channel Member=121
Removed Member From Class: ClassName=LED_Channel Member=122
Change Component Designator: OldDesignator=C_6 NewDesignator=C_7
Change Component Designator: OldDesignator=C_7 NewDesignator=C_6
Change Component Designator: OldDesignator=C_22 NewDesignator=C_12
Change Component Designator: OldDesignator=C_121 NewDesignator=C_22
Change Component Designator: OldDesignator=LED_6 NewDesignator=LED_7
Change Component Designator: OldDesignator=LED_7 NewDesignator=LED_6
Added Pin To Net: NetName=NetLED_29_2 Pin=LED_15-4
Added Pin To Net: NetName=NetLED_15_2 Pin=LED_16-4
Added Pin To Net: NetName=NetLED_16_2 Pin=LED_17-4
Added Pin To Net: NetName=NetLED_17_2 Pin=LED_18-4
Added Pin To Net: NetName=NetLED_18_2 Pin=LED_19-4
Added Pin To Net: NetName=NetLED_19_2 Pin=LED_20-4
Added Pin To Net: NetName=NetLED_20_2 Pin=LED_21-4
Added Pin To Net: NetName=NetLED_21_2 Pin=LED_22-4
Added Pin To Net: NetName=NetLED_23_2 Pin=LED_24-4
Added Pin To Net: NetName=NetLED_24_2 Pin=LED_25-4
Added Pin To Net: NetName=NetLED_25_2 Pin=LED_26-4
Added Pin To Net: NetName=NetLED_26_2 Pin=LED_27-4
Added Pin To Net: NetName=NetLED_27_2 Pin=LED_28-2
Added Pin To Net: NetName=NetLED_55_2 Pin=LED_41-4
Added Pin To Net: NetName=NetLED_56_2 Pin=LED_42-4
Added Pin To Net: NetName=NetLED_42_2 Pin=LED_43-4
Added Pin To Net: NetName=NetLED_43_2 Pin=LED_44-4
Added Pin To Net: NetName=NetLED_44_2 Pin=LED_45-4
Added Pin To Net: NetName=NetLED_45_2 Pin=LED_46-4
Added Pin To Net: NetName=NetLED_46_2 Pin=LED_47-4
Added Pin To Net: NetName=NetLED_47_2 Pin=LED_48-4
Added Pin To Net: NetName=NetLED_48_2 Pin=LED_49-4
Added Pin To Net: NetName=NetLED_49_2 Pin=LED_50-4
Added Pin To Net: NetName=NetLED_50_2 Pin=LED_51-4
Added Pin To Net: NetName=NetLED_51_2 Pin=LED_52-4
Added Pin To Net: NetName=NetLED_52_2 Pin=LED_53-4
Added Pin To Net: NetName=NetLED_53_2 Pin=LED_54-4
Added Pin To Net: NetName=NetLED_54_2 Pin=LED_55-4
Change Net Name : Old Net Name=NetLED_6_2 New Net Name=NetLED_7_2
Change Net Name : Old Net Name=NetLED_7_2 New Net Name=NetLED_6_2
Change Net Name : Old Net Name=NetLED_122_2 New Net Name=NetLED_12_2
Added Pin To Net: NetName=NetLED_14_4 Pin=LED_14-4
Added Pin To Net: NetName=NetLED_14_4 Pin=LED_28-4
Added Net: Name=NetLED_14_4
Added Pin To Net: NetName=NetLED_22_2 Pin=LED_22-2
Added Pin To Net: NetName=NetLED_22_2 Pin=LED_23-4
Added Net: Name=NetLED_22_2
Change Class Name : Old Net Name=1 New Net Name=U_LED_1
Change Class Name : Old Net Name=2 New Net Name=U_LED_2
Change Class Name : Old Net Name=3 New Net Name=U_LED_3
Change Class Name : Old Net Name=4 New Net Name=U_LED_4
Change Class Name : Old Net Name=5 New Net Name=U_LED_5
Change Class Name : Old Net Name=6 New Net Name=U_LED_62
Change Class Name : Old Net Name=7 New Net Name=U_LED_61
Change Class Name : Old Net Name=8 New Net Name=U_LED_8
Change Class Name : Old Net Name=9 New Net Name=U_LED_9
Change Class Name : Old Net Name=10 New Net Name=U_LED_10
Change Class Name : Old Net Name=11 New Net Name=U_LED_11
Change Class Name : Old Net Name=13 New Net Name=U_LED_13
Change Class Name : Old Net Name=14 New Net Name=U_LED_14
Change Class Name : Old Net Name=15 New Net Name=U_LED_15
Change Class Name : Old Net Name=16 New Net Name=U_LED_16
Change Class Name : Old Net Name=17 New Net Name=U_LED_17
Change Class Name : Old Net Name=18 New Net Name=U_LED_18
Change Class Name : Old Net Name=19 New Net Name=U_LED_19
Change Class Name : Old Net Name=20 New Net Name=U_LED_20
Change Class Name : Old Net Name=21 New Net Name=U_LED_21
Change Class Name : Old Net Name=23 New Net Name=U_LED_23
Change Class Name : Old Net Name=24 New Net Name=U_LED_24
Change Class Name : Old Net Name=25 New Net Name=U_LED_25
Change Class Name : Old Net Name=26 New Net Name=U_LED_26
Change Class Name : Old Net Name=27 New Net Name=U_LED_27
Change Class Name : Old Net Name=28 New Net Name=U_LED_28
Change Class Name : Old Net Name=29 New Net Name=U_LED_29
Change Class Name : Old Net Name=30 New Net Name=U_LED_30
Change Class Name : Old Net Name=31 New Net Name=U_LED_31
Change Class Name : Old Net Name=32 New Net Name=U_LED_32
Change Class Name : Old Net Name=33 New Net Name=U_LED_33
Change Class Name : Old Net Name=34 New Net Name=U_LED_34
Change Class Name : Old Net Name=35 New Net Name=U_LED_35
Change Class Name : Old Net Name=36 New Net Name=U_LED_36
Change Class Name : Old Net Name=37 New Net Name=U_LED_37
Change Class Name : Old Net Name=38 New Net Name=U_LED_38
Change Class Name : Old Net Name=39 New Net Name=U_LED_39
Change Class Name : Old Net Name=40 New Net Name=U_LED_40
Change Class Name : Old Net Name=41 New Net Name=U_LED_41
Change Class Name : Old Net Name=42 New Net Name=U_LED_42
Change Class Name : Old Net Name=43 New Net Name=U_LED_43
Change Class Name : Old Net Name=44 New Net Name=U_LED_44
Change Class Name : Old Net Name=45 New Net Name=U_LED_45
Change Class Name : Old Net Name=46 New Net Name=U_LED_46
Change Class Name : Old Net Name=47 New Net Name=U_LED_47
Change Class Name : Old Net Name=48 New Net Name=U_LED_48
Change Class Name : Old Net Name=49 New Net Name=U_LED_49
Change Class Name : Old Net Name=50 New Net Name=U_LED_50
Change Class Name : Old Net Name=51 New Net Name=U_LED_51
Change Class Name : Old Net Name=52 New Net Name=U_LED_52
Change Class Name : Old Net Name=53 New Net Name=U_LED_53
Change Class Name : Old Net Name=54 New Net Name=U_LED_54
Change Class Name : Old Net Name=55 New Net Name=U_LED_55
Change Class Name : Old Net Name=56 New Net Name=U_LED_56
Change Class Name : Old Net Name=57 New Net Name=U_LED_57
Change Class Name : Old Net Name=58 New Net Name=U_LED_58
Change Class Name : Old Net Name=59 New Net Name=U_LED_59
Change Class Name : Old Net Name=60 New Net Name=U_LED_60
Change Class Name : Old Net Name=61 New Net Name=U_LED_61
Change Class Name : Old Net Name=62 New Net Name=U_LED_62
Change Class Name : Old Net Name=63 New Net Name=U_LED_63
Change Class Name : Old Net Name=64 New Net Name=U_LED_64
Change Class Name : Old Net Name=121 New Net Name=U_LED_22
Change Class Name : Old Net Name=122 New Net Name=U_LED_12
Added Member To Class: ClassName=LED_Channel Member=U_LED_1 (LED_Channel.SchDoc)
Added Member To Class: ClassName=LED_Channel Member=U_LED_2 (LED_Channel.SchDoc)
Added Member To Class: ClassName=LED_Channel Member=U_LED_3 (LED_Channel.SchDoc)
Added Member To Class: ClassName=LED_Channel Member=U_LED_4 (LED_Channel.SchDoc)
Added Member To Class: ClassName=LED_Channel Member=U_LED_5 (LED_Channel.SchDoc)
Added Member To Class: ClassName=LED_Channel Member=U_LED_6 (LED_Channel.SchDoc)
Added Member To Class: ClassName=LED_Channel Member=U_LED_6 (LED_Channel.SchDoc)
Added Member To Class: ClassName=LED_Channel Member=U_LED_8 (LED_Channel.SchDoc)
Added Member To Class: ClassName=LED_Channel Member=U_LED_9 (LED_Channel.SchDoc)
Added Member To Class: ClassName=LED_Channel Member=U_LED_10 (LED_Channel.SchDoc)
Added Member To Class: ClassName=LED_Channel Member=U_LED_11 (LED_Channel.SchDoc)
Added Member To Class: ClassName=LED_Channel Member=U_LED_12 (LED_Channel.SchDoc)
Added Member To Class: ClassName=LED_Channel Member=U_LED_13 (LED_Channel.SchDoc)
Added Member To Class: ClassName=LED_Channel Member=U_LED_14 (LED_Channel.SchDoc)
Added Member To Class: ClassName=LED_Channel Member=U_LED_15 (LED_Channel.SchDoc)
Added Member To Class: ClassName=LED_Channel Member=U_LED_16 (LED_Channel.SchDoc)
Added Member To Class: ClassName=LED_Channel Member=U_LED_17 (LED_Channel.SchDoc)
Added Member To Class: ClassName=LED_Channel Member=U_LED_18 (LED_Channel.SchDoc)
Added Member To Class: ClassName=LED_Channel Member=U_LED_19 (LED_Channel.SchDoc)
Added Member To Class: ClassName=LED_Channel Member=U_LED_20 (LED_Channel.SchDoc)
Added Member To Class: ClassName=LED_Channel Member=U_LED_21 (LED_Channel.SchDoc)
Added Member To Class: ClassName=LED_Channel Member=U_LED_22 (LED_Channel.SchDoc)
Added Member To Class: ClassName=LED_Channel Member=U_LED_23 (LED_Channel.SchDoc)
Added Member To Class: ClassName=LED_Channel Member=U_LED_24 (LED_Channel.SchDoc)
Added Member To Class: ClassName=LED_Channel Member=U_LED_25 (LED_Channel.SchDoc)
Added Member To Class: ClassName=LED_Channel Member=U_LED_26 (LED_Channel.SchDoc)
Added Member To Class: ClassName=LED_Channel Member=U_LED_27 (LED_Channel.SchDoc)
Added Member To Class: ClassName=LED_Channel Member=U_LED_28 (LED_Channel.SchDoc)
Added Member To Class: ClassName=LED_Channel Member=U_LED_29 (LED_Channel.SchDoc)
Added Member To Class: ClassName=LED_Channel Member=U_LED_30 (LED_Channel.SchDoc)
Added Member To Class: ClassName=LED_Channel Member=U_LED_31 (LED_Channel.SchDoc)
Added Member To Class: ClassName=LED_Channel Member=U_LED_32 (LED_Channel.SchDoc)
Added Member To Class: ClassName=LED_Channel Member=U_LED_33 (LED_Channel.SchDoc)
Added Member To Class: ClassName=LED_Channel Member=U_LED_34 (LED_Channel.SchDoc)
Added Member To Class: ClassName=LED_Channel Member=U_LED_35 (LED_Channel.SchDoc)
Added Member To Class: ClassName=LED_Channel Member=U_LED_36 (LED_Channel.SchDoc)
Added Member To Class: ClassName=LED_Channel Member=U_LED_37 (LED_Channel.SchDoc)
Added Member To Class: ClassName=LED_Channel Member=U_LED_38 (LED_Channel.SchDoc)
Added Member To Class: ClassName=LED_Channel Member=U_LED_39 (LED_Channel.SchDoc)
Added Member To Class: ClassName=LED_Channel Member=U_LED_40 (LED_Channel.SchDoc)
Added Member To Class: ClassName=LED_Channel Member=U_LED_41 (LED_Channel.SchDoc)
Added Member To Class: ClassName=LED_Channel Member=U_LED_42 (LED_Channel.SchDoc)
Added Member To Class: ClassName=LED_Channel Member=U_LED_43 (LED_Channel.SchDoc)
Added Member To Class: ClassName=LED_Channel Member=U_LED_44 (LED_Channel.SchDoc)
Added Member To Class: ClassName=LED_Channel Member=U_LED_45 (LED_Channel.SchDoc)
Added Member To Class: ClassName=LED_Channel Member=U_LED_46 (LED_Channel.SchDoc)
Added Member To Class: ClassName=LED_Channel Member=U_LED_47 (LED_Channel.SchDoc)
Added Member To Class: ClassName=LED_Channel Member=U_LED_48 (LED_Channel.SchDoc)
Added Member To Class: ClassName=LED_Channel Member=U_LED_49 (LED_Channel.SchDoc)
Added Member To Class: ClassName=LED_Channel Member=U_LED_50 (LED_Channel.SchDoc)
Added Member To Class: ClassName=LED_Channel Member=U_LED_51 (LED_Channel.SchDoc)
Added Member To Class: ClassName=LED_Channel Member=U_LED_52 (LED_Channel.SchDoc)
Added Member To Class: ClassName=LED_Channel Member=U_LED_53 (LED_Channel.SchDoc)
Added Member To Class: ClassName=LED_Channel Member=U_LED_54 (LED_Channel.SchDoc)
Added Member To Class: ClassName=LED_Channel Member=U_LED_55 (LED_Channel.SchDoc)
Added Member To Class: ClassName=LED_Channel Member=U_LED_56 (LED_Channel.SchDoc)
Added Member To Class: ClassName=LED_Channel Member=U_LED_57 (LED_Channel.SchDoc)
Added Member To Class: ClassName=LED_Channel Member=U_LED_58 (LED_Channel.SchDoc)
Added Member To Class: ClassName=LED_Channel Member=U_LED_59 (LED_Channel.SchDoc)
Added Member To Class: ClassName=LED_Channel Member=U_LED_60 (LED_Channel.SchDoc)
Added Member To Class: ClassName=LED_Channel Member=U_LED_61 (LED_Channel.SchDoc)
Added Member To Class: ClassName=LED_Channel Member=U_LED_62 (LED_Channel.SchDoc)
Added Member To Class: ClassName=LED_Channel Member=U_LED_63 (LED_Channel.SchDoc)
Added Member To Class: ClassName=LED_Channel Member=U_LED_64 (LED_Channel.SchDoc)
