Removed Member From Class: ClassName=LED_Channel Member=U_LED_Channel2
Removed Member From Class: ClassName=LED_Channel Member=U_LED_Channel3
Removed Member From Class: ClassName=LED_Channel Member=U_LED_Channel4
Removed Member From Class: ClassName=LED_Channel Member=U_LED_Channel5
Removed Member From Class: ClassName=LED_Channel Member=U_LED_Channel6
Removed Member From Class: ClassName=LED_Channel Member=U_LED_Channel7
Removed Member From Class: ClassName=LED_Channel Member=U_LED_Channel8
Removed Member From Class: ClassName=LED_Channel Member=U_LED_Channel9
Removed Member From Class: ClassName=LED_Channel Member=U_LED_Channel10
Removed Member From Class: ClassName=LED_Channel Member=U_LED_Channel11
Removed Member From Class: ClassName=LED_Channel Member=U_LED_Channel12
Removed Member From Class: ClassName=LED_Channel Member=U_LED_Channel13
Removed Member From Class: ClassName=LED_Channel Member=U_LED_Channel14
Removed Member From Class: ClassName=LED_Channel Member=U_LED_Channel15
Removed Member From Class: ClassName=LED_Channel Member=U_LED_Channel16
Removed Member From Class: ClassName=LED_Channel Member=U_LED_Channel17
Removed Member From Class: ClassName=LED_Channel Member=U_LED_Channel18
Removed Member From Class: ClassName=LED_Channel Member=U_LED_Channel19
Removed Member From Class: ClassName=LED_Channel Member=U_LED_Channel20
Removed Member From Class: ClassName=LED_Channel Member=U_LED_Channel21
Removed Member From Class: ClassName=LED_Channel Member=U_LED_Channel22
Removed Member From Class: ClassName=LED_Channel Member=U_LED_Channel23
Removed Member From Class: ClassName=LED_Channel Member=U_LED_Channel24
Removed Member From Class: ClassName=LED_Channel Member=U_LED_Channel25
Removed Member From Class: ClassName=LED_Channel Member=U_LED_Channel26
Removed Member From Class: ClassName=LED_Channel Member=U_LED_Channel27
Removed Member From Class: ClassName=LED_Channel Member=U_LED_Channel28
Removed Member From Class: ClassName=LED_Channel Member=U_LED_Channel29
Removed Member From Class: ClassName=LED_Channel Member=U_LED_Channel30
Removed Member From Class: ClassName=LED_Channel Member=U_LED_Channel31
Removed Member From Class: ClassName=LED_Channel Member=U_LED_Channel32
Removed Member From Class: ClassName=LED_Channel Member=U_LED_Channel33
Removed Member From Class: ClassName=LED_Channel Member=U_LED_Channel34
Removed Member From Class: ClassName=LED_Channel Member=U_LED_Channel35
Removed Member From Class: ClassName=LED_Channel Member=U_LED_Channel36
Removed Member From Class: ClassName=LED_Channel Member=U_LED_Channel37
Removed Member From Class: ClassName=LED_Channel Member=U_LED_Channel38
Removed Member From Class: ClassName=LED_Channel Member=U_LED_Channel39
Removed Member From Class: ClassName=LED_Channel Member=U_LED_Channel40
Removed Member From Class: ClassName=LED_Channel Member=U_LED_Channel41
Removed Member From Class: ClassName=LED_Channel Member=U_LED_Channel42
Removed Member From Class: ClassName=LED_Channel Member=U_LED_Channel43
Removed Member From Class: ClassName=LED_Channel Member=U_LED_Channel44
Removed Member From Class: ClassName=LED_Channel Member=U_LED_Channel45
Removed Member From Class: ClassName=LED_Channel Member=U_LED_Channel46
Removed Member From Class: ClassName=LED_Channel Member=U_LED_Channel47
Removed Member From Class: ClassName=LED_Channel Member=U_LED_Channel48
Removed Member From Class: ClassName=LED_Channel Member=U_LED_Channel49
Removed Member From Class: ClassName=LED_Channel Member=U_LED_Channel50
Removed Member From Class: ClassName=LED_Channel Member=U_LED_Channel51
Removed Member From Class: ClassName=LED_Channel Member=U_LED_Channel52
Removed Member From Class: ClassName=LED_Channel Member=U_LED_Channel53
Change Component Designator: OldDesignator=C*_1 NewDesignator=C_1
Change Component Designator: OldDesignator=C*_2 NewDesignator=C_2
Change Component Designator: OldDesignator=C*_3 NewDesignator=C_3
Change Component Designator: OldDesignator=C*_4 NewDesignator=C_4
Change Component Designator: OldDesignator=C*_5 NewDesignator=C_5
Change Component Designator: OldDesignator=C*_6 NewDesignator=C_6
Change Component Designator: OldDesignator=C*_7 NewDesignator=C_7
Change Component Designator: OldDesignator=C*_8 NewDesignator=C_8
Change Component Designator: OldDesignator=C*_9 NewDesignator=C_9
Change Component Designator: OldDesignator=C*_10 NewDesignator=C_10
Change Component Designator: OldDesignator=C*_11 NewDesignator=C_11
Change Component Designator: OldDesignator=C*_U_LED_Channel1 NewDesignator=C_64
Change Component Designator: OldDesignator=C*_U_LED_Channel2 NewDesignator=C_63
Change Component Designator: OldDesignator=C*_U_LED_Channel3 NewDesignator=C_62
Change Component Designator: OldDesignator=C*_U_LED_Channel4 NewDesignator=C_61
Change Component Designator: OldDesignator=C*_U_LED_Channel5 NewDesignator=C_60
Change Component Designator: OldDesignator=C*_U_LED_Channel6 NewDesignator=C_59
Change Component Designator: OldDesignator=C*_U_LED_Channel7 NewDesignator=C_58
Change Component Designator: OldDesignator=C*_U_LED_Channel8 NewDesignator=C_57
Change Component Designator: OldDesignator=C*_U_LED_Channel9 NewDesignator=C_56
Change Component Designator: OldDesignator=C*_U_LED_Channel10 NewDesignator=C_55
Change Component Designator: OldDesignator=C*_U_LED_Channel11 NewDesignator=C_54
Change Component Designator: OldDesignator=C*_U_LED_Channel12 NewDesignator=C_53
Change Component Designator: OldDesignator=C*_U_LED_Channel13 NewDesignator=C_52
Change Component Designator: OldDesignator=C*_U_LED_Channel14 NewDesignator=C_51
Change Component Designator: OldDesignator=C*_U_LED_Channel15 NewDesignator=C_50
Change Component Designator: OldDesignator=C*_U_LED_Channel16 NewDesignator=C_49
Change Component Designator: OldDesignator=C*_U_LED_Channel17 NewDesignator=C_48
Change Component Designator: OldDesignator=C*_U_LED_Channel18 NewDesignator=C_47
Change Component Designator: OldDesignator=C*_U_LED_Channel19 NewDesignator=C_46
Change Component Designator: OldDesignator=C*_U_LED_Channel20 NewDesignator=C_45
Change Component Designator: OldDesignator=C*_U_LED_Channel21 NewDesignator=C_44
Change Component Designator: OldDesignator=C*_U_LED_Channel22 NewDesignator=C_43
Change Component Designator: OldDesignator=C*_U_LED_Channel23 NewDesignator=C_42
Change Component Designator: OldDesignator=C*_U_LED_Channel24 NewDesignator=C_41
Change Component Designator: OldDesignator=C*_U_LED_Channel25 NewDesignator=C_40
Change Component Designator: OldDesignator=C*_U_LED_Channel26 NewDesignator=C_39
Change Component Designator: OldDesignator=C*_U_LED_Channel27 NewDesignator=C_38
Change Component Designator: OldDesignator=C*_U_LED_Channel28 NewDesignator=C_37
Change Component Designator: OldDesignator=C*_U_LED_Channel29 NewDesignator=C_36
Change Component Designator: OldDesignator=C*_U_LED_Channel30 NewDesignator=C_35
Change Component Designator: OldDesignator=C*_U_LED_Channel31 NewDesignator=C_34
Change Component Designator: OldDesignator=C*_U_LED_Channel32 NewDesignator=C_33
Change Component Designator: OldDesignator=C*_U_LED_Channel33 NewDesignator=C_32
Change Component Designator: OldDesignator=C*_U_LED_Channel34 NewDesignator=C_31
Change Component Designator: OldDesignator=C*_U_LED_Channel35 NewDesignator=C_30
Change Component Designator: OldDesignator=C*_U_LED_Channel36 NewDesignator=C_29
Change Component Designator: OldDesignator=C*_U_LED_Channel37 NewDesignator=C_28
Change Component Designator: OldDesignator=C*_U_LED_Channel38 NewDesignator=C_27
Change Component Designator: OldDesignator=C*_U_LED_Channel39 NewDesignator=C_26
Change Component Designator: OldDesignator=C*_U_LED_Channel40 NewDesignator=C_25
Change Component Designator: OldDesignator=C*_U_LED_Channel41 NewDesignator=C_24
Change Component Designator: OldDesignator=C*_U_LED_Channel42 NewDesignator=C_23
Change Component Designator: OldDesignator=C*_U_LED_Channel43 NewDesignator=C_121
Change Component Designator: OldDesignator=C*_U_LED_Channel44 NewDesignator=C_21
Change Component Designator: OldDesignator=C*_U_LED_Channel45 NewDesignator=C_20
Change Component Designator: OldDesignator=C*_U_LED_Channel46 NewDesignator=C_19
Change Component Designator: OldDesignator=C*_U_LED_Channel47 NewDesignator=C_18
Change Component Designator: OldDesignator=C*_U_LED_Channel48 NewDesignator=C_17
Change Component Designator: OldDesignator=C*_U_LED_Channel49 NewDesignator=C_16
Change Component Designator: OldDesignator=C*_U_LED_Channel50 NewDesignator=C_15
Change Component Designator: OldDesignator=C*_U_LED_Channel51 NewDesignator=C_14
Change Component Designator: OldDesignator=C*_U_LED_Channel52 NewDesignator=C_13
Change Component Designator: OldDesignator=C*_U_LED_Channel53 NewDesignator=C_122
Change Component Designator: OldDesignator=LED*_1 NewDesignator=LED_1
Change Component Designator: OldDesignator=LED*_2 NewDesignator=LED_2
Change Component Designator: OldDesignator=LED*_3 NewDesignator=LED_3
Change Component Designator: OldDesignator=LED*_4 NewDesignator=LED_4
Change Component Designator: OldDesignator=LED*_5 NewDesignator=LED_5
Change Component Designator: OldDesignator=LED*_6 NewDesignator=LED_6
Change Component Designator: OldDesignator=LED*_7 NewDesignator=LED_7
Change Component Designator: OldDesignator=LED*_8 NewDesignator=LED_8
Change Component Designator: OldDesignator=LED*_9 NewDesignator=LED_9
Change Component Designator: OldDesignator=LED*_10 NewDesignator=LED_10
Change Component Designator: OldDesignator=LED*_11 NewDesignator=LED_11
Change Component Designator: OldDesignator=LED*_U_LED_Channel1 NewDesignator=LED_64
Change Component Designator: OldDesignator=LED*_U_LED_Channel2 NewDesignator=LED_63
Change Component Designator: OldDesignator=LED*_U_LED_Channel3 NewDesignator=LED_62
Change Component Designator: OldDesignator=LED*_U_LED_Channel4 NewDesignator=LED_61
Change Component Designator: OldDesignator=LED*_U_LED_Channel5 NewDesignator=LED_60
Change Component Designator: OldDesignator=LED*_U_LED_Channel6 NewDesignator=LED_59
Change Component Designator: OldDesignator=LED*_U_LED_Channel7 NewDesignator=LED_58
Change Component Designator: OldDesignator=LED*_U_LED_Channel8 NewDesignator=LED_57
Change Component Designator: OldDesignator=LED*_U_LED_Channel9 NewDesignator=LED_56
Change Component Designator: OldDesignator=LED*_U_LED_Channel10 NewDesignator=LED_55
Change Component Designator: OldDesignator=LED*_U_LED_Channel11 NewDesignator=LED_54
Change Component Designator: OldDesignator=LED*_U_LED_Channel12 NewDesignator=LED_53
Change Component Designator: OldDesignator=LED*_U_LED_Channel13 NewDesignator=LED_52
Change Component Designator: OldDesignator=LED*_U_LED_Channel14 NewDesignator=LED_51
Change Component Designator: OldDesignator=LED*_U_LED_Channel15 NewDesignator=LED_50
Change Component Designator: OldDesignator=LED*_U_LED_Channel16 NewDesignator=LED_49
Change Component Designator: OldDesignator=LED*_U_LED_Channel17 NewDesignator=LED_48
Change Component Designator: OldDesignator=LED*_U_LED_Channel18 NewDesignator=LED_47
Change Component Designator: OldDesignator=LED*_U_LED_Channel19 NewDesignator=LED_46
Change Component Designator: OldDesignator=LED*_U_LED_Channel20 NewDesignator=LED_45
Change Component Designator: OldDesignator=LED*_U_LED_Channel21 NewDesignator=LED_44
Change Component Designator: OldDesignator=LED*_U_LED_Channel22 NewDesignator=LED_43
Change Component Designator: OldDesignator=LED*_U_LED_Channel23 NewDesignator=LED_42
Change Component Designator: OldDesignator=LED*_U_LED_Channel24 NewDesignator=LED_41
Change Component Designator: OldDesignator=LED*_U_LED_Channel25 NewDesignator=LED_40
Change Component Designator: OldDesignator=LED*_U_LED_Channel26 NewDesignator=LED_39
Change Component Designator: OldDesignator=LED*_U_LED_Channel27 NewDesignator=LED_38
Change Component Designator: OldDesignator=LED*_U_LED_Channel28 NewDesignator=LED_37
Change Component Designator: OldDesignator=LED*_U_LED_Channel29 NewDesignator=LED_36
Change Component Designator: OldDesignator=LED*_U_LED_Channel30 NewDesignator=LED_35
Change Component Designator: OldDesignator=LED*_U_LED_Channel31 NewDesignator=LED_34
Change Component Designator: OldDesignator=LED*_U_LED_Channel32 NewDesignator=LED_33
Change Component Designator: OldDesignator=LED*_U_LED_Channel33 NewDesignator=LED_32
Change Component Designator: OldDesignator=LED*_U_LED_Channel34 NewDesignator=LED_31
Change Component Designator: OldDesignator=LED*_U_LED_Channel35 NewDesignator=LED_30
Change Component Designator: OldDesignator=LED*_U_LED_Channel36 NewDesignator=LED_29
Change Component Designator: OldDesignator=LED*_U_LED_Channel37 NewDesignator=LED_28
Change Component Designator: OldDesignator=LED*_U_LED_Channel38 NewDesignator=LED_27
Change Component Designator: OldDesignator=LED*_U_LED_Channel39 NewDesignator=LED_26
Change Component Designator: OldDesignator=LED*_U_LED_Channel40 NewDesignator=LED_25
Change Component Designator: OldDesignator=LED*_U_LED_Channel41 NewDesignator=LED_24
Change Component Designator: OldDesignator=LED*_U_LED_Channel42 NewDesignator=LED_23
Change Component Designator: OldDesignator=LED*_U_LED_Channel43 NewDesignator=LED_121
Change Component Designator: OldDesignator=LED*_U_LED_Channel44 NewDesignator=LED_21
Change Component Designator: OldDesignator=LED*_U_LED_Channel45 NewDesignator=LED_20
Change Component Designator: OldDesignator=LED*_U_LED_Channel46 NewDesignator=LED_19
Change Component Designator: OldDesignator=LED*_U_LED_Channel47 NewDesignator=LED_18
Change Component Designator: OldDesignator=LED*_U_LED_Channel48 NewDesignator=LED_17
Change Component Designator: OldDesignator=LED*_U_LED_Channel49 NewDesignator=LED_16
Change Component Designator: OldDesignator=LED*_U_LED_Channel50 NewDesignator=LED_15
Change Component Designator: OldDesignator=LED*_U_LED_Channel51 NewDesignator=LED_14
Change Component Designator: OldDesignator=LED*_U_LED_Channel52 NewDesignator=LED_13
Change Component Designator: OldDesignator=LED*_U_LED_Channel53 NewDesignator=LED_122
Added Pin To Net: NetName=VBUS Pin=C_1-1
Added Pin To Net: NetName=GND Pin=C_1-2
Added Pin To Net: NetName=VBUS Pin=C_2-1
Added Pin To Net: NetName=GND Pin=C_2-2
Added Pin To Net: NetName=VBUS Pin=C_3-1
Added Pin To Net: NetName=GND Pin=C_3-2
Added Pin To Net: NetName=VBUS Pin=C_4-1
Added Pin To Net: NetName=GND Pin=C_4-2
Added Pin To Net: NetName=VBUS Pin=C_5-1
Added Pin To Net: NetName=GND Pin=C_5-2
Added Pin To Net: NetName=VBUS Pin=C_6-1
Added Pin To Net: NetName=GND Pin=C_6-2
Added Pin To Net: NetName=VBUS Pin=C_7-1
Added Pin To Net: NetName=GND Pin=C_7-2
Added Pin To Net: NetName=VBUS Pin=C_8-1
Added Pin To Net: NetName=GND Pin=C_8-2
Added Pin To Net: NetName=VBUS Pin=C_9-1
Added Pin To Net: NetName=GND Pin=C_9-2
Added Pin To Net: NetName=VBUS Pin=C_10-1
Added Pin To Net: NetName=GND Pin=C_10-2
Added Pin To Net: NetName=VBUS Pin=C_11-1
Added Pin To Net: NetName=GND Pin=C_11-2
Added Pin To Net: NetName=VBUS Pin=C_13-1
Added Pin To Net: NetName=GND Pin=C_13-2
Added Pin To Net: NetName=VBUS Pin=C_14-1
Added Pin To Net: NetName=GND Pin=C_14-2
Added Pin To Net: NetName=VBUS Pin=C_15-1
Added Pin To Net: NetName=GND Pin=C_15-2
Added Pin To Net: NetName=VBUS Pin=C_16-1
Added Pin To Net: NetName=GND Pin=C_16-2
Added Pin To Net: NetName=VBUS Pin=C_17-1
Added Pin To Net: NetName=GND Pin=C_17-2
Added Pin To Net: NetName=VBUS Pin=C_18-1
Added Pin To Net: NetName=GND Pin=C_18-2
Added Pin To Net: NetName=VBUS Pin=C_19-1
Added Pin To Net: NetName=GND Pin=C_19-2
Added Pin To Net: NetName=VBUS Pin=C_20-1
Added Pin To Net: NetName=GND Pin=C_20-2
Added Pin To Net: NetName=VBUS Pin=C_21-1
Added Pin To Net: NetName=GND Pin=C_21-2
Added Pin To Net: NetName=VBUS Pin=C_23-1
Added Pin To Net: NetName=GND Pin=C_23-2
Added Pin To Net: NetName=VBUS Pin=C_24-1
Added Pin To Net: NetName=GND Pin=C_24-2
Added Pin To Net: NetName=VBUS Pin=C_25-1
Added Pin To Net: NetName=GND Pin=C_25-2
Added Pin To Net: NetName=VBUS Pin=C_26-1
Added Pin To Net: NetName=GND Pin=C_26-2
Added Pin To Net: NetName=VBUS Pin=C_27-1
Added Pin To Net: NetName=GND Pin=C_27-2
Added Pin To Net: NetName=VBUS Pin=C_28-1
Added Pin To Net: NetName=GND Pin=C_28-2
Added Pin To Net: NetName=VBUS Pin=C_29-1
Added Pin To Net: NetName=GND Pin=C_29-2
Added Pin To Net: NetName=VBUS Pin=C_30-1
Added Pin To Net: NetName=GND Pin=C_30-2
Added Pin To Net: NetName=VBUS Pin=C_31-1
Added Pin To Net: NetName=GND Pin=C_31-2
Added Pin To Net: NetName=VBUS Pin=C_32-1
Added Pin To Net: NetName=GND Pin=C_32-2
Added Pin To Net: NetName=VBUS Pin=C_33-1
Added Pin To Net: NetName=GND Pin=C_33-2
Added Pin To Net: NetName=VBUS Pin=C_34-1
Added Pin To Net: NetName=GND Pin=C_34-2
Added Pin To Net: NetName=VBUS Pin=C_35-1
Added Pin To Net: NetName=GND Pin=C_35-2
Added Pin To Net: NetName=VBUS Pin=C_36-1
Added Pin To Net: NetName=GND Pin=C_36-2
Added Pin To Net: NetName=VBUS Pin=C_37-1
Added Pin To Net: NetName=GND Pin=C_37-2
Added Pin To Net: NetName=VBUS Pin=C_38-1
Added Pin To Net: NetName=GND Pin=C_38-2
Added Pin To Net: NetName=VBUS Pin=C_39-1
Added Pin To Net: NetName=GND Pin=C_39-2
Added Pin To Net: NetName=VBUS Pin=C_40-1
Added Pin To Net: NetName=GND Pin=C_40-2
Added Pin To Net: NetName=VBUS Pin=C_41-1
Added Pin To Net: NetName=GND Pin=C_41-2
Added Pin To Net: NetName=VBUS Pin=C_42-1
Added Pin To Net: NetName=GND Pin=C_42-2
Added Pin To Net: NetName=VBUS Pin=C_43-1
Added Pin To Net: NetName=GND Pin=C_43-2
Added Pin To Net: NetName=VBUS Pin=C_44-1
Added Pin To Net: NetName=GND Pin=C_44-2
Added Pin To Net: NetName=VBUS Pin=C_45-1
Added Pin To Net: NetName=GND Pin=C_45-2
Added Pin To Net: NetName=VBUS Pin=C_46-1
Added Pin To Net: NetName=GND Pin=C_46-2
Added Pin To Net: NetName=VBUS Pin=C_47-1
Added Pin To Net: NetName=GND Pin=C_47-2
Added Pin To Net: NetName=VBUS Pin=C_48-1
Added Pin To Net: NetName=GND Pin=C_48-2
Added Pin To Net: NetName=VBUS Pin=C_49-1
Added Pin To Net: NetName=GND Pin=C_49-2
Added Pin To Net: NetName=VBUS Pin=C_50-1
Added Pin To Net: NetName=GND Pin=C_50-2
Added Pin To Net: NetName=VBUS Pin=C_51-1
Added Pin To Net: NetName=GND Pin=C_51-2
Added Pin To Net: NetName=VBUS Pin=C_52-1
Added Pin To Net: NetName=GND Pin=C_52-2
Added Pin To Net: NetName=VBUS Pin=C_53-1
Added Pin To Net: NetName=GND Pin=C_53-2
Added Pin To Net: NetName=VBUS Pin=C_54-1
Added Pin To Net: NetName=GND Pin=C_54-2
Added Pin To Net: NetName=VBUS Pin=C_55-1
Added Pin To Net: NetName=GND Pin=C_55-2
Added Pin To Net: NetName=VBUS Pin=C_56-1
Added Pin To Net: NetName=GND Pin=C_56-2
Added Pin To Net: NetName=VBUS Pin=C_57-1
Added Pin To Net: NetName=GND Pin=C_57-2
Added Pin To Net: NetName=VBUS Pin=C_58-1
Added Pin To Net: NetName=GND Pin=C_58-2
Added Pin To Net: NetName=VBUS Pin=C_59-1
Added Pin To Net: NetName=GND Pin=C_59-2
Added Pin To Net: NetName=VBUS Pin=C_60-1
Added Pin To Net: NetName=GND Pin=C_60-2
Added Pin To Net: NetName=VBUS Pin=C_61-1
Added Pin To Net: NetName=GND Pin=C_61-2
Added Pin To Net: NetName=VBUS Pin=C_62-1
Added Pin To Net: NetName=GND Pin=C_62-2
Added Pin To Net: NetName=VBUS Pin=C_63-1
Added Pin To Net: NetName=GND Pin=C_63-2
Added Pin To Net: NetName=VBUS Pin=C_64-1
Added Pin To Net: NetName=GND Pin=C_64-2
Added Pin To Net: NetName=VBUS Pin=C_121-1
Added Pin To Net: NetName=GND Pin=C_121-2
Added Pin To Net: NetName=VBUS Pin=C_122-1
Added Pin To Net: NetName=GND Pin=C_122-2
Added Pin To Net: NetName=GND Pin=LED_1-1
Added Pin To Net: NetName=GND Pin=LED_1-3
Added Pin To Net: NetName=GND Pin=LED_2-1
Added Pin To Net: NetName=GND Pin=LED_2-3
Added Pin To Net: NetName=GND Pin=LED_3-1
Added Pin To Net: NetName=GND Pin=LED_3-3
Added Pin To Net: NetName=GND Pin=LED_4-1
Added Pin To Net: NetName=GND Pin=LED_4-3
Added Pin To Net: NetName=GND Pin=LED_5-1
Added Pin To Net: NetName=GND Pin=LED_5-3
Added Pin To Net: NetName=GND Pin=LED_6-1
Added Pin To Net: NetName=GND Pin=LED_6-3
Added Pin To Net: NetName=GND Pin=LED_7-1
Added Pin To Net: NetName=GND Pin=LED_7-3
Added Pin To Net: NetName=GND Pin=LED_8-1
Added Pin To Net: NetName=GND Pin=LED_8-3
Added Pin To Net: NetName=GND Pin=LED_9-1
Added Pin To Net: NetName=GND Pin=LED_9-3
Added Pin To Net: NetName=GND Pin=LED_10-1
Added Pin To Net: NetName=GND Pin=LED_10-3
Added Pin To Net: NetName=GND Pin=LED_11-1
Added Pin To Net: NetName=GND Pin=LED_11-3
Added Pin To Net: NetName=GND Pin=LED_13-1
Added Pin To Net: NetName=GND Pin=LED_13-3
Added Pin To Net: NetName=GND Pin=LED_14-1
Added Pin To Net: NetName=GND Pin=LED_14-3
Added Pin To Net: NetName=GND Pin=LED_15-1
Added Pin To Net: NetName=GND Pin=LED_15-3
Added Pin To Net: NetName=GND Pin=LED_16-1
Added Pin To Net: NetName=GND Pin=LED_16-3
Added Pin To Net: NetName=GND Pin=LED_17-1
Added Pin To Net: NetName=GND Pin=LED_17-3
Added Pin To Net: NetName=GND Pin=LED_18-1
Added Pin To Net: NetName=GND Pin=LED_18-3
Added Pin To Net: NetName=GND Pin=LED_19-1
Added Pin To Net: NetName=GND Pin=LED_19-3
Added Pin To Net: NetName=GND Pin=LED_20-1
Added Pin To Net: NetName=GND Pin=LED_20-3
Added Pin To Net: NetName=GND Pin=LED_21-1
Added Pin To Net: NetName=GND Pin=LED_21-3
Added Pin To Net: NetName=GND Pin=LED_23-1
Added Pin To Net: NetName=GND Pin=LED_23-3
Added Pin To Net: NetName=GND Pin=LED_24-1
Added Pin To Net: NetName=GND Pin=LED_24-3
Added Pin To Net: NetName=GND Pin=LED_25-1
Added Pin To Net: NetName=GND Pin=LED_25-3
Added Pin To Net: NetName=GND Pin=LED_26-1
Added Pin To Net: NetName=GND Pin=LED_26-3
Added Pin To Net: NetName=GND Pin=LED_27-1
Added Pin To Net: NetName=GND Pin=LED_27-3
Added Pin To Net: NetName=GND Pin=LED_28-1
Added Pin To Net: NetName=GND Pin=LED_28-3
Added Pin To Net: NetName=GND Pin=LED_29-1
Added Pin To Net: NetName=GND Pin=LED_29-3
Added Pin To Net: NetName=GND Pin=LED_30-1
Added Pin To Net: NetName=GND Pin=LED_30-3
Added Pin To Net: NetName=GND Pin=LED_31-1
Added Pin To Net: NetName=GND Pin=LED_31-3
Added Pin To Net: NetName=GND Pin=LED_32-1
Added Pin To Net: NetName=GND Pin=LED_32-3
Added Pin To Net: NetName=GND Pin=LED_33-1
Added Pin To Net: NetName=GND Pin=LED_33-3
Added Pin To Net: NetName=GND Pin=LED_34-1
Added Pin To Net: NetName=GND Pin=LED_34-3
Added Pin To Net: NetName=GND Pin=LED_35-1
Added Pin To Net: NetName=GND Pin=LED_35-3
Added Pin To Net: NetName=GND Pin=LED_36-1
Added Pin To Net: NetName=GND Pin=LED_36-3
Added Pin To Net: NetName=GND Pin=LED_37-1
Added Pin To Net: NetName=GND Pin=LED_37-3
Added Pin To Net: NetName=GND Pin=LED_38-1
Added Pin To Net: NetName=GND Pin=LED_38-3
Added Pin To Net: NetName=GND Pin=LED_39-1
Added Pin To Net: NetName=GND Pin=LED_39-3
Added Pin To Net: NetName=GND Pin=LED_40-1
Added Pin To Net: NetName=GND Pin=LED_40-3
Added Pin To Net: NetName=GND Pin=LED_41-1
Added Pin To Net: NetName=GND Pin=LED_41-3
Added Pin To Net: NetName=GND Pin=LED_42-1
Added Pin To Net: NetName=GND Pin=LED_42-3
Added Pin To Net: NetName=GND Pin=LED_43-1
Added Pin To Net: NetName=GND Pin=LED_43-3
Added Pin To Net: NetName=GND Pin=LED_44-1
Added Pin To Net: NetName=GND Pin=LED_44-3
Added Pin To Net: NetName=GND Pin=LED_45-1
Added Pin To Net: NetName=GND Pin=LED_45-3
Added Pin To Net: NetName=GND Pin=LED_46-1
Added Pin To Net: NetName=GND Pin=LED_46-3
Added Pin To Net: NetName=GND Pin=LED_47-1
Added Pin To Net: NetName=GND Pin=LED_47-3
Added Pin To Net: NetName=GND Pin=LED_48-1
Added Pin To Net: NetName=GND Pin=LED_48-3
Added Pin To Net: NetName=GND Pin=LED_49-1
Added Pin To Net: NetName=GND Pin=LED_49-3
Added Pin To Net: NetName=GND Pin=LED_50-1
Added Pin To Net: NetName=GND Pin=LED_50-3
Added Pin To Net: NetName=GND Pin=LED_51-1
Added Pin To Net: NetName=GND Pin=LED_51-3
Added Pin To Net: NetName=GND Pin=LED_52-1
Added Pin To Net: NetName=GND Pin=LED_52-3
Added Pin To Net: NetName=GND Pin=LED_53-1
Added Pin To Net: NetName=GND Pin=LED_53-3
Added Pin To Net: NetName=GND Pin=LED_54-1
Added Pin To Net: NetName=GND Pin=LED_54-3
Added Pin To Net: NetName=GND Pin=LED_55-1
Added Pin To Net: NetName=GND Pin=LED_55-3
Added Pin To Net: NetName=GND Pin=LED_56-1
Added Pin To Net: NetName=GND Pin=LED_56-3
Added Pin To Net: NetName=GND Pin=LED_57-1
Added Pin To Net: NetName=GND Pin=LED_57-3
Added Pin To Net: NetName=GND Pin=LED_58-1
Added Pin To Net: NetName=GND Pin=LED_58-3
Added Pin To Net: NetName=GND Pin=LED_59-1
Added Pin To Net: NetName=GND Pin=LED_59-3
Added Pin To Net: NetName=GND Pin=LED_60-1
Added Pin To Net: NetName=GND Pin=LED_60-3
Added Pin To Net: NetName=GND Pin=LED_61-1
Added Pin To Net: NetName=GND Pin=LED_61-3
Added Pin To Net: NetName=GND Pin=LED_62-1
Added Pin To Net: NetName=GND Pin=LED_62-3
Added Pin To Net: NetName=GND Pin=LED_63-1
Added Pin To Net: NetName=GND Pin=LED_63-3
Added Pin To Net: NetName=GND Pin=LED_64-1
Added Pin To Net: NetName=GND Pin=LED_64-3
Added Pin To Net: NetName=GND Pin=LED_121-1
Added Pin To Net: NetName=GND Pin=LED_121-3
Added Pin To Net: NetName=GND Pin=LED_122-1
Added Pin To Net: NetName=GND Pin=LED_122-3
Added Pin To Net: NetName=GND Pin=MH11-1
Added Pin To Net: NetName=GND Pin=MH12-1
Added Pin To Net: NetName=GND Pin=MH13-1
Added Pin To Net: NetName=GND Pin=MH14-1
Added Pin To Net: NetName=GND Pin=MH15-1
Change Net Name : Old Net Name=NetLED*_2_2 New Net Name=NetLED_2_2
Change Net Name : Old Net Name=NetLED*_3_2 New Net Name=NetLED_3_2
Change Net Name : Old Net Name=NetLED*_4_2 New Net Name=NetLED_4_2
Change Net Name : Old Net Name=NetLED*_5_2 New Net Name=NetLED_5_2
Change Net Name : Old Net Name=NetLED*_6_2 New Net Name=NetLED_6_2
Change Net Name : Old Net Name=NetLED*_7_2 New Net Name=NetLED_7_2
Change Net Name : Old Net Name=NetLED*_8_2 New Net Name=NetLED_8_2
Change Net Name : Old Net Name=NetLED*_9_2 New Net Name=NetLED_9_2
Change Net Name : Old Net Name=NetLED*_10_2 New Net Name=NetLED_10_2
Change Net Name : Old Net Name=NetLED*_11_2 New Net Name=NetLED_11_2
Change Net Name : Old Net Name=NetLED*_U_LED_Channel1_2 New Net Name=NetLED_64_2
Change Net Name : Old Net Name=NetLED*_U_LED_Channel1_4 New Net Name=NetLED_64_4
Change Net Name : Old Net Name=NetLED*_U_LED_Channel2_2 New Net Name=NetLED_63_2
Change Net Name : Old Net Name=NetLED*_U_LED_Channel3_2 New Net Name=NetLED_62_2
Change Net Name : Old Net Name=NetLED*_U_LED_Channel4_2 New Net Name=NetLED_61_2
Change Net Name : Old Net Name=NetLED*_U_LED_Channel5_2 New Net Name=NetLED_60_2
Change Net Name : Old Net Name=NetLED*_U_LED_Channel6_2 New Net Name=NetLED_59_2
Change Net Name : Old Net Name=NetLED*_U_LED_Channel7_2 New Net Name=NetLED_58_2
Change Net Name : Old Net Name=NetLED*_U_LED_Channel8_2 New Net Name=NetLED_57_2
Change Net Name : Old Net Name=NetLED*_U_LED_Channel9_2 New Net Name=NetLED_56_2
Change Net Name : Old Net Name=NetLED*_U_LED_Channel10_2 New Net Name=NetLED_55_2
Change Net Name : Old Net Name=NetLED*_U_LED_Channel11_2 New Net Name=NetLED_54_2
Change Net Name : Old Net Name=NetLED*_U_LED_Channel12_2 New Net Name=NetLED_53_2
Change Net Name : Old Net Name=NetLED*_U_LED_Channel13_2 New Net Name=NetLED_52_2
Change Net Name : Old Net Name=NetLED*_U_LED_Channel14_2 New Net Name=NetLED_51_2
Change Net Name : Old Net Name=NetLED*_U_LED_Channel15_2 New Net Name=NetLED_50_2
Change Net Name : Old Net Name=NetLED*_U_LED_Channel16_2 New Net Name=NetLED_49_2
Change Net Name : Old Net Name=NetLED*_U_LED_Channel17_2 New Net Name=NetLED_48_2
Change Net Name : Old Net Name=NetLED*_U_LED_Channel18_2 New Net Name=NetLED_47_2
Change Net Name : Old Net Name=NetLED*_U_LED_Channel19_2 New Net Name=NetLED_46_2
Change Net Name : Old Net Name=NetLED*_U_LED_Channel20_2 New Net Name=NetLED_45_2
Change Net Name : Old Net Name=NetLED*_U_LED_Channel21_2 New Net Name=NetLED_44_2
Change Net Name : Old Net Name=NetLED*_U_LED_Channel22_2 New Net Name=NetLED_43_2
Change Net Name : Old Net Name=NetLED*_U_LED_Channel23_2 New Net Name=NetLED_42_2
Change Net Name : Old Net Name=NetLED*_U_LED_Channel24_2 New Net Name=NetLED_41_2
Change Net Name : Old Net Name=NetLED*_U_LED_Channel25_2 New Net Name=NetLED_40_2
Change Net Name : Old Net Name=NetLED*_U_LED_Channel26_2 New Net Name=NetLED_39_2
Change Net Name : Old Net Name=NetLED*_U_LED_Channel27_2 New Net Name=NetLED_38_2
Change Net Name : Old Net Name=NetLED*_U_LED_Channel28_2 New Net Name=NetLED_37_2
Change Net Name : Old Net Name=NetLED*_U_LED_Channel29_2 New Net Name=NetLED_36_2
Change Net Name : Old Net Name=NetLED*_U_LED_Channel30_2 New Net Name=NetLED_35_2
Change Net Name : Old Net Name=NetLED*_U_LED_Channel31_2 New Net Name=NetLED_34_2
Change Net Name : Old Net Name=NetLED*_U_LED_Channel32_2 New Net Name=NetLED_33_2
Change Net Name : Old Net Name=NetLED*_U_LED_Channel33_2 New Net Name=NetLED_32_2
Change Net Name : Old Net Name=NetLED*_U_LED_Channel34_2 New Net Name=NetLED_31_2
Change Net Name : Old Net Name=NetLED*_U_LED_Channel35_2 New Net Name=NetLED_30_2
Change Net Name : Old Net Name=NetLED*_U_LED_Channel36_2 New Net Name=NetLED_29_2
Change Net Name : Old Net Name=NetLED*_U_LED_Channel37_2 New Net Name=NetLED_28_2
Change Net Name : Old Net Name=NetLED*_U_LED_Channel38_2 New Net Name=NetLED_27_2
Change Net Name : Old Net Name=NetLED*_U_LED_Channel39_2 New Net Name=NetLED_26_2
Change Net Name : Old Net Name=NetLED*_U_LED_Channel40_2 New Net Name=NetLED_25_2
Change Net Name : Old Net Name=NetLED*_U_LED_Channel41_2 New Net Name=NetLED_24_2
Change Net Name : Old Net Name=NetLED*_U_LED_Channel42_2 New Net Name=NetLED_23_2
Change Net Name : Old Net Name=NetLED*_U_LED_Channel43_2 New Net Name=NetLED_121_2
Change Net Name : Old Net Name=NetLED*_U_LED_Channel44_2 New Net Name=NetLED_21_2
Change Net Name : Old Net Name=NetLED*_U_LED_Channel45_2 New Net Name=NetLED_20_2
Change Net Name : Old Net Name=NetLED*_U_LED_Channel46_2 New Net Name=NetLED_19_2
Change Net Name : Old Net Name=NetLED*_U_LED_Channel47_2 New Net Name=NetLED_18_2
Change Net Name : Old Net Name=NetLED*_U_LED_Channel48_2 New Net Name=NetLED_17_2
Change Net Name : Old Net Name=NetLED*_U_LED_Channel49_2 New Net Name=NetLED_16_2
Change Net Name : Old Net Name=NetLED*_U_LED_Channel50_2 New Net Name=NetLED_15_2
Change Net Name : Old Net Name=NetLED*_U_LED_Channel51_2 New Net Name=NetLED_14_2
Change Net Name : Old Net Name=NetLED*_U_LED_Channel52_2 New Net Name=NetLED_13_2
Change Net Name : Old Net Name=NetLED*_U_LED_Channel53_2 New Net Name=NetLED_122_2
Change Class Name : Old Net Name=U_LED_Channel4 New Net Name=122
Change Class Name : Old Net Name=U_LED_Channel6 New Net Name=34
Change Class Name : Old Net Name=U_LED_Channel7 New Net Name=20
Change Class Name : Old Net Name=U_LED_Channel8 New Net Name=56
Change Class Name : Old Net Name=U_LED_Channel12 New Net Name=38
Change Class Name : Old Net Name=U_LED_Channel13 New Net Name=54
Change Class Name : Old Net Name=U_LED_Channel18 New Net Name=36
Change Class Name : Old Net Name=U_LED_Channel20 New Net Name=58
Change Class Name : Old Net Name=U_LED_Channel22 New Net Name=63
Change Class Name : Old Net Name=U_LED_Channel25 New Net Name=52
Change Class Name : Old Net Name=U_LED_Channel26 New Net Name=59
Change Class Name : Old Net Name=U_LED_Channel28 New Net Name=16
Change Class Name : Old Net Name=U_LED_Channel31 New Net Name=57
Change Class Name : Old Net Name=U_LED_Channel32 New Net Name=60
Change Class Name : Old Net Name=U_LED_Channel36 New Net Name=39
Change Class Name : Old Net Name=U_LED_Channel37 New Net Name=50
Change Class Name : Old Net Name=U_LED_Channel41 New Net Name=61
Change Class Name : Old Net Name=U_LED_Channel42 New Net Name=40
Change Class Name : Old Net Name=U_LED_Channel43 New Net Name=14
Change Class Name : Old Net Name=U_LED_Channel46 New Net Name=19
Change Class Name : Old Net Name=U_LED_Channel47 New Net Name=26
Change Class Name : Old Net Name=U_LED_Channel48 New Net Name=41
Change Class Name : Old Net Name=U_LED_Channel49 New Net Name=48
Change Class Name : Old Net Name=U_LED_Channel53 New Net Name=18
Added Class: Name=13
Added Class: Name=15
Added Class: Name=17
Added Class: Name=21
Added Class: Name=23
Added Class: Name=24
Added Class: Name=25
Added Class: Name=27
Added Class: Name=28
Added Class: Name=29
Added Class: Name=30
Added Class: Name=31
Added Class: Name=32
Added Class: Name=33
Added Class: Name=35
Added Class: Name=37
Added Class: Name=42
Added Class: Name=43
Added Class: Name=44
Added Class: Name=45
Added Class: Name=46
Added Class: Name=47
Added Class: Name=49
Added Class: Name=51
Added Class: Name=53
Added Class: Name=55
Added Class: Name=62
Added Class: Name=64
Added Class: Name=121
Added Member To Class: ClassName=LED_Channel Member=12 (LED_Channel.SchDoc)
Added Member To Class: ClassName=LED_Channel Member=12 (LED_Channel.SchDoc)
Added Member To Class: ClassName=LED_Channel Member=13 (LED_Channel.SchDoc)
Added Member To Class: ClassName=LED_Channel Member=14 (LED_Channel.SchDoc)
Added Member To Class: ClassName=LED_Channel Member=15 (LED_Channel.SchDoc)
Added Member To Class: ClassName=LED_Channel Member=16 (LED_Channel.SchDoc)
Added Member To Class: ClassName=LED_Channel Member=17 (LED_Channel.SchDoc)
Added Member To Class: ClassName=LED_Channel Member=18 (LED_Channel.SchDoc)
Added Member To Class: ClassName=LED_Channel Member=19 (LED_Channel.SchDoc)
Added Member To Class: ClassName=LED_Channel Member=20 (LED_Channel.SchDoc)
Added Member To Class: ClassName=LED_Channel Member=21 (LED_Channel.SchDoc)
Added Member To Class: ClassName=LED_Channel Member=23 (LED_Channel.SchDoc)
Added Member To Class: ClassName=LED_Channel Member=24 (LED_Channel.SchDoc)
Added Member To Class: ClassName=LED_Channel Member=25 (LED_Channel.SchDoc)
Added Member To Class: ClassName=LED_Channel Member=26 (LED_Channel.SchDoc)
Added Member To Class: ClassName=LED_Channel Member=27 (LED_Channel.SchDoc)
Added Member To Class: ClassName=LED_Channel Member=28 (LED_Channel.SchDoc)
Added Member To Class: ClassName=LED_Channel Member=29 (LED_Channel.SchDoc)
Added Member To Class: ClassName=LED_Channel Member=30 (LED_Channel.SchDoc)
Added Member To Class: ClassName=LED_Channel Member=31 (LED_Channel.SchDoc)
Added Member To Class: ClassName=LED_Channel Member=32 (LED_Channel.SchDoc)
Added Member To Class: ClassName=LED_Channel Member=33 (LED_Channel.SchDoc)
Added Member To Class: ClassName=LED_Channel Member=34 (LED_Channel.SchDoc)
Added Member To Class: ClassName=LED_Channel Member=35 (LED_Channel.SchDoc)
Added Member To Class: ClassName=LED_Channel Member=36 (LED_Channel.SchDoc)
Added Member To Class: ClassName=LED_Channel Member=37 (LED_Channel.SchDoc)
Added Member To Class: ClassName=LED_Channel Member=38 (LED_Channel.SchDoc)
Added Member To Class: ClassName=LED_Channel Member=39 (LED_Channel.SchDoc)
Added Member To Class: ClassName=LED_Channel Member=40 (LED_Channel.SchDoc)
Added Member To Class: ClassName=LED_Channel Member=41 (LED_Channel.SchDoc)
Added Member To Class: ClassName=LED_Channel Member=42 (LED_Channel.SchDoc)
Added Member To Class: ClassName=LED_Channel Member=43 (LED_Channel.SchDoc)
Added Member To Class: ClassName=LED_Channel Member=44 (LED_Channel.SchDoc)
Added Member To Class: ClassName=LED_Channel Member=45 (LED_Channel.SchDoc)
Added Member To Class: ClassName=LED_Channel Member=46 (LED_Channel.SchDoc)
Added Member To Class: ClassName=LED_Channel Member=47 (LED_Channel.SchDoc)
Added Member To Class: ClassName=LED_Channel Member=48 (LED_Channel.SchDoc)
Added Member To Class: ClassName=LED_Channel Member=49 (LED_Channel.SchDoc)
Added Member To Class: ClassName=LED_Channel Member=50 (LED_Channel.SchDoc)
Added Member To Class: ClassName=LED_Channel Member=51 (LED_Channel.SchDoc)
Added Member To Class: ClassName=LED_Channel Member=52 (LED_Channel.SchDoc)
Added Member To Class: ClassName=LED_Channel Member=53 (LED_Channel.SchDoc)
Added Member To Class: ClassName=LED_Channel Member=54 (LED_Channel.SchDoc)
Added Member To Class: ClassName=LED_Channel Member=55 (LED_Channel.SchDoc)
Added Member To Class: ClassName=LED_Channel Member=56 (LED_Channel.SchDoc)
Added Member To Class: ClassName=LED_Channel Member=57 (LED_Channel.SchDoc)
Added Member To Class: ClassName=LED_Channel Member=58 (LED_Channel.SchDoc)
Added Member To Class: ClassName=LED_Channel Member=59 (LED_Channel.SchDoc)
Added Member To Class: ClassName=LED_Channel Member=60 (LED_Channel.SchDoc)
Added Member To Class: ClassName=LED_Channel Member=61 (LED_Channel.SchDoc)
Added Member To Class: ClassName=LED_Channel Member=62 (LED_Channel.SchDoc)
Added Member To Class: ClassName=LED_Channel Member=63 (LED_Channel.SchDoc)
Added Member To Class: ClassName=LED_Channel Member=64 (LED_Channel.SchDoc)
