Added Component: Designator=LED65(LED_WS2812-2020)
Add component (AddParameter): Name = "Availability"; Value = "Not in stock"; VariantName = "[No Variations]"
Add component (AddParameter): Name = "Check_prices"; Value = "https://www.snapeda.com/parts/WS2812-2020/Worldsemi/view-part/?ref=eda"; VariantName = "[No Variations]"
Add component (AddParameter): Name = "MF"; Value = "Worldsemi"; VariantName = "[No Variations]"
Add component (AddParameter): Name = "MP"; Value = "WS2812-2020"; VariantName = "[No Variations]"
Add component (AddParameter): Name = "Package"; Value = "Package"; VariantName = "[No Variations]"
Add component (AddParameter): Name = "Price"; Value = "None"; VariantName = "[No Variations]"
Add component (AddParameter): Name = "SnapEDA_Link"; Value = "https://www.snapeda.com/parts/WS2812-2020/Worldsemi/view-part/?ref=snap"; VariantName = "[No Variations]"
Add component (AddParameter): Name = "Value"; Value = ""; VariantName = "[No Variations]"
Added Component: Designator=LED66(LED_WS2812-2020)
Add component (AddParameter): Name = "Availability"; Value = "Not in stock"; VariantName = "[No Variations]"
Add component (AddParameter): Name = "Check_prices"; Value = "https://www.snapeda.com/parts/WS2812-2020/Worldsemi/view-part/?ref=eda"; VariantName = "[No Variations]"
Add component (AddParameter): Name = "MF"; Value = "Worldsemi"; VariantName = "[No Variations]"
Add component (AddParameter): Name = "MP"; Value = "WS2812-2020"; VariantName = "[No Variations]"
Add component (AddParameter): Name = "Package"; Value = "Package"; VariantName = "[No Variations]"
Add component (AddParameter): Name = "Price"; Value = "None"; VariantName = "[No Variations]"
Add component (AddParameter): Name = "SnapEDA_Link"; Value = "https://www.snapeda.com/parts/WS2812-2020/Worldsemi/view-part/?ref=snap"; VariantName = "[No Variations]"
Add component (AddParameter): Name = "Value"; Value = ""; VariantName = "[No Variations]"
Added Component: Designator=LED67(LED_WS2812-2020)
Add component (AddParameter): Name = "Availability"; Value = "Not in stock"; VariantName = "[No Variations]"
Add component (AddParameter): Name = "Check_prices"; Value = "https://www.snapeda.com/parts/WS2812-2020/Worldsemi/view-part/?ref=eda"; VariantName = "[No Variations]"
Add component (AddParameter): Name = "MF"; Value = "Worldsemi"; VariantName = "[No Variations]"
Add component (AddParameter): Name = "MP"; Value = "WS2812-2020"; VariantName = "[No Variations]"
Add component (AddParameter): Name = "Package"; Value = "Package"; VariantName = "[No Variations]"
Add component (AddParameter): Name = "Price"; Value = "None"; VariantName = "[No Variations]"
Add component (AddParameter): Name = "SnapEDA_Link"; Value = "https://www.snapeda.com/parts/WS2812-2020/Worldsemi/view-part/?ref=snap"; VariantName = "[No Variations]"
Add component (AddParameter): Name = "Value"; Value = ""; VariantName = "[No Variations]"
Added Component: Designator=LED68(LED_WS2812-2020)
Add component (AddParameter): Name = "Availability"; Value = "Not in stock"; VariantName = "[No Variations]"
Add component (AddParameter): Name = "Check_prices"; Value = "https://www.snapeda.com/parts/WS2812-2020/Worldsemi/view-part/?ref=eda"; VariantName = "[No Variations]"
Add component (AddParameter): Name = "MF"; Value = "Worldsemi"; VariantName = "[No Variations]"
Add component (AddParameter): Name = "MP"; Value = "WS2812-2020"; VariantName = "[No Variations]"
Add component (AddParameter): Name = "Package"; Value = "Package"; VariantName = "[No Variations]"
Add component (AddParameter): Name = "Price"; Value = "None"; VariantName = "[No Variations]"
Add component (AddParameter): Name = "SnapEDA_Link"; Value = "https://www.snapeda.com/parts/WS2812-2020/Worldsemi/view-part/?ref=snap"; VariantName = "[No Variations]"
Add component (AddParameter): Name = "Value"; Value = ""; VariantName = "[No Variations]"
Added Component: Designator=LED69(LED_WS2812-2020)
Add component (AddParameter): Name = "Availability"; Value = "Not in stock"; VariantName = "[No Variations]"
Add component (AddParameter): Name = "Check_prices"; Value = "https://www.snapeda.com/parts/WS2812-2020/Worldsemi/view-part/?ref=eda"; VariantName = "[No Variations]"
Add component (AddParameter): Name = "MF"; Value = "Worldsemi"; VariantName = "[No Variations]"
Add component (AddParameter): Name = "MP"; Value = "WS2812-2020"; VariantName = "[No Variations]"
Add component (AddParameter): Name = "Package"; Value = "Package"; VariantName = "[No Variations]"
Add component (AddParameter): Name = "Price"; Value = "None"; VariantName = "[No Variations]"
Add component (AddParameter): Name = "SnapEDA_Link"; Value = "https://www.snapeda.com/parts/WS2812-2020/Worldsemi/view-part/?ref=snap"; VariantName = "[No Variations]"
Add component (AddParameter): Name = "Value"; Value = ""; VariantName = "[No Variations]"
Added Component: Designator=LED70(LED_WS2812-2020)
Add component (AddParameter): Name = "Availability"; Value = "Not in stock"; VariantName = "[No Variations]"
Add component (AddParameter): Name = "Check_prices"; Value = "https://www.snapeda.com/parts/WS2812-2020/Worldsemi/view-part/?ref=eda"; VariantName = "[No Variations]"
Add component (AddParameter): Name = "MF"; Value = "Worldsemi"; VariantName = "[No Variations]"
Add component (AddParameter): Name = "MP"; Value = "WS2812-2020"; VariantName = "[No Variations]"
Add component (AddParameter): Name = "Package"; Value = "Package"; VariantName = "[No Variations]"
Add component (AddParameter): Name = "Price"; Value = "None"; VariantName = "[No Variations]"
Add component (AddParameter): Name = "SnapEDA_Link"; Value = "https://www.snapeda.com/parts/WS2812-2020/Worldsemi/view-part/?ref=snap"; VariantName = "[No Variations]"
Add component (AddParameter): Name = "Value"; Value = ""; VariantName = "[No Variations]"
Added Component: Designator=LED71(LED_WS2812-2020)
Add component (AddParameter): Name = "Availability"; Value = "Not in stock"; VariantName = "[No Variations]"
Add component (AddParameter): Name = "Check_prices"; Value = "https://www.snapeda.com/parts/WS2812-2020/Worldsemi/view-part/?ref=eda"; VariantName = "[No Variations]"
Add component (AddParameter): Name = "MF"; Value = "Worldsemi"; VariantName = "[No Variations]"
Add component (AddParameter): Name = "MP"; Value = "WS2812-2020"; VariantName = "[No Variations]"
Add component (AddParameter): Name = "Package"; Value = "Package"; VariantName = "[No Variations]"
Add component (AddParameter): Name = "Price"; Value = "None"; VariantName = "[No Variations]"
Add component (AddParameter): Name = "SnapEDA_Link"; Value = "https://www.snapeda.com/parts/WS2812-2020/Worldsemi/view-part/?ref=snap"; VariantName = "[No Variations]"
Add component (AddParameter): Name = "Value"; Value = ""; VariantName = "[No Variations]"
Added Component: Designator=LED72(LED_WS2812-2020)
Add component (AddParameter): Name = "Availability"; Value = "Not in stock"; VariantName = "[No Variations]"
Add component (AddParameter): Name = "Check_prices"; Value = "https://www.snapeda.com/parts/WS2812-2020/Worldsemi/view-part/?ref=eda"; VariantName = "[No Variations]"
Add component (AddParameter): Name = "MF"; Value = "Worldsemi"; VariantName = "[No Variations]"
Add component (AddParameter): Name = "MP"; Value = "WS2812-2020"; VariantName = "[No Variations]"
Add component (AddParameter): Name = "Package"; Value = "Package"; VariantName = "[No Variations]"
Add component (AddParameter): Name = "Price"; Value = "None"; VariantName = "[No Variations]"
Add component (AddParameter): Name = "SnapEDA_Link"; Value = "https://www.snapeda.com/parts/WS2812-2020/Worldsemi/view-part/?ref=snap"; VariantName = "[No Variations]"
Add component (AddParameter): Name = "Value"; Value = ""; VariantName = "[No Variations]"
Added Component: Designator=LED73(LED_WS2812-2020)
Add component (AddParameter): Name = "Availability"; Value = "Not in stock"; VariantName = "[No Variations]"
Add component (AddParameter): Name = "Check_prices"; Value = "https://www.snapeda.com/parts/WS2812-2020/Worldsemi/view-part/?ref=eda"; VariantName = "[No Variations]"
Add component (AddParameter): Name = "MF"; Value = "Worldsemi"; VariantName = "[No Variations]"
Add component (AddParameter): Name = "MP"; Value = "WS2812-2020"; VariantName = "[No Variations]"
Add component (AddParameter): Name = "Package"; Value = "Package"; VariantName = "[No Variations]"
Add component (AddParameter): Name = "Price"; Value = "None"; VariantName = "[No Variations]"
Add component (AddParameter): Name = "SnapEDA_Link"; Value = "https://www.snapeda.com/parts/WS2812-2020/Worldsemi/view-part/?ref=snap"; VariantName = "[No Variations]"
Add component (AddParameter): Name = "Value"; Value = ""; VariantName = "[No Variations]"
Added Component: Designator=LED74(LED_WS2812-2020)
Add component (AddParameter): Name = "Availability"; Value = "Not in stock"; VariantName = "[No Variations]"
Add component (AddParameter): Name = "Check_prices"; Value = "https://www.snapeda.com/parts/WS2812-2020/Worldsemi/view-part/?ref=eda"; VariantName = "[No Variations]"
Add component (AddParameter): Name = "MF"; Value = "Worldsemi"; VariantName = "[No Variations]"
Add component (AddParameter): Name = "MP"; Value = "WS2812-2020"; VariantName = "[No Variations]"
Add component (AddParameter): Name = "Package"; Value = "Package"; VariantName = "[No Variations]"
Add component (AddParameter): Name = "Price"; Value = "None"; VariantName = "[No Variations]"
Add component (AddParameter): Name = "SnapEDA_Link"; Value = "https://www.snapeda.com/parts/WS2812-2020/Worldsemi/view-part/?ref=snap"; VariantName = "[No Variations]"
Add component (AddParameter): Name = "Value"; Value = ""; VariantName = "[No Variations]"
Added Pin To Net: NetName=GND Pin=LED65-2
Added Pin To Net: NetName=VBUS Pin=LED65-4
Added Pin To Net: NetName=GND Pin=LED66-2
Added Pin To Net: NetName=VBUS Pin=LED66-4
Added Pin To Net: NetName=GND Pin=LED67-2
Added Pin To Net: NetName=VBUS Pin=LED67-4
Added Pin To Net: NetName=GND Pin=LED68-2
Added Pin To Net: NetName=VBUS Pin=LED68-4
Added Pin To Net: NetName=GND Pin=LED69-2
Added Pin To Net: NetName=VBUS Pin=LED69-4
Added Pin To Net: NetName=GND Pin=LED70-2
Added Pin To Net: NetName=VBUS Pin=LED70-4
Added Pin To Net: NetName=GND Pin=LED71-2
Added Pin To Net: NetName=VBUS Pin=LED71-4
Added Pin To Net: NetName=GND Pin=LED72-2
Added Pin To Net: NetName=VBUS Pin=LED72-4
Added Pin To Net: NetName=GND Pin=LED73-2
Added Pin To Net: NetName=VBUS Pin=LED73-4
Added Pin To Net: NetName=GND Pin=LED74-2
Added Pin To Net: NetName=VBUS Pin=LED74-4
Added Pin To Net: NetName=NetLED65_1 Pin=LED65-1
Added Pin To Net: NetName=NetLED65_1 Pin=LED66-3
Added Net: Name=NetLED65_1
Added Pin To Net: NetName=NetLED65_3 Pin=LED65-3
Added Pin To Net: NetName=NetLED65_3 Pin=U1-15
Added Net: Name=NetLED65_3
Added Pin To Net: NetName=NetLED66_1 Pin=LED66-1
Added Pin To Net: NetName=NetLED66_1 Pin=LED67-3
Added Net: Name=NetLED66_1
Added Pin To Net: NetName=NetLED67_1 Pin=LED67-1
Added Pin To Net: NetName=NetLED67_1 Pin=LED68-3
Added Net: Name=NetLED67_1
Added Pin To Net: NetName=NetLED68_1 Pin=LED68-1
Added Pin To Net: NetName=NetLED68_1 Pin=LED69-3
Added Net: Name=NetLED68_1
Added Pin To Net: NetName=NetLED69_1 Pin=LED69-1
Added Net: Name=NetLED69_1
Added Pin To Net: NetName=NetLED70_1 Pin=LED70-1
Added Pin To Net: NetName=NetLED70_1 Pin=LED71-3
Added Net: Name=NetLED70_1
Added Pin To Net: NetName=NetLED70_3 Pin=LED70-3
Added Pin To Net: NetName=NetLED70_3 Pin=U1-16
Added Net: Name=NetLED70_3
Added Pin To Net: NetName=NetLED71_1 Pin=LED71-1
Added Pin To Net: NetName=NetLED71_1 Pin=LED72-3
Added Net: Name=NetLED71_1
Added Pin To Net: NetName=NetLED72_1 Pin=LED72-1
Added Pin To Net: NetName=NetLED72_1 Pin=LED73-3
Added Net: Name=NetLED72_1
Added Pin To Net: NetName=NetLED73_1 Pin=LED73-1
Added Pin To Net: NetName=NetLED73_1 Pin=LED74-3
Added Net: Name=NetLED73_1
Added Pin To Net: NetName=NetLED74_1 Pin=LED74-1
Added Net: Name=NetLED74_1
Added Class: Name=U_LEDS_Status
