Change Physical Footprint: Designator=C1 Old Footprint=0603-CAPS New Footprint=0603-CAPS
Change Physical Footprint: Designator=C2 Old Footprint=0603-CAPS New Footprint=0603-CAPS
Change Physical Footprint: Designator=C3 Old Footprint=0603-CAPS New Footprint=0603-CAPS
Change Physical Footprint: Designator=C4 Old Footprint=0603-CAPS New Footprint=0603-CAPS
Change Physical Footprint: Designator=C5 Old Footprint=0603-CAPS New Footprint=0603-CAPS
Change Physical Footprint: Designator=C6 Old Footprint=0603-CAPS New Footprint=0603-CAPS
Change Physical Footprint: Designator=C7 Old Footprint=0603-CAPS New Footprint=0603-CAPS
Change Physical Footprint: Designator=C8 Old Footprint=0603-CAPS New Footprint=0603-CAPS
Change Physical Footprint: Designator=C_1 Old Footprint=0603-CAPS New Footprint=0603-CAPS
Change Physical Footprint: Designator=C_2 Old Footprint=0603-CAPS New Footprint=0603-CAPS
Change Physical Footprint: Designator=C_3 Old Footprint=0603-CAPS New Footprint=0603-CAPS
Change Physical Footprint: Designator=C_4 Old Footprint=0603-CAPS New Footprint=0603-CAPS
Change Physical Footprint: Designator=C_5 Old Footprint=0603-CAPS New Footprint=0603-CAPS
Change Physical Footprint: Designator=C_6 Old Footprint=0603-CAPS New Footprint=0603-CAPS
Change Physical Footprint: Designator=C_7 Old Footprint=0603-CAPS New Footprint=0603-CAPS
Change Physical Footprint: Designator=C_8 Old Footprint=0603-CAPS New Footprint=0603-CAPS
Change Physical Footprint: Designator=C_9 Old Footprint=0603-CAPS New Footprint=0603-CAPS
Change Physical Footprint: Designator=C_10 Old Footprint=0603-CAPS New Footprint=0603-CAPS
Change Physical Footprint: Designator=C_11 Old Footprint=0603-CAPS New Footprint=0603-CAPS
Change Physical Footprint: Designator=C_13 Old Footprint=0603-CAPS New Footprint=0603-CAPS
Change Physical Footprint: Designator=C_14 Old Footprint=0603-CAPS New Footprint=0603-CAPS
Change Physical Footprint: Designator=C_15 Old Footprint=0603-CAPS New Footprint=0603-CAPS
Change Physical Footprint: Designator=C_16 Old Footprint=0603-CAPS New Footprint=0603-CAPS
Change Physical Footprint: Designator=C_17 Old Footprint=0603-CAPS New Footprint=0603-CAPS
Change Physical Footprint: Designator=C_18 Old Footprint=0603-CAPS New Footprint=0603-CAPS
Change Physical Footprint: Designator=C_19 Old Footprint=0603-CAPS New Footprint=0603-CAPS
Change Physical Footprint: Designator=C_20 Old Footprint=0603-CAPS New Footprint=0603-CAPS
Change Physical Footprint: Designator=C_21 Old Footprint=0603-CAPS New Footprint=0603-CAPS
Change Physical Footprint: Designator=C_23 Old Footprint=0603-CAPS New Footprint=0603-CAPS
Change Physical Footprint: Designator=C_24 Old Footprint=0603-CAPS New Footprint=0603-CAPS
Change Physical Footprint: Designator=C_25 Old Footprint=0603-CAPS New Footprint=0603-CAPS
Change Physical Footprint: Designator=C_26 Old Footprint=0603-CAPS New Footprint=0603-CAPS
Change Physical Footprint: Designator=C_27 Old Footprint=0603-CAPS New Footprint=0603-CAPS
Change Physical Footprint: Designator=C_28 Old Footprint=0603-CAPS New Footprint=0603-CAPS
Change Physical Footprint: Designator=C_29 Old Footprint=0603-CAPS New Footprint=0603-CAPS
Change Physical Footprint: Designator=C_30 Old Footprint=0603-CAPS New Footprint=0603-CAPS
Change Physical Footprint: Designator=C_31 Old Footprint=0603-CAPS New Footprint=0603-CAPS
Change Physical Footprint: Designator=C_32 Old Footprint=0603-CAPS New Footprint=0603-CAPS
Change Physical Footprint: Designator=C_33 Old Footprint=0603-CAPS New Footprint=0603-CAPS
Change Physical Footprint: Designator=C_34 Old Footprint=0603-CAPS New Footprint=0603-CAPS
Change Physical Footprint: Designator=C_35 Old Footprint=0603-CAPS New Footprint=0603-CAPS
Change Physical Footprint: Designator=C_36 Old Footprint=0603-CAPS New Footprint=0603-CAPS
Change Physical Footprint: Designator=C_37 Old Footprint=0603-CAPS New Footprint=0603-CAPS
Change Physical Footprint: Designator=C_38 Old Footprint=0603-CAPS New Footprint=0603-CAPS
Change Physical Footprint: Designator=C_39 Old Footprint=0603-CAPS New Footprint=0603-CAPS
Change Physical Footprint: Designator=C_40 Old Footprint=0603-CAPS New Footprint=0603-CAPS
Change Physical Footprint: Designator=C_41 Old Footprint=0603-CAPS New Footprint=0603-CAPS
Change Physical Footprint: Designator=C_42 Old Footprint=0603-CAPS New Footprint=0603-CAPS
Change Physical Footprint: Designator=C_43 Old Footprint=0603-CAPS New Footprint=0603-CAPS
Change Physical Footprint: Designator=C_44 Old Footprint=0603-CAPS New Footprint=0603-CAPS
Change Physical Footprint: Designator=C_45 Old Footprint=0603-CAPS New Footprint=0603-CAPS
Change Physical Footprint: Designator=C_46 Old Footprint=0603-CAPS New Footprint=0603-CAPS
Change Physical Footprint: Designator=C_47 Old Footprint=0603-CAPS New Footprint=0603-CAPS
Change Physical Footprint: Designator=C_48 Old Footprint=0603-CAPS New Footprint=0603-CAPS
Change Physical Footprint: Designator=C_49 Old Footprint=0603-CAPS New Footprint=0603-CAPS
Change Physical Footprint: Designator=C_50 Old Footprint=0603-CAPS New Footprint=0603-CAPS
Change Physical Footprint: Designator=C_51 Old Footprint=0603-CAPS New Footprint=0603-CAPS
Change Physical Footprint: Designator=C_52 Old Footprint=0603-CAPS New Footprint=0603-CAPS
Change Physical Footprint: Designator=C_53 Old Footprint=0603-CAPS New Footprint=0603-CAPS
Change Physical Footprint: Designator=C_54 Old Footprint=0603-CAPS New Footprint=0603-CAPS
Change Physical Footprint: Designator=C_55 Old Footprint=0603-CAPS New Footprint=0603-CAPS
Change Physical Footprint: Designator=C_56 Old Footprint=0603-CAPS New Footprint=0603-CAPS
Change Physical Footprint: Designator=C_57 Old Footprint=0603-CAPS New Footprint=0603-CAPS
Change Physical Footprint: Designator=C_58 Old Footprint=0603-CAPS New Footprint=0603-CAPS
Change Physical Footprint: Designator=C_59 Old Footprint=0603-CAPS New Footprint=0603-CAPS
Change Physical Footprint: Designator=C_60 Old Footprint=0603-CAPS New Footprint=0603-CAPS
Change Physical Footprint: Designator=C_61 Old Footprint=0603-CAPS New Footprint=0603-CAPS
Change Physical Footprint: Designator=C_62 Old Footprint=0603-CAPS New Footprint=0603-CAPS
Change Physical Footprint: Designator=C_63 Old Footprint=0603-CAPS New Footprint=0603-CAPS
Change Physical Footprint: Designator=C_64 Old Footprint=0603-CAPS New Footprint=0603-CAPS
Change Physical Footprint: Designator=C_121 Old Footprint=0603-CAPS New Footprint=0603-CAPS
Change Physical Footprint: Designator=C_122 Old Footprint=0603-CAPS New Footprint=0603-CAPS
Change Physical Footprint: Designator=D1 Old Footprint=1N4148W(SOD123) New Footprint=1N4148W(SOD123)
Change Physical Footprint: Designator=D2 Old Footprint=1N4148W(SOD123) New Footprint=1N4148W(SOD123)
Change Physical Footprint: Designator=D3 Old Footprint=1N4148W(SOD123) New Footprint=1N4148W(SOD123)
Change Physical Footprint: Designator=D4 Old Footprint=1N4148W(SOD123) New Footprint=1N4148W(SOD123)
Change Physical Footprint: Designator=D5 Old Footprint=1N4148W(SOD123) New Footprint=1N4148W(SOD123)
Change Physical Footprint: Designator=D6 Old Footprint=1N4148W(SOD123) New Footprint=1N4148W(SOD123)
Change Physical Footprint: Designator=D7 Old Footprint=1N4148W(SOD123) New Footprint=1N4148W(SOD123)
Change Physical Footprint: Designator=D8 Old Footprint=1N4148W(SOD123) New Footprint=1N4148W(SOD123)
Change Physical Footprint: Designator=D9 Old Footprint=1N4148W(SOD123) New Footprint=1N4148W(SOD123)
Change Physical Footprint: Designator=D10 Old Footprint=1N4148W(SOD123) New Footprint=1N4148W(SOD123)
Change Physical Footprint: Designator=D11 Old Footprint=1N4148W(SOD123) New Footprint=1N4148W(SOD123)
Change Physical Footprint: Designator=D12 Old Footprint=1N4148W(SOD123) New Footprint=1N4148W(SOD123)
Change Physical Footprint: Designator=D13 Old Footprint=1N4148W(SOD123) New Footprint=1N4148W(SOD123)
Change Physical Footprint: Designator=D14 Old Footprint=1N4148W(SOD123) New Footprint=1N4148W(SOD123)
Change Physical Footprint: Designator=D15 Old Footprint=1N4148W(SOD123) New Footprint=1N4148W(SOD123)
Change Physical Footprint: Designator=D16 Old Footprint=1N4148W(SOD123) New Footprint=1N4148W(SOD123)
Change Physical Footprint: Designator=D17 Old Footprint=1N4148W(SOD123) New Footprint=1N4148W(SOD123)
Change Physical Footprint: Designator=D18 Old Footprint=1N4148W(SOD123) New Footprint=1N4148W(SOD123)
Change Physical Footprint: Designator=D19 Old Footprint=1N4148W(SOD123) New Footprint=1N4148W(SOD123)
Change Physical Footprint: Designator=D20 Old Footprint=1N4148W(SOD123) New Footprint=1N4148W(SOD123)
Change Physical Footprint: Designator=D21 Old Footprint=1N4148W(SOD123) New Footprint=1N4148W(SOD123)
Change Physical Footprint: Designator=D22 Old Footprint=1N4148W(SOD123) New Footprint=1N4148W(SOD123)
Change Physical Footprint: Designator=D23 Old Footprint=1N4148W(SOD123) New Footprint=1N4148W(SOD123)
Change Physical Footprint: Designator=D24 Old Footprint=1N4148W(SOD123) New Footprint=1N4148W(SOD123)
Change Physical Footprint: Designator=D25 Old Footprint=1N4148W(SOD123) New Footprint=1N4148W(SOD123)
Change Physical Footprint: Designator=D26 Old Footprint=1N4148W(SOD123) New Footprint=1N4148W(SOD123)
Change Physical Footprint: Designator=D27 Old Footprint=1N4148W(SOD123) New Footprint=1N4148W(SOD123)
Change Physical Footprint: Designator=D28 Old Footprint=1N4148W(SOD123) New Footprint=1N4148W(SOD123)
Change Physical Footprint: Designator=D29 Old Footprint=1N4148W(SOD123) New Footprint=1N4148W(SOD123)
Change Physical Footprint: Designator=D30 Old Footprint=1N4148W(SOD123) New Footprint=1N4148W(SOD123)
Change Physical Footprint: Designator=D31 Old Footprint=1N4148W(SOD123) New Footprint=1N4148W(SOD123)
Change Physical Footprint: Designator=D32 Old Footprint=1N4148W(SOD123) New Footprint=1N4148W(SOD123)
Change Physical Footprint: Designator=D33 Old Footprint=1N4148W(SOD123) New Footprint=1N4148W(SOD123)
Change Physical Footprint: Designator=D34 Old Footprint=1N4148W(SOD123) New Footprint=1N4148W(SOD123)
Change Physical Footprint: Designator=D35 Old Footprint=1N4148W(SOD123) New Footprint=1N4148W(SOD123)
Change Physical Footprint: Designator=D36 Old Footprint=1N4148W(SOD123) New Footprint=1N4148W(SOD123)
Change Physical Footprint: Designator=D37 Old Footprint=1N4148W(SOD123) New Footprint=1N4148W(SOD123)
Change Physical Footprint: Designator=D38 Old Footprint=1N4148W(SOD123) New Footprint=1N4148W(SOD123)
Change Physical Footprint: Designator=D39 Old Footprint=1N4148W(SOD123) New Footprint=1N4148W(SOD123)
Change Physical Footprint: Designator=D40 Old Footprint=1N4148W(SOD123) New Footprint=1N4148W(SOD123)
Change Physical Footprint: Designator=D41 Old Footprint=1N4148W(SOD123) New Footprint=1N4148W(SOD123)
Change Physical Footprint: Designator=D42 Old Footprint=1N4148W(SOD123) New Footprint=1N4148W(SOD123)
Change Physical Footprint: Designator=D43 Old Footprint=1N4148W(SOD123) New Footprint=1N4148W(SOD123)
Change Physical Footprint: Designator=D44 Old Footprint=1N4148W(SOD123) New Footprint=1N4148W(SOD123)
Change Physical Footprint: Designator=D45 Old Footprint=1N4148W(SOD123) New Footprint=1N4148W(SOD123)
Change Physical Footprint: Designator=D46 Old Footprint=1N4148W(SOD123) New Footprint=1N4148W(SOD123)
Change Physical Footprint: Designator=D47 Old Footprint=1N4148W(SOD123) New Footprint=1N4148W(SOD123)
Change Physical Footprint: Designator=D48 Old Footprint=1N4148W(SOD123) New Footprint=1N4148W(SOD123)
Change Physical Footprint: Designator=D49 Old Footprint=1N4148W(SOD123) New Footprint=1N4148W(SOD123)
Change Physical Footprint: Designator=D50 Old Footprint=1N4148W(SOD123) New Footprint=1N4148W(SOD123)
Change Physical Footprint: Designator=D51 Old Footprint=1N4148W(SOD123) New Footprint=1N4148W(SOD123)
Change Physical Footprint: Designator=D52 Old Footprint=1N4148W(SOD123) New Footprint=1N4148W(SOD123)
Change Physical Footprint: Designator=D53 Old Footprint=1N4148W(SOD123) New Footprint=1N4148W(SOD123)
Change Physical Footprint: Designator=D54 Old Footprint=1N4148W(SOD123) New Footprint=1N4148W(SOD123)
Change Physical Footprint: Designator=D55 Old Footprint=1N4148W(SOD123) New Footprint=1N4148W(SOD123)
Change Physical Footprint: Designator=D56 Old Footprint=1N4148W(SOD123) New Footprint=1N4148W(SOD123)
Change Physical Footprint: Designator=D57 Old Footprint=1N4148W(SOD123) New Footprint=1N4148W(SOD123)
Change Physical Footprint: Designator=D58 Old Footprint=1N4148W(SOD123) New Footprint=1N4148W(SOD123)
Change Physical Footprint: Designator=D59 Old Footprint=1N4148W(SOD123) New Footprint=1N4148W(SOD123)
Change Physical Footprint: Designator=D60 Old Footprint=1N4148W(SOD123) New Footprint=1N4148W(SOD123)
Change Physical Footprint: Designator=D61 Old Footprint=1N4148W(SOD123) New Footprint=1N4148W(SOD123)
Change Physical Footprint: Designator=D62 Old Footprint=1N4148W(SOD123) New Footprint=1N4148W(SOD123)
Change Physical Footprint: Designator=D63 Old Footprint=1N4148W(SOD123) New Footprint=1N4148W(SOD123)
Change Physical Footprint: Designator=D64 Old Footprint=1N4148W(SOD123) New Footprint=1N4148W(SOD123)
Change Physical Footprint: Designator=J1 Old Footprint=JST_SM09B-SRSS-TB(LF)(SN) New Footprint=JST_SM09B-SRSS-TB(LF)(SN)
Change Physical Footprint: Designator=LED65 Old Footprint=LED_WS2812-2020 New Footprint=LED_WS2812-2020
Change Physical Footprint: Designator=LED66 Old Footprint=LED_WS2812-2020 New Footprint=LED_WS2812-2020
Change Physical Footprint: Designator=LED67 Old Footprint=LED_WS2812-2020 New Footprint=LED_WS2812-2020
Change Physical Footprint: Designator=LED68 Old Footprint=LED_WS2812-2020 New Footprint=LED_WS2812-2020
Change Physical Footprint: Designator=LED69 Old Footprint=LED_WS2812-2020 New Footprint=LED_WS2812-2020
Change Physical Footprint: Designator=LED70 Old Footprint=LED_WS2812-2020 New Footprint=LED_WS2812-2020
Change Physical Footprint: Designator=LED71 Old Footprint=LED_WS2812-2020 New Footprint=LED_WS2812-2020
Change Physical Footprint: Designator=LED72 Old Footprint=LED_WS2812-2020 New Footprint=LED_WS2812-2020
Change Physical Footprint: Designator=LED73 Old Footprint=LED_WS2812-2020 New Footprint=LED_WS2812-2020
Change Physical Footprint: Designator=LED74 Old Footprint=LED_WS2812-2020 New Footprint=LED_WS2812-2020
Change Physical Footprint: Designator=LED_1 Old Footprint=SK6812_LED New Footprint=SK6812_LED
Change Physical Footprint: Designator=LED_2 Old Footprint=SK6812_LED New Footprint=SK6812_LED
Change Physical Footprint: Designator=LED_3 Old Footprint=SK6812_LED New Footprint=SK6812_LED
Change Physical Footprint: Designator=LED_4 Old Footprint=SK6812_LED New Footprint=SK6812_LED
Change Physical Footprint: Designator=LED_5 Old Footprint=SK6812_LED New Footprint=SK6812_LED
Change Physical Footprint: Designator=LED_6 Old Footprint=SK6812_LED New Footprint=SK6812_LED
Change Physical Footprint: Designator=LED_7 Old Footprint=SK6812_LED New Footprint=SK6812_LED
Change Physical Footprint: Designator=LED_8 Old Footprint=SK6812_LED New Footprint=SK6812_LED
Change Physical Footprint: Designator=LED_9 Old Footprint=SK6812_LED New Footprint=SK6812_LED
Change Physical Footprint: Designator=LED_10 Old Footprint=SK6812_LED New Footprint=SK6812_LED
Change Physical Footprint: Designator=LED_11 Old Footprint=SK6812_LED New Footprint=SK6812_LED
Change Physical Footprint: Designator=LED_13 Old Footprint=SK6812_LED New Footprint=SK6812_LED
Change Physical Footprint: Designator=LED_14 Old Footprint=SK6812_LED New Footprint=SK6812_LED
Change Physical Footprint: Designator=LED_15 Old Footprint=SK6812_LED New Footprint=SK6812_LED
Change Physical Footprint: Designator=LED_16 Old Footprint=SK6812_LED New Footprint=SK6812_LED
Change Physical Footprint: Designator=LED_17 Old Footprint=SK6812_LED New Footprint=SK6812_LED
Change Physical Footprint: Designator=LED_18 Old Footprint=SK6812_LED New Footprint=SK6812_LED
Change Physical Footprint: Designator=LED_19 Old Footprint=SK6812_LED New Footprint=SK6812_LED
Change Physical Footprint: Designator=LED_20 Old Footprint=SK6812_LED New Footprint=SK6812_LED
Change Physical Footprint: Designator=LED_21 Old Footprint=SK6812_LED New Footprint=SK6812_LED
Change Physical Footprint: Designator=LED_23 Old Footprint=SK6812_LED New Footprint=SK6812_LED
Change Physical Footprint: Designator=LED_24 Old Footprint=SK6812_LED New Footprint=SK6812_LED
Change Physical Footprint: Designator=LED_25 Old Footprint=SK6812_LED New Footprint=SK6812_LED
Change Physical Footprint: Designator=LED_26 Old Footprint=SK6812_LED New Footprint=SK6812_LED
Change Physical Footprint: Designator=LED_27 Old Footprint=SK6812_LED New Footprint=SK6812_LED
Change Physical Footprint: Designator=LED_28 Old Footprint=SK6812_LED New Footprint=SK6812_LED
Change Physical Footprint: Designator=LED_29 Old Footprint=SK6812_LED New Footprint=SK6812_LED
Change Physical Footprint: Designator=LED_30 Old Footprint=SK6812_LED New Footprint=SK6812_LED
Change Physical Footprint: Designator=LED_31 Old Footprint=SK6812_LED New Footprint=SK6812_LED
Change Physical Footprint: Designator=LED_32 Old Footprint=SK6812_LED New Footprint=SK6812_LED
Change Physical Footprint: Designator=LED_33 Old Footprint=SK6812_LED New Footprint=SK6812_LED
Change Physical Footprint: Designator=LED_34 Old Footprint=SK6812_LED New Footprint=SK6812_LED
Change Physical Footprint: Designator=LED_35 Old Footprint=SK6812_LED New Footprint=SK6812_LED
Change Physical Footprint: Designator=LED_36 Old Footprint=SK6812_LED New Footprint=SK6812_LED
Change Physical Footprint: Designator=LED_37 Old Footprint=SK6812_LED New Footprint=SK6812_LED
Change Physical Footprint: Designator=LED_38 Old Footprint=SK6812_LED New Footprint=SK6812_LED
Change Physical Footprint: Designator=LED_39 Old Footprint=SK6812_LED New Footprint=SK6812_LED
Change Physical Footprint: Designator=LED_40 Old Footprint=SK6812_LED New Footprint=SK6812_LED
Change Physical Footprint: Designator=LED_41 Old Footprint=SK6812_LED New Footprint=SK6812_LED
Change Physical Footprint: Designator=LED_42 Old Footprint=SK6812_LED New Footprint=SK6812_LED
Change Physical Footprint: Designator=LED_43 Old Footprint=SK6812_LED New Footprint=SK6812_LED
Change Physical Footprint: Designator=LED_44 Old Footprint=SK6812_LED New Footprint=SK6812_LED
Change Physical Footprint: Designator=LED_45 Old Footprint=SK6812_LED New Footprint=SK6812_LED
Change Physical Footprint: Designator=LED_46 Old Footprint=SK6812_LED New Footprint=SK6812_LED
Change Physical Footprint: Designator=LED_47 Old Footprint=SK6812_LED New Footprint=SK6812_LED
Change Physical Footprint: Designator=LED_48 Old Footprint=SK6812_LED New Footprint=SK6812_LED
Change Physical Footprint: Designator=LED_49 Old Footprint=SK6812_LED New Footprint=SK6812_LED
Change Physical Footprint: Designator=LED_50 Old Footprint=SK6812_LED New Footprint=SK6812_LED
Change Physical Footprint: Designator=LED_51 Old Footprint=SK6812_LED New Footprint=SK6812_LED
Change Physical Footprint: Designator=LED_52 Old Footprint=SK6812_LED New Footprint=SK6812_LED
Change Physical Footprint: Designator=LED_53 Old Footprint=SK6812_LED New Footprint=SK6812_LED
Change Physical Footprint: Designator=LED_54 Old Footprint=SK6812_LED New Footprint=SK6812_LED
Change Physical Footprint: Designator=LED_55 Old Footprint=SK6812_LED New Footprint=SK6812_LED
Change Physical Footprint: Designator=LED_56 Old Footprint=SK6812_LED New Footprint=SK6812_LED
Change Physical Footprint: Designator=LED_57 Old Footprint=SK6812_LED New Footprint=SK6812_LED
Change Physical Footprint: Designator=LED_58 Old Footprint=SK6812_LED New Footprint=SK6812_LED
Change Physical Footprint: Designator=LED_59 Old Footprint=SK6812_LED New Footprint=SK6812_LED
Change Physical Footprint: Designator=LED_60 Old Footprint=SK6812_LED New Footprint=SK6812_LED
Change Physical Footprint: Designator=LED_61 Old Footprint=SK6812_LED New Footprint=SK6812_LED
Change Physical Footprint: Designator=LED_62 Old Footprint=SK6812_LED New Footprint=SK6812_LED
Change Physical Footprint: Designator=LED_63 Old Footprint=SK6812_LED New Footprint=SK6812_LED
Change Physical Footprint: Designator=LED_64 Old Footprint=SK6812_LED New Footprint=SK6812_LED
Change Physical Footprint: Designator=LED_121 Old Footprint=SK6812_LED New Footprint=SK6812_LED
Change Physical Footprint: Designator=LED_122 Old Footprint=SK6812_LED New Footprint=SK6812_LED
Change Physical Footprint: Designator=MH1 Old Footprint=MTH_ROUND_5.35D New Footprint=MTH_ROUND_5.35D
Change Physical Footprint: Designator=MH2 Old Footprint=MTH_ROUND_5.35D New Footprint=MTH_ROUND_5.35D
Change Physical Footprint: Designator=MH3 Old Footprint=MTH_ROUND_5.35D New Footprint=MTH_ROUND_5.35D
Change Physical Footprint: Designator=MH4 Old Footprint=MTH_ROUND_5.35D New Footprint=MTH_ROUND_5.35D
Change Physical Footprint: Designator=MH5 Old Footprint=MTH_ROUND_5.35D New Footprint=MTH_ROUND_5.35D
Change Physical Footprint: Designator=MH6 Old Footprint=MTH_ROUND_5.35D New Footprint=MTH_ROUND_5.35D
Change Physical Footprint: Designator=MH7 Old Footprint=MTH_ROUND_5.35D New Footprint=MTH_ROUND_5.35D
Change Physical Footprint: Designator=MH8 Old Footprint=MTH_ROUND_5.35D New Footprint=MTH_ROUND_5.35D
Change Physical Footprint: Designator=MH9 Old Footprint=MTH_ROUND_5.35D New Footprint=MTH_ROUND_5.35D
Change Physical Footprint: Designator=MH10 Old Footprint=MTH_ROUND_5.35D New Footprint=MTH_ROUND_5.35D
Change Physical Footprint: Designator=MH11 Old Footprint=MTH_OBLONG_3.9x2.9_PL New Footprint=MTH_OBLONG_3.9x2.9_PL
Change Physical Footprint: Designator=MH12 Old Footprint=MTH_OBLONG_3.9x2.9_PL New Footprint=MTH_OBLONG_3.9x2.9_PL
Change Physical Footprint: Designator=MH13 Old Footprint=MTH_OBLONG_3.9x2.9_PL New Footprint=MTH_OBLONG_3.9x2.9_PL
Change Physical Footprint: Designator=MH14 Old Footprint=MTH_ROUND_3D_PL New Footprint=MTH_ROUND_3D_PL
Change Physical Footprint: Designator=MH15 Old Footprint=MTH_ROUND_3D_PL New Footprint=MTH_ROUND_3D_PL
Change Physical Footprint: Designator=MH16 Old Footprint=STABILIZERS New Footprint=STABILIZERS
Change Physical Footprint: Designator=MH17 Old Footprint=STABILIZERS New Footprint=STABILIZERS
Change Physical Footprint: Designator=MH18 Old Footprint=STABILIZERS New Footprint=STABILIZERS
Change Physical Footprint: Designator=MH19 Old Footprint=STABILIZERS New Footprint=STABILIZERS
Change Physical Footprint: Designator=MH20 Old Footprint=STABILIZERS New Footprint=STABILIZERS
Change Physical Footprint: Designator=MH21 Old Footprint=STABILIZERS New Footprint=STABILIZERS
Change Physical Footprint: Designator=MH22 Old Footprint=STABILIZERS New Footprint=STABILIZERS
Change Physical Footprint: Designator=MH23 Old Footprint=STABILIZERS New Footprint=STABILIZERS
Change Physical Footprint: Designator=R1 Old Footprint=0603-CAPS New Footprint=0603-CAPS
Change Physical Footprint: Designator=S1 Old Footprint=GATERON_LOWPROFILE_HOTSWAP_SOCKET New Footprint=GATERON_LOWPROFILE_HOTSWAP_SOCKET
Change Physical Footprint: Designator=S2 Old Footprint=GATERON_LOWPROFILE_HOTSWAP_SOCKET New Footprint=GATERON_LOWPROFILE_HOTSWAP_SOCKET
Change Physical Footprint: Designator=S3 Old Footprint=GATERON_LOWPROFILE_HOTSWAP_SOCKET New Footprint=GATERON_LOWPROFILE_HOTSWAP_SOCKET
Change Physical Footprint: Designator=S4 Old Footprint=GATERON_LOWPROFILE_HOTSWAP_SOCKET New Footprint=GATERON_LOWPROFILE_HOTSWAP_SOCKET
Change Physical Footprint: Designator=S5 Old Footprint=GATERON_LOWPROFILE_HOTSWAP_SOCKET New Footprint=GATERON_LOWPROFILE_HOTSWAP_SOCKET
Change Physical Footprint: Designator=S6 Old Footprint=GATERON_LOWPROFILE_HOTSWAP_SOCKET New Footprint=GATERON_LOWPROFILE_HOTSWAP_SOCKET
Change Physical Footprint: Designator=S7 Old Footprint=GATERON_LOWPROFILE_HOTSWAP_SOCKET New Footprint=GATERON_LOWPROFILE_HOTSWAP_SOCKET
Change Physical Footprint: Designator=S8 Old Footprint=GATERON_LOWPROFILE_HOTSWAP_SOCKET New Footprint=GATERON_LOWPROFILE_HOTSWAP_SOCKET
Change Physical Footprint: Designator=S9 Old Footprint=GATERON_LOWPROFILE_HOTSWAP_SOCKET New Footprint=GATERON_LOWPROFILE_HOTSWAP_SOCKET
Change Physical Footprint: Designator=S10 Old Footprint=GATERON_LOWPROFILE_HOTSWAP_SOCKET New Footprint=GATERON_LOWPROFILE_HOTSWAP_SOCKET
Change Physical Footprint: Designator=S11 Old Footprint=GATERON_LOWPROFILE_HOTSWAP_SOCKET New Footprint=GATERON_LOWPROFILE_HOTSWAP_SOCKET
Change Physical Footprint: Designator=S12 Old Footprint=GATERON_LOWPROFILE_HOTSWAP_SOCKET New Footprint=GATERON_LOWPROFILE_HOTSWAP_SOCKET
Change Physical Footprint: Designator=S13 Old Footprint=GATERON_LOWPROFILE_HOTSWAP_SOCKET New Footprint=GATERON_LOWPROFILE_HOTSWAP_SOCKET
Change Physical Footprint: Designator=S14 Old Footprint=GATERON_LOWPROFILE_HOTSWAP_SOCKET New Footprint=GATERON_LOWPROFILE_HOTSWAP_SOCKET
Change Physical Footprint: Designator=S15 Old Footprint=GATERON_LOWPROFILE_HOTSWAP_SOCKET New Footprint=GATERON_LOWPROFILE_HOTSWAP_SOCKET
Change Physical Footprint: Designator=S16 Old Footprint=GATERON_LOWPROFILE_HOTSWAP_SOCKET New Footprint=GATERON_LOWPROFILE_HOTSWAP_SOCKET
Change Physical Footprint: Designator=S17 Old Footprint=GATERON_LOWPROFILE_HOTSWAP_SOCKET New Footprint=GATERON_LOWPROFILE_HOTSWAP_SOCKET
Change Physical Footprint: Designator=S18 Old Footprint=GATERON_LOWPROFILE_HOTSWAP_SOCKET New Footprint=GATERON_LOWPROFILE_HOTSWAP_SOCKET
Change Physical Footprint: Designator=S19 Old Footprint=GATERON_LOWPROFILE_HOTSWAP_SOCKET New Footprint=GATERON_LOWPROFILE_HOTSWAP_SOCKET
Change Physical Footprint: Designator=S20 Old Footprint=GATERON_LOWPROFILE_HOTSWAP_SOCKET New Footprint=GATERON_LOWPROFILE_HOTSWAP_SOCKET
Change Physical Footprint: Designator=S21 Old Footprint=GATERON_LOWPROFILE_HOTSWAP_SOCKET New Footprint=GATERON_LOWPROFILE_HOTSWAP_SOCKET
Change Physical Footprint: Designator=S22 Old Footprint=GATERON_LOWPROFILE_HOTSWAP_SOCKET New Footprint=GATERON_LOWPROFILE_HOTSWAP_SOCKET
Change Physical Footprint: Designator=S23 Old Footprint=GATERON_LOWPROFILE_HOTSWAP_SOCKET New Footprint=GATERON_LOWPROFILE_HOTSWAP_SOCKET
Change Physical Footprint: Designator=S24 Old Footprint=GATERON_LOWPROFILE_HOTSWAP_SOCKET New Footprint=GATERON_LOWPROFILE_HOTSWAP_SOCKET
Change Physical Footprint: Designator=S25 Old Footprint=GATERON_LOWPROFILE_HOTSWAP_SOCKET New Footprint=GATERON_LOWPROFILE_HOTSWAP_SOCKET
Change Physical Footprint: Designator=S26 Old Footprint=GATERON_LOWPROFILE_HOTSWAP_SOCKET New Footprint=GATERON_LOWPROFILE_HOTSWAP_SOCKET
Change Physical Footprint: Designator=S27 Old Footprint=GATERON_LOWPROFILE_HOTSWAP_SOCKET New Footprint=GATERON_LOWPROFILE_HOTSWAP_SOCKET
Change Physical Footprint: Designator=S28 Old Footprint=GATERON_LOWPROFILE_HOTSWAP_SOCKET New Footprint=GATERON_LOWPROFILE_HOTSWAP_SOCKET
Change Physical Footprint: Designator=S29 Old Footprint=GATERON_LOWPROFILE_HOTSWAP_SOCKET New Footprint=GATERON_LOWPROFILE_HOTSWAP_SOCKET
Change Physical Footprint: Designator=S30 Old Footprint=GATERON_LOWPROFILE_HOTSWAP_SOCKET New Footprint=GATERON_LOWPROFILE_HOTSWAP_SOCKET
Change Physical Footprint: Designator=S31 Old Footprint=GATERON_LOWPROFILE_HOTSWAP_SOCKET New Footprint=GATERON_LOWPROFILE_HOTSWAP_SOCKET
Change Physical Footprint: Designator=S32 Old Footprint=GATERON_LOWPROFILE_HOTSWAP_SOCKET New Footprint=GATERON_LOWPROFILE_HOTSWAP_SOCKET
Change Physical Footprint: Designator=S33 Old Footprint=GATERON_LOWPROFILE_HOTSWAP_SOCKET New Footprint=GATERON_LOWPROFILE_HOTSWAP_SOCKET
Change Physical Footprint: Designator=S34 Old Footprint=GATERON_LOWPROFILE_HOTSWAP_SOCKET New Footprint=GATERON_LOWPROFILE_HOTSWAP_SOCKET
Change Physical Footprint: Designator=S35 Old Footprint=GATERON_LOWPROFILE_HOTSWAP_SOCKET New Footprint=GATERON_LOWPROFILE_HOTSWAP_SOCKET
Change Physical Footprint: Designator=S36 Old Footprint=GATERON_LOWPROFILE_HOTSWAP_SOCKET New Footprint=GATERON_LOWPROFILE_HOTSWAP_SOCKET
Change Physical Footprint: Designator=S37 Old Footprint=GATERON_LOWPROFILE_HOTSWAP_SOCKET New Footprint=GATERON_LOWPROFILE_HOTSWAP_SOCKET
Change Physical Footprint: Designator=S38 Old Footprint=GATERON_LOWPROFILE_HOTSWAP_SOCKET New Footprint=GATERON_LOWPROFILE_HOTSWAP_SOCKET
Change Physical Footprint: Designator=S39 Old Footprint=GATERON_LOWPROFILE_HOTSWAP_SOCKET New Footprint=GATERON_LOWPROFILE_HOTSWAP_SOCKET
Change Physical Footprint: Designator=S40 Old Footprint=GATERON_LOWPROFILE_HOTSWAP_SOCKET New Footprint=GATERON_LOWPROFILE_HOTSWAP_SOCKET
Change Physical Footprint: Designator=S41 Old Footprint=GATERON_LOWPROFILE_HOTSWAP_SOCKET New Footprint=GATERON_LOWPROFILE_HOTSWAP_SOCKET
Change Physical Footprint: Designator=S42 Old Footprint=GATERON_LOWPROFILE_HOTSWAP_SOCKET New Footprint=GATERON_LOWPROFILE_HOTSWAP_SOCKET
Change Physical Footprint: Designator=S43 Old Footprint=GATERON_LOWPROFILE_HOTSWAP_SOCKET New Footprint=GATERON_LOWPROFILE_HOTSWAP_SOCKET
Change Physical Footprint: Designator=S44 Old Footprint=GATERON_LOWPROFILE_HOTSWAP_SOCKET New Footprint=GATERON_LOWPROFILE_HOTSWAP_SOCKET
Change Physical Footprint: Designator=S45 Old Footprint=GATERON_LOWPROFILE_HOTSWAP_SOCKET New Footprint=GATERON_LOWPROFILE_HOTSWAP_SOCKET
Change Physical Footprint: Designator=S46 Old Footprint=GATERON_LOWPROFILE_HOTSWAP_SOCKET New Footprint=GATERON_LOWPROFILE_HOTSWAP_SOCKET
Change Physical Footprint: Designator=S47 Old Footprint=GATERON_LOWPROFILE_HOTSWAP_SOCKET New Footprint=GATERON_LOWPROFILE_HOTSWAP_SOCKET
Change Physical Footprint: Designator=S48 Old Footprint=GATERON_LOWPROFILE_HOTSWAP_SOCKET New Footprint=GATERON_LOWPROFILE_HOTSWAP_SOCKET
Change Physical Footprint: Designator=S49 Old Footprint=GATERON_LOWPROFILE_HOTSWAP_SOCKET New Footprint=GATERON_LOWPROFILE_HOTSWAP_SOCKET
Change Physical Footprint: Designator=S50 Old Footprint=GATERON_LOWPROFILE_HOTSWAP_SOCKET New Footprint=GATERON_LOWPROFILE_HOTSWAP_SOCKET
Change Physical Footprint: Designator=S51 Old Footprint=GATERON_LOWPROFILE_HOTSWAP_SOCKET New Footprint=GATERON_LOWPROFILE_HOTSWAP_SOCKET
Change Physical Footprint: Designator=S52 Old Footprint=GATERON_LOWPROFILE_HOTSWAP_SOCKET New Footprint=GATERON_LOWPROFILE_HOTSWAP_SOCKET
Change Physical Footprint: Designator=S53 Old Footprint=GATERON_LOWPROFILE_HOTSWAP_SOCKET New Footprint=GATERON_LOWPROFILE_HOTSWAP_SOCKET
Change Physical Footprint: Designator=S54 Old Footprint=GATERON_LOWPROFILE_HOTSWAP_SOCKET New Footprint=GATERON_LOWPROFILE_HOTSWAP_SOCKET
Change Physical Footprint: Designator=S55 Old Footprint=GATERON_LOWPROFILE_HOTSWAP_SOCKET New Footprint=GATERON_LOWPROFILE_HOTSWAP_SOCKET
Change Physical Footprint: Designator=S56 Old Footprint=GATERON_LOWPROFILE_HOTSWAP_SOCKET New Footprint=GATERON_LOWPROFILE_HOTSWAP_SOCKET
Change Physical Footprint: Designator=S57 Old Footprint=GATERON_LOWPROFILE_HOTSWAP_SOCKET New Footprint=GATERON_LOWPROFILE_HOTSWAP_SOCKET
Change Physical Footprint: Designator=S58 Old Footprint=GATERON_LOWPROFILE_HOTSWAP_SOCKET New Footprint=GATERON_LOWPROFILE_HOTSWAP_SOCKET
Change Physical Footprint: Designator=S59 Old Footprint=GATERON_LOWPROFILE_HOTSWAP_SOCKET New Footprint=GATERON_LOWPROFILE_HOTSWAP_SOCKET
Change Physical Footprint: Designator=S60 Old Footprint=GATERON_LOWPROFILE_HOTSWAP_SOCKET New Footprint=GATERON_LOWPROFILE_HOTSWAP_SOCKET
Change Physical Footprint: Designator=S61 Old Footprint=GATERON_LOWPROFILE_HOTSWAP_SOCKET New Footprint=GATERON_LOWPROFILE_HOTSWAP_SOCKET
Change Physical Footprint: Designator=S62 Old Footprint=GATERON_LOWPROFILE_HOTSWAP_SOCKET New Footprint=GATERON_LOWPROFILE_HOTSWAP_SOCKET
Change Physical Footprint: Designator=S63 Old Footprint=GATERON_LOWPROFILE_HOTSWAP_SOCKET New Footprint=GATERON_LOWPROFILE_HOTSWAP_SOCKET
Change Physical Footprint: Designator=S64 Old Footprint=GATERON_LOWPROFILE_HOTSWAP_SOCKET New Footprint=GATERON_LOWPROFILE_HOTSWAP_SOCKET
Change Physical Footprint: Designator=U1 Old Footprint=QFP50P900X900X160-48N New Footprint=QFP50P900X900X160-48N
Change Physical Footprint: Designator=U3 Old Footprint=SOT-23 New Footprint=SOT-23
