Removed Pin From Net: NetName=NetLED65_3 Pin=U1-15
Removed Pin From Net: NetName=NetLED70_3 Pin=U1-16
Change Component Comment : Designator=R1 Old Comment=333 New Comment=500
Added Component: Designator=R2(0603-CAPS)
Added Component: Designator=R3(0603-CAPS)
Added Component: Designator=U4(SOT95P280X145-6N)
Add component (AddParameter): Name = "Availability"; Value = "Good"; VariantName = "[No Variations]"
Add component (AddParameter): Name = "MF"; Value = "Texas Instruments"; VariantName = "[No Variations]"
Add component (AddParameter): Name = "MP"; Value = "SN74LVC1T45DBVR"; VariantName = "[No Variations]"
Add component (AddParameter): Name = "Package"; Value = "SOT-23-6 Texas Instruments"; VariantName = "[No Variations]"
Add component (AddParameter): Name = "Price"; Value = "None"; VariantName = "[No Variations]"
Add component (AddParameter): Name = "Purchase-URL"; Value = "https://pricing.snapeda.com/search/part/SN74LVC1T45DBVR/?ref=eda"; VariantName = "[No Variations]"
Add component (AddParameter): Name = "SnapEDA_Link"; Value = "https://www.snapeda.com/parts/SN74LVC1T45DBVR/Texas%20Instruments/view-part/106485/?ref=snap"; VariantName = "[No Variations]"
Add component (AddParameter): Name = "Value"; Value = ""; VariantName = "[No Variations]"
Added Component: Designator=U5(SOT95P280X145-6N)
Add component (AddParameter): Name = "Availability"; Value = "Good"; VariantName = "[No Variations]"
Add component (AddParameter): Name = "MF"; Value = "Texas Instruments"; VariantName = "[No Variations]"
Add component (AddParameter): Name = "MP"; Value = "SN74LVC1T45DBVR"; VariantName = "[No Variations]"
Add component (AddParameter): Name = "Package"; Value = "SOT-23-6 Texas Instruments"; VariantName = "[No Variations]"
Add component (AddParameter): Name = "Price"; Value = "None"; VariantName = "[No Variations]"
Add component (AddParameter): Name = "Purchase-URL"; Value = "https://pricing.snapeda.com/search/part/SN74LVC1T45DBVR/?ref=eda"; VariantName = "[No Variations]"
Add component (AddParameter): Name = "SnapEDA_Link"; Value = "https://www.snapeda.com/parts/SN74LVC1T45DBVR/Texas%20Instruments/view-part/106485/?ref=snap"; VariantName = "[No Variations]"
Add component (AddParameter): Name = "Value"; Value = ""; VariantName = "[No Variations]"
Added Pin To Net: NetName=NetLED65_3 Pin=R2-2
Added Pin To Net: NetName=NetLED70_3 Pin=R3-2
Added Pin To Net: NetName=+3.3V Pin=U4-1
Added Pin To Net: NetName=GND Pin=U4-2
Added Pin To Net: NetName=+3.3V Pin=U4-5
Added Pin To Net: NetName=VBUS Pin=U4-6
Added Pin To Net: NetName=+3.3V Pin=U5-1
Added Pin To Net: NetName=GND Pin=U5-2
Added Pin To Net: NetName=+3.3V Pin=U5-5
Added Pin To Net: NetName=VBUS Pin=U5-6
Added Pin To Net: NetName=LEDS_STAT_L Pin=U1-15
Added Pin To Net: NetName=LEDS_STAT_L Pin=U4-3
Added Net: Name=LEDS_STAT_L
Added Pin To Net: NetName=LEDS_STAT_R Pin=U1-16
Added Pin To Net: NetName=LEDS_STAT_R Pin=U5-3
Added Net: Name=LEDS_STAT_R
Added Pin To Net: NetName=NetR2_1 Pin=R2-1
Added Pin To Net: NetName=NetR2_1 Pin=U4-4
Added Net: Name=NetR2_1
Added Pin To Net: NetName=NetR3_1 Pin=R3-1
Added Pin To Net: NetName=NetR3_1 Pin=U5-4
Added Net: Name=NetR3_1
Added Member To Class: ClassName=U_MCU Member=Component R2 500
Added Member To Class: ClassName=U_MCU Member=Component R3 500
Added Member To Class: ClassName=U_MCU Member=Component U4 SN74LVC1T45DBVR
Added Member To Class: ClassName=U_MCU Member=Component U5 SN74LVC1T45DBVR
